WARNING: Logging before InitGoogleLogging() is written to STDERR
I0606 15:56:24.089546 2120796 Setup.cc:85] Generate the report at 2026-06-06T15:56:24
I0606 15:56:24.089690 2120796 Schema.cc:485] 
I0606 15:56:24.089696 2120796 Schema.cc:486] ====================== Runtime Routing / Wire RC =======================
+----------------------+-----------------------+------------------------------------------------------+
| Item                 | Value                 | Detail                                               |
+----------------------+-----------------------+------------------------------------------------------+
| routing_setup_source | Runtime Configuration | routing layer and wire width are reported once there |
| query_length         | 1.0000 um             | single-unit probe length                             |
| unit_resistance      | 914.000 uOhm/um       | derived from Wrapper::queryWireResistance            |
| unit_capacitance     | 1.383e-04 pF/um       | derived from Wrapper::queryWireCapacitance           |
| status               | ok                    | positive finite unit RC                              |
+----------------------+-----------------------+------------------------------------------------------+
I0606 15:56:24.089737 2120796 SchemaScope.cc:227] 
I0606 15:56:24.089743 2120796 SchemaScope.cc:228] [CTS][START] Clock tree synthesis API flow
I0606 15:56:24.089768 2120796 SchemaScope.cc:227] 
I0606 15:56:24.089773 2120796 SchemaScope.cc:228] [CTSReadData][START] Read CTS clock data
I0606 15:56:24.089840 2120796 SdcClockReader.cc:83] SdcClockReader: parsed 1 clock declaration(s) and 0 case-analysis record(s) from /home/liweiguo/project/ecc-tools-dev/scripts/design/ics55_dev/default.sdc
I0606 15:56:24.090628 2120796 LibParserCpp.cc:2702] load liberty file /home/liweiguo/PDK/icsprout55-pdk/IP/STD_cell/ics55_LLSC_H7C_V1p10C100/ics55_LLSC_H7CL/liberty/ics55_LLSC_H7CL_ss_rcworst_1p08_125_nldm.lib
I0606 15:56:25.826052 2120796 LibParserCpp.cc:2720] load liberty file /home/liweiguo/PDK/icsprout55-pdk/IP/STD_cell/ics55_LLSC_H7C_V1p10C100/ics55_LLSC_H7CL/liberty/ics55_LLSC_H7CL_ss_rcworst_1p08_125_nldm.lib success.
I0606 15:56:25.826082 2120796 LibParserCpp.cc:2730] link liberty file /home/liweiguo/PDK/icsprout55-pdk/IP/STD_cell/ics55_LLSC_H7C_V1p10C100/ics55_LLSC_H7CL/liberty/ics55_LLSC_H7CL_ss_rcworst_1p08_125_nldm.lib start.
I0606 15:56:25.826210 2120796 LibParserCpp.cc:1034] unkown attri name: voltage_map in /home/liweiguo/PDK/icsprout55-pdk/IP/STD_cell/ics55_LLSC_H7C_V1p10C100/ics55_LLSC_H7CL/liberty/ics55_LLSC_H7CL_ss_rcworst_1p08_125_nldm.lib line no 28
I0606 15:56:27.375351 2120796 LibParserCpp.cc:2757] link liberty file /home/liweiguo/PDK/icsprout55-pdk/IP/STD_cell/ics55_LLSC_H7C_V1p10C100/ics55_LLSC_H7CL/liberty/ics55_LLSC_H7CL_ss_rcworst_1p08_125_nldm.lib success.
I0606 15:56:27.375520 2120796 LibParserCpp.cc:2702] load liberty file /home/liweiguo/PDK/icsprout55-pdk/IP/STD_cell/ics55_LLSC_H7C_V1p10C100/ics55_LLSC_H7CR/liberty/ics55_LLSC_H7CR_ss_rcworst_1p08_125_nldm.lib
I0606 15:56:29.130919 2120796 LibParserCpp.cc:2720] load liberty file /home/liweiguo/PDK/icsprout55-pdk/IP/STD_cell/ics55_LLSC_H7C_V1p10C100/ics55_LLSC_H7CR/liberty/ics55_LLSC_H7CR_ss_rcworst_1p08_125_nldm.lib success.
I0606 15:56:29.130942 2120796 LibParserCpp.cc:2730] link liberty file /home/liweiguo/PDK/icsprout55-pdk/IP/STD_cell/ics55_LLSC_H7C_V1p10C100/ics55_LLSC_H7CR/liberty/ics55_LLSC_H7CR_ss_rcworst_1p08_125_nldm.lib start.
I0606 15:56:30.685168 2120796 LibParserCpp.cc:2757] link liberty file /home/liweiguo/PDK/icsprout55-pdk/IP/STD_cell/ics55_LLSC_H7C_V1p10C100/ics55_LLSC_H7CR/liberty/ics55_LLSC_H7CR_ss_rcworst_1p08_125_nldm.lib success.
I0606 15:56:30.685372 2120796 WrapperLiberty.cc:451] Wrapper: loaded 2 Liberty file(s) for CTS queries.
I0606 15:56:30.774261 2120796 Schema.cc:485] 
I0606 15:56:30.774284 2120796 Schema.cc:486] ========================= Clock Trace Overview =========================
+------------+---------+--------------+-------+----------+------------------------+---------------+--------------+----------------+------------+------------------------------+
| Clock      | Kind    | Master Clock | Net   | Status   | Dominance              | Target Kind   | Seq CK Sinks | Macro CK Sinks | Trace Path | Reason                       |
+------------+---------+--------------+-------+----------+------------------------+---------------+--------------+----------------+------------+------------------------------+
| core_clock | primary | self         | clk_i | accepted | owned_by_primary_clock | sequential_ck | 8751         | 0              | clk_i      | sdc_reachable_clock_sink_net |
+------------+---------+--------------+-------+----------+------------------------+---------------+--------------+----------------+------------+------------------------------+
I0606 15:56:30.774333 2120796 Schema.cc:485] 
I0606 15:56:30.774336 2120796 Schema.cc:486] ===================== SDC Clock Ownership Overview =====================
+------------+---------+--------------+-----------------+------------+-----------------+--------------+----------------+
| Clock      | Kind    | Master Clock | SDC Target Nets | Owned Nets | CTS Target Nets | Seq CK Sinks | Macro CK Sinks |
+------------+---------+--------------+-----------------+------------+-----------------+--------------+----------------+
| core_clock | primary | self         | clk_i           | clk_i      | clk_i           | 8751         | 0              |
+------------+---------+--------------+-----------------+------------+-----------------+--------------+----------------+
I0606 15:56:30.774349 2120796 Schema.cc:485] 
I0606 15:56:30.774353 2120796 Schema.cc:486] ======================= Unowned Clock-like Nets ========================
+-----+-----------+-------------+--------------+----------------+----------------------------+
| Net | Dominance | Target Kind | Seq CK Sinks | Macro CK Sinks | Reason                     |
+-----+-----------+-------------+--------------+----------------+----------------------------+
| n/a | none      | n/a         | 0            | 0              | no_unowned_clock_like_nets |
+-----+-----------+-------------+--------------+----------------+----------------------------+
I0606 15:56:30.774369 2120796 ClockTraceResolver.cc:200] ClockTraceResolver: accepted 1 CTS clock target net(s) from 1 SDC clock declaration(s); reported 0 unowned clock-like net(s).
I0606 15:56:30.819422 2120796 Schema.cc:485] 
I0606 15:56:30.819435 2120796 Schema.cc:486] =================== CTS Inst Classification Summary ====================
+-----------------+------------------------------+-------+
| Role            | Reason                       | Count |
+-----------------+------------------------------+-------+
| sequential_sink | liberty_sequential_clock_pin | 8751  |
+-----------------+------------------------------+-------+
I0606 15:56:30.819478 2120796 Schema.cc:485] 
I0606 15:56:30.819483 2120796 Schema.cc:486] ===================== Clock Distribution Overview ======================
+------------+------+-------------+----------------+-------------+---------------+
| Clock      | Nets | Total Sinks | FlipFlop Sinks | Macro Sinks | No-Inst Sinks |
+------------+------+-------------+----------------+-------------+---------------+
| core_clock | 1    | 8751        | 8751           | 0           | 0             |
| TOTAL      | 1    | 8751        | 8751           | 0           | 0             |
+------------+------+-------------+----------------+-------------+---------------+
I0606 15:56:30.819499 2120796 Schema.cc:492] 
I0606 15:56:30.819501 2120796 Schema.cc:493] ========================== ReadData Overview ===========================
+---------------------+----------+
| Field               | Value    |
+---------------------+----------+
| clock_source        | sdc      |
| status              | finished |
| sdc_declared_clocks | 1        |
| added_clock_nets    | 1        |
| total_clock_nets    | 1        |
+---------------------+----------+
I0606 15:56:30.819572 2120796 SchemaScope.cc:312] [CTSReadData][FINISHED] Read CTS clock data: status=finished, elapsed_time=6.729 s
I0606 15:56:30.819602 2120796 SchemaScope.cc:227] 
I0606 15:56:30.819610 2120796 SchemaScope.cc:228] [CTSFlow][START] Run CTS synthesis flow
I0606 15:56:30.862813 2120796 SchemaScope.cc:227] 
I0606 15:56:30.862823 2120796 SchemaScope.cc:228] [Topology][START] Prepare sink loads
I0606 15:56:30.866426 2120796 FastClustering.cc:152] Fast clustering collect entries: input_loads=8751, valid_entries=8751, elapsed_time=0.000 s
I0606 15:56:30.875588 2120796 FastClustering.cc:162] Fast clustering recursive partition: entries=8751, drafts=2189, avg_fanout=3.998, fanout_histogram=3=5,4=2184, elapsed_time=0.009 s
I0606 15:56:30.879699 2120796 FastClusteringPolish.cc:114] Fast clustering merge polish round 0: active_before=2189, active_after=2189, attempted_clusters=0, merges=0, changed=false, elapsed_time=0.004 s
I0606 15:56:30.885042 2120796 FastClusteringBoundaryPolish.cc:148] Fast clustering boundary polish round 0: active_sources=2189, selected_sources=698, considered_sources=698, moved_loads=2, min_moves_for_next_round=16, changed=true, order_elapsed_time=0.003 s, search_elapsed_time=0.002 s, elapsed_time=0.005 s
I0606 15:56:30.885079 2120796 FastClusteringPolish.cc:127] Fast clustering boundary polish: active_before=2189, active_after=2189, elapsed_time=0.005 s
I0606 15:56:30.885087 2120796 FastClusteringPolish.cc:133] Fast clustering polish done: active_clusters=2189, merge_attempted_clusters=0, total_merges=0, merge_elapsed_time=0.004 s, boundary_elapsed_time=0.005 s, total_elapsed_time=0.009 s
I0606 15:56:30.885092 2120796 FastClustering.cc:170] Fast clustering polish: drafts=2189, avg_fanout=3.998, fanout_histogram=3=5,4=2184, elapsed_time=0.009 s
I0606 15:56:32.263800 2120796 FastClustering.cc:184] Fast clustering finalize: clusters=2189, assigned_loads=8751, avg_fanout=3.998, fanout_histogram=3=5,4=2184, elapsed_time=1.379 s
I0606 15:56:32.263833 2120796 FastClustering.cc:188] Fast clustering done: loads=8751, clusters=2189, avg_fanout=3.998, total_elapsed_time=1.398 s, strategy=recursive_spatial_bisect
I0606 15:56:32.266206 2120796 SchemaScope.cc:312] [Topology][FINISHED] Prepare sink loads: status=finished, htree_sinks=2189, cluster_buffers=2189, elapsed_time=1.403 s
I0606 15:56:32.267278 2120796 SchemaScope.cc:227] 
I0606 15:56:32.267283 2120796 SchemaScope.cc:228] [Topology][START] Build downstream HTree
I0606 15:56:32.267297 2120796 SchemaScope.cc:227] 
I0606 15:56:32.267300 2120796 SchemaScope.cc:228] [HTree][START] build
I0606 15:56:32.267310 2120796 SchemaScope.cc:227] 
I0606 15:56:32.267314 2120796 SchemaScope.cc:228] [TopologyGen][START] Build H-tree topology for 2189 loads
I0606 15:56:32.267349 2120796 Schema.cc:492] 
I0606 15:56:32.267354 2120796 Schema.cc:493] ================ TopologyGen Load Distribution Summary =================
+---------------------------+------------------------+
| Field                     | Value                  |
+---------------------------+------------------------+
| load_count (local buffer) | 2189                   |
| bbox_min                  | (11400, 15050)         |
| bbox_max                  | (504450, 506450)       |
| span_width_height         | 493.050 x 491.400 um   |
| area                      | 242284.770 um^2        |
| sqrt_area                 | 492.224 um             |
| half_perimeter            | 492.225 um             |
| center                    | (282939.77, 289751.80) |
| median                    | (295500, 302751)       |
+---------------------------+------------------------+
I0606 15:56:32.267392 2120796 SchemaScope.cc:275] [TopologyGen][RUNNING] Embed coordinates and balance topology
I0606 15:56:32.292160 2120796 Schema.cc:492] 
I0606 15:56:32.292169 2120796 Schema.cc:493] ================ TopologyGen Root-To-Leaf Path Summary =================
+--------------------+------------+
| Field              | Value      |
+--------------------+------------+
| min_path_length    | 512.027 um |
| max_path_length    | 604.792 um |
| avg_path_length    | 562.445 um |
| valid_leaf_paths   | 2048       |
| invalid_leaf_paths | 0          |
+--------------------+------------+
I0606 15:56:32.292198 2120796 Schema.cc:492] 
I0606 15:56:32.292201 2120796 Schema.cc:493] =================== TopologyGen HTree Shape Summary ====================
+-------------+--------+
| Field       | Value  |
+-------------+--------+
| nodes       | 4095   |
| depth       | 11     |
| leaf_count  | 2048   |
| root_policy | median |
+-------------+--------+
I0606 15:56:32.292218 2120796 SchemaScope.cc:312] [TopologyGen][FINISHED] Build H-tree topology for 2189 loads: status=finished, nodes=4095, depth=11, leaf_count=2048, clock_name=core_clock, clock_net_name=clk_i, sink_domain=regular, stage=downstream_htree, root_policy=median, elapsed_time=0.024 s
I0606 15:56:32.292260 2120796 SchemaScope.cc:275] [HTree][RUNNING] characterization
I0606 15:56:32.292335 2120796 Schema.cc:485] 
I0606 15:56:32.292338 2120796 Schema.cc:486] =================== HTree Characterization Grid Plan ===================
+------------------------------+-----------------------------------+----------------------------------------------------------------------------------------------------+
| Item                         | Value                             | Detail                                                                                             |
+------------------------------+-----------------------------------+----------------------------------------------------------------------------------------------------+
| source                       | auto_derived                      | auto-derived from topology level lengths                                                           |
| resolved_wirelength_unit     | 23.5178 um                        | effective unit for the adapted characterization grid                                               |
| requested_level_lengths      | 12                                | average parent-child segment length per topology level plus caller-supplied source-to-root lengths |
| required_covering_iterations | 12                                | cover all topology level lengths under the resolved CharBuilder unit                               |
| direct_characterization_bins | 3                                 | direct-char bins after runtime cap                                                                 |
| distinct_level_bins          | 5                                 | aligned-length bins under resolved setup                                                           |
| decision_flags               | missing_config+direct_bins_capped | auto-derivation/adaptation trigger flags                                                           |
+------------------------------+-----------------------------------+----------------------------------------------------------------------------------------------------+
I0606 15:56:32.292373 2120796 SchemaScope.cc:227] 
I0606 15:56:32.292377 2120796 SchemaScope.cc:228] [CharBuilder][START] initialization
I0606 15:56:32.292394 2120796 Schema.cc:485] 
I0606 15:56:32.292397 2120796 Schema.cc:486] ========================== CharBuilder Setup ===========================
+-------------------+---------------------------+----------------------------------+
| Parameter         | Value                     | Source                           |
+-------------------+---------------------------+----------------------------------+
| wirelength_points | 3                         | HTree Characterization Grid Plan |
| routing_rc        | Runtime Routing / Wire RC | CharBuilderInput                 |
| buffer_count      | 4                         | resolved_buffers                 |
+-------------------+---------------------------+----------------------------------+
I0606 15:56:32.292431 2120796 Schema.cc:485] 
I0606 15:56:32.292435 2120796 Schema.cc:486] ====================== CharBuilder Sorted Buffers ======================
+-------+-------------+-----------+-----------+
| Index | Cell Master | Max Cap   | Input Cap |
+-------+-------------+-----------+-----------+
| 0     | BUFX8H7L    | 0.1922 pF | 0.0018 pF |
| 1     | BUFX12H7L   | 0.2909 pF | 0.0027 pF |
| 2     | BUFX16H7L   | 0.3848 pF | 0.0030 pF |
| 3     | BUFX20H7L   | 0.4817 pF | 0.0040 pF |
+-------+-------------+-----------+-----------+
I0606 15:56:32.292456 2120796 SchemaScope.cc:312] [CharBuilder][FINISHED] initialization: status=finished, buffers=4, wirelengths=3, slews=10, loads=10, elapsed_time=0.000 s
I0606 15:56:32.292477 2120796 SchemaScope.cc:227] 
I0606 15:56:32.292480 2120796 SchemaScope.cc:228] [CharBuilder][START] build
I0606 15:56:32.292486 2120796 SchemaScope.cc:275] [CharBuilder][RUNNING] wirelength=23.5178 um
I0606 15:56:32.293190 2120796 CharBuildOrchestrator.cc:156] CharBuilder: [RUNNING] wirelength=23.5178 um, generated_chars=470, generated_patterns=5, feasible_patterns=5, skipped_patterns=0, executed_sta_samples=490, skipped_sta_samples=10, output_slew_overflow_samples=20, driven_cap_overflow_samples=10, driven_cap_overflow_load_points=1
I0606 15:56:32.293200 2120796 SchemaScope.cc:275] [CharBuilder][RUNNING] wirelength=47.0357 um
I0606 15:56:32.296379 2120796 CharBuildOrchestrator.cc:156] CharBuilder: [RUNNING] wirelength=47.0357 um, generated_chars=1770, generated_patterns=19, feasible_patterns=19, skipped_patterns=0, executed_sta_samples=1890, skipped_sta_samples=10, output_slew_overflow_samples=120, driven_cap_overflow_samples=10, driven_cap_overflow_load_points=1
I0606 15:56:32.296388 2120796 SchemaScope.cc:275] [CharBuilder][RUNNING] wirelength=70.5535 um
I0606 15:56:32.302103 2120796 CharStaSampler.cc:85] CharBuilder: wirelength=70.5535 um progress 32/63 patterns (feasible=32, skipped=0, executed_sta_samples=3190, skipped_sta_samples=10)
I0606 15:56:32.309561 2120796 CharBuildOrchestrator.cc:156] CharBuilder: [RUNNING] wirelength=70.5535 um, generated_chars=5790, generated_patterns=63, feasible_patterns=63, skipped_patterns=0, executed_sta_samples=6290, skipped_sta_samples=10, output_slew_overflow_samples=500, driven_cap_overflow_samples=10, driven_cap_overflow_load_points=1
I0606 15:56:32.309629 2120796 Schema.cc:502] CharBuilder: output slew overflow occurred during characterization; samples were capped to the configured slew lattice.
I0606 15:56:32.309664 2120796 SchemaScope.cc:312] [CharBuilder][FINISHED] build: status=finished, segment_chars=8030, patterns=87, elapsed_time=0.017 s
I0606 15:56:32.309787 2120796 SchemaScope.cc:227] 
I0606 15:56:32.309793 2120796 SchemaScope.cc:228] [HTree][START] Synthesize segment frontiers
I0606 15:56:32.583521 2120796 SchemaScope.cc:312] [HTree][FINISHED] Synthesize segment frontiers: status=finished, length_sets=5, frontier_entries=21607, elapsed_time=0.273 s
I0606 15:56:32.584079 2120796 SchemaScope.cc:227] 
I0606 15:56:32.584216 2120796 SchemaScope.cc:228] [HTree][START] Search topology depth candidates
I0606 15:56:32.584367 2120796 SchemaScope.cc:227] 
I0606 15:56:32.584373 2120796 SchemaScope.cc:228] [HTreeDepth][START] Build pattern frontier
I0606 15:56:33.098901 2120796 SchemaScope.cc:227] 
I0606 15:56:33.098991 2120796 SchemaScope.cc:228] [HTreeDepth][START] Apply root-driver compensation
E0606 15:56:33.099061 2120796 Lib.cc:292] Warning: val outside table ranges:  val = 0; min_val = 0.0121961; max_val = 0.795659
E0606 15:56:33.099085 2120796 Lib.cc:292] Warning: val outside table ranges:  val = 0; min_val = 0.0121961; max_val = 0.795659
E0606 15:56:33.099094 2120796 Lib.cc:292] Warning: val outside table ranges:  val = 0; min_val = 0.0121961; max_val = 0.795659
E0606 15:56:33.099102 2120796 Lib.cc:292] Warning: val outside table ranges:  val = 0; min_val = 0.0121961; max_val = 0.795659
E0606 15:56:33.099108 2120796 Lib.cc:292] Warning: val outside table ranges:  val = 0; min_val = 0.0121961; max_val = 0.795659
E0606 15:56:33.099114 2120796 Lib.cc:292] Warning: val outside table ranges:  val = 0; min_val = 0.0121961; max_val = 0.795659
E0606 15:56:33.099120 2120796 Lib.cc:292] Warning: val outside table ranges:  val = 0; min_val = 0.0121961; max_val = 0.795659
E0606 15:56:33.099126 2120796 Lib.cc:292] Warning: val outside table ranges:  val = 0; min_val = 0.0121961; max_val = 0.795659
E0606 15:56:33.099144 2120796 Lib.cc:292] Warning: val outside table ranges:  val = 0; min_val = 0.0121961; max_val = 0.795659
E0606 15:56:33.099162 2120796 Lib.cc:292] Warning: val outside table ranges:  val = 0; min_val = 0.0121961; max_val = 0.795659
I0606 15:56:33.143412 2120796 SchemaScope.cc:312] [HTreeDepth][FINISHED] Apply root-driver compensation: status=finished, compensated_candidates=96693, strict_boundary_closure=true, strict_slew_boundary_closure=true, boundary_input_candidates=108025, boundary_closed_candidates=96693, boundary_rejected_candidates=11332, cap_bucket_mismatches=0, slew_bucket_mismatches=11332, invalid_compensations=0, unique_direct_lookups=28, direct_cache_hits=107997, load_resolutions=1320, load_resolution_cache_hits=106705, flute_route_estimates=1320, hpwl_route_estimates=0, elapsed_time=0.044 s
I0606 15:56:33.155256 2120796 SchemaScope.cc:312] [HTreeDepth][FINISHED] Build pattern frontier: status=finished, frontier_entries=76261, topology_patterns=120393, elapsed_time=0.570 s
I0606 15:56:33.155874 2120796 SchemaScope.cc:227] 
I0606 15:56:33.155882 2120796 SchemaScope.cc:228] [HTreeDepth][START] Filter sink-load region
I0606 15:56:33.205101 2120796 SchemaScope.cc:312] [HTreeDepth][FINISHED] Filter sink-load region: status=finished, feasible_frontier_entries=52140, elapsed_time=0.049 s
I0606 15:56:33.219013 2120796 SchemaScope.cc:227] 
I0606 15:56:33.219022 2120796 SchemaScope.cc:228] [HTreeDepth][START] Build pattern frontier
I0606 15:56:33.591982 2120796 SchemaScope.cc:227] 
I0606 15:56:33.592063 2120796 SchemaScope.cc:228] [HTreeDepth][START] Apply root-driver compensation
I0606 15:56:33.625891 2120796 SchemaScope.cc:312] [HTreeDepth][FINISHED] Apply root-driver compensation: status=finished, compensated_candidates=94465, strict_boundary_closure=true, strict_slew_boundary_closure=true, boundary_input_candidates=103960, boundary_closed_candidates=94465, boundary_rejected_candidates=9495, cap_bucket_mismatches=0, slew_bucket_mismatches=9495, invalid_compensations=0, unique_direct_lookups=0, direct_cache_hits=103960, load_resolutions=0, load_resolution_cache_hits=103960, flute_route_estimates=0, hpwl_route_estimates=0, elapsed_time=0.034 s
I0606 15:56:33.636922 2120796 SchemaScope.cc:312] [HTreeDepth][FINISHED] Build pattern frontier: status=finished, frontier_entries=75585, topology_patterns=113731, elapsed_time=0.417 s
I0606 15:56:33.637403 2120796 SchemaScope.cc:227] 
I0606 15:56:33.637411 2120796 SchemaScope.cc:228] [HTreeDepth][START] Filter sink-load region
I0606 15:56:33.666260 2120796 SchemaScope.cc:312] [HTreeDepth][FINISHED] Filter sink-load region: status=finished, feasible_frontier_entries=0, elapsed_time=0.028 s
I0606 15:56:33.666419 2120796 SchemaScope.cc:227] 
I0606 15:56:33.666424 2120796 SchemaScope.cc:228] [HTreeDepth][START] Build pattern frontier
I0606 15:56:34.005082 2120796 SchemaScope.cc:227] 
I0606 15:56:34.005153 2120796 SchemaScope.cc:228] [HTreeDepth][START] Apply root-driver compensation
I0606 15:56:34.030505 2120796 SchemaScope.cc:312] [HTreeDepth][FINISHED] Apply root-driver compensation: status=finished, compensated_candidates=70918, strict_boundary_closure=true, strict_slew_boundary_closure=true, boundary_input_candidates=79235, boundary_closed_candidates=70918, boundary_rejected_candidates=8317, cap_bucket_mismatches=0, slew_bucket_mismatches=8317, invalid_compensations=0, unique_direct_lookups=0, direct_cache_hits=79235, load_resolutions=0, load_resolution_cache_hits=79235, flute_route_estimates=0, hpwl_route_estimates=0, elapsed_time=0.025 s
I0606 15:56:34.038956 2120796 SchemaScope.cc:312] [HTreeDepth][FINISHED] Build pattern frontier: status=finished, frontier_entries=56874, topology_patterns=87855, elapsed_time=0.372 s
I0606 15:56:34.039228 2120796 SchemaScope.cc:227] 
I0606 15:56:34.039234 2120796 SchemaScope.cc:228] [HTreeDepth][START] Filter sink-load region
I0606 15:56:34.060835 2120796 SchemaScope.cc:312] [HTreeDepth][FINISHED] Filter sink-load region: status=finished, feasible_frontier_entries=0, elapsed_time=0.021 s
I0606 15:56:34.060992 2120796 SchemaScope.cc:227] 
I0606 15:56:34.060997 2120796 SchemaScope.cc:228] [HTreeDepth][START] Build pattern frontier
I0606 15:56:34.315045 2120796 SchemaScope.cc:227] 
I0606 15:56:34.315101 2120796 SchemaScope.cc:228] [HTreeDepth][START] Apply root-driver compensation
I0606 15:56:34.337833 2120796 SchemaScope.cc:312] [HTreeDepth][FINISHED] Apply root-driver compensation: status=finished, compensated_candidates=67328, strict_boundary_closure=true, strict_slew_boundary_closure=true, boundary_input_candidates=74140, boundary_closed_candidates=67328, boundary_rejected_candidates=6812, cap_bucket_mismatches=0, slew_bucket_mismatches=6812, invalid_compensations=0, unique_direct_lookups=0, direct_cache_hits=74140, load_resolutions=0, load_resolution_cache_hits=74140, flute_route_estimates=0, hpwl_route_estimates=0, elapsed_time=0.022 s
I0606 15:56:34.345938 2120796 SchemaScope.cc:312] [HTreeDepth][FINISHED] Build pattern frontier: status=finished, frontier_entries=54768, topology_patterns=80778, elapsed_time=0.284 s
I0606 15:56:34.346163 2120796 SchemaScope.cc:227] 
I0606 15:56:34.346169 2120796 SchemaScope.cc:228] [HTreeDepth][START] Filter sink-load region
I0606 15:56:34.366689 2120796 SchemaScope.cc:312] [HTreeDepth][FINISHED] Filter sink-load region: status=finished, feasible_frontier_entries=0, elapsed_time=0.020 s
I0606 15:56:34.367041 2120796 SchemaScope.cc:312] [HTree][FINISHED] Search topology depth candidates: status=finished, evaluated_depths=4, global_feasible_refs=391, global_candidate_refs=0, compensated_candidates=329404, elapsed_time=1.783 s
I0606 15:56:34.367058 2120796 SchemaScope.cc:227] 
I0606 15:56:34.367062 2120796 SchemaScope.cc:228] [HTree][START] Filter global sink-load coverage
I0606 15:56:34.367127 2120796 SchemaScope.cc:312] [HTree][FINISHED] Filter global sink-load coverage: status=finished, covered_feasible_refs=391, covered_candidate_refs=0, first_feasible_failure=none, first_candidate_failure=none, elapsed_time=0.000 s
I0606 15:56:34.367141 2120796 SchemaScope.cc:227] 
I0606 15:56:34.367143 2120796 SchemaScope.cc:228] [HTree][START] Select global topology
I0606 15:56:34.367208 2120796 SchemaScope.cc:312] [HTree][FINISHED] Select global topology: status=finished, feasible_pareto_refs=391, candidate_pareto_refs=0, selected_from=strict_feasible, elapsed_time=0.000 s
I0606 15:56:34.367259 2120796 SchemaScope.cc:227] 
I0606 15:56:34.367262 2120796 SchemaScope.cc:228] [HTree][START] Resolve selected sink-load legality
I0606 15:56:34.367274 2120796 SchemaScope.cc:312] [HTree][FINISHED] Resolve selected sink-load legality: status=finished, legal=true, required_leaf_load_cap_idx=1, failure_reason=none, elapsed_time=0.000 s
I0606 15:56:34.367287 2120796 SchemaScope.cc:227] 
I0606 15:56:34.367291 2120796 SchemaScope.cc:228] [HTree][START] Resolve selected root-driver compensation
I0606 15:56:34.367367 2120796 SchemaScope.cc:312] [HTree][FINISHED] Resolve selected root-driver compensation: status=finished, valid=true, cell_master=BUFX20H7L, load_cap_pf=0.044491, elapsed_time=0.000 s
I0606 15:56:34.367411 2120796 SchemaScope.cc:227] 
I0606 15:56:34.367415 2120796 SchemaScope.cc:228] [HTree][START] Build selected embedding
I0606 15:56:34.384502 2120796 SchemaScope.cc:312] [HTree][FINISHED] Build selected embedding: status=finished, inserted_insts=806, inserted_nets=806, pruned_leaf_single_load_buffers=1924, elapsed_time=0.016 s
I0606 15:56:34.384521 2120796 SchemaScope.cc:227] 
I0606 15:56:34.384526 2120796 SchemaScope.cc:228] [HTree][START] Emit synthesis summary
I0606 15:56:34.384756 2120796 SchemaScope.cc:312] [HTree][FINISHED] Emit synthesis summary: status=finished, elapsed_time=0.000 s
I0606 15:56:34.384766 2120796 SchemaScope.cc:312] [HTree][FINISHED] build: status=finished, selection_engine=discrete, elapsed_time=2.117 s
I0606 15:56:34.389501 2120796 SchemaScope.cc:312] [Topology][FINISHED] Build downstream HTree: status=finished, selected_depth=11, inserted_insts=806, inserted_nets=806, elapsed_time=2.122 s
I0606 15:56:34.389557 2120796 SchemaScope.cc:227] 
I0606 15:56:34.389561 2120796 SchemaScope.cc:228] [Topology][START] Emit cluster leaf distance report
I0606 15:56:34.389694 2120796 SchemaScope.cc:312] [Topology][FINISHED] Emit cluster leaf distance report: status=finished, cluster_leaf_pairs=2189, mean_distance_um=9.708263, elapsed_time=0.000 s
I0606 15:56:34.389715 2120796 SchemaScope.cc:227] 
I0606 15:56:34.389719 2120796 SchemaScope.cc:228] [Topology][START] Commit sink domain layout
I0606 15:56:34.418855 2120796 SchemaScope.cc:312] [Topology][FINISHED] Commit sink domain layout: status=finished, elapsed_time=0.029 s
I0606 15:56:34.420177 2120796 SchemaScope.cc:227] 
I0606 15:56:34.420183 2120796 SchemaScope.cc:228] [Topology][START] Build source trunk
I0606 15:56:34.428351 2120796 SchemaScope.cc:227] 
I0606 15:56:34.428359 2120796 SchemaScope.cc:228] [SourceTrunk][START] Dispatch source trunk synthesis
W0606 15:56:34.428399 2120796 WrapperLiberty.cc:291] Clock-source drive-cap query uses configured max_cap=0.15 pF as the hard source boundary for clk_i because source-specific Liberty cap limit is unavailable.
I0606 15:56:34.428407 2120796 SchemaScope.cc:227] 
I0606 15:56:34.428411 2120796 SchemaScope.cc:228] [SourceTrunkSegment][START] Ensure characterization
I0606 15:56:34.428421 2120796 SchemaScope.cc:312] [SourceTrunkSegment][FINISHED] Ensure characterization: status=finished, elapsed_time=0.000 s
I0606 15:56:34.428431 2120796 SchemaScope.cc:227] 
I0606 15:56:34.428435 2120796 SchemaScope.cc:228] [SourceTrunkSegment][START] Synthesize segment frontier
I0606 15:56:41.140841 2120796 SchemaScope.cc:312] [SourceTrunkSegment][FINISHED] Synthesize segment frontier: status=finished, length_sets=5, frontier_entries=16830, elapsed_time=6.711 s
I0606 15:56:41.141742 2120796 SchemaScope.cc:227] 
I0606 15:56:41.142455 2120796 SchemaScope.cc:228] [SourceTrunkSegment][START] Select segment candidate
I0606 15:56:41.143945 2120796 SchemaScope.cc:312] [SourceTrunkSegment][FINISHED] Select segment candidate: status=finished, strict_candidates=16830, relaxed_candidates=0, used_boundary_relaxation=false, selected_pattern_id=8733997, elapsed_time=0.003 s
I0606 15:56:41.143968 2120796 SchemaScope.cc:227] 
I0606 15:56:41.143972 2120796 SchemaScope.cc:228] [SourceTrunkSegment][START] Build segment objects
I0606 15:56:41.143985 2120796 SchemaScope.cc:312] [SourceTrunkSegment][FINISHED] Build segment objects: status=finished, inserted_insts=0, inserted_nets=0, elapsed_time=0.000 s
I0606 15:56:41.150049 2120796 SchemaScope.cc:312] [SourceTrunk][FINISHED] Dispatch source trunk synthesis: status=finished, stage=top_segment, inserted_insts=0, inserted_nets=0, used_boundary_relaxation=false, elapsed_time=6.721 s
I0606 15:56:41.150077 2120796 SchemaScope.cc:312] [Topology][FINISHED] Build source trunk: status=finished, stage=top_segment, inserted_insts=0, inserted_nets=0, used_boundary_relaxation=false, elapsed_time=6.730 s
I0606 15:56:41.150092 2120796 SchemaScope.cc:227] 
I0606 15:56:41.150095 2120796 SchemaScope.cc:228] [Topology][START] Commit source trunk layout
I0606 15:56:41.150156 2120796 SchemaScope.cc:312] [Topology][FINISHED] Commit source trunk layout: status=finished, elapsed_time=0.000 s
I0606 15:56:41.152909 2120796 Synthesis.cc:398] CTS clock-tree synthesis finished with 1 successful, 0 skipped, 0 failed clocks.
I0606 15:56:41.152931 2120796 Schema.cc:492] 
I0606 15:56:41.152935 2120796 Schema.cc:493] ================== CTS Clock Tree Synthesis Overview ===================
+--------------------+----------+
| Field              | Value    |
+--------------------+----------+
| status             | finished |
| total_clocks       | 1        |
| finished_clocks    | 1        |
| skipped_clocks     | 0        |
| failed_clocks      | 0        |
| total_sink_domains | 1        |
| hard_macro_sinks   | 0        |
| regular_sinks      | 8751     |
+--------------------+----------+
I0606 15:56:41.152956 2120796 Schema.cc:485] 
I0606 15:56:41.152959 2120796 Schema.cc:486] ===================== CTS Clock Tree Sink Domains ======================
+------------+-------+----------+----------------+-------------+--------------+-------------+
| Clock      | Net   | Status   | Sink Domain    | Valid Sinks | Domain Sinks | Detail      |
+------------+-------+----------+----------------+-------------+--------------+-------------+
| core_clock | clk_i | finished | regular        | 8751        | 8751         | synthesis   |
| core_clock | clk_i | finished | source_to_root | 8751        | 1            | top_segment |
+------------+-------+----------+----------------+-------------+--------------+-------------+
I0606 15:56:41.153019 2120796 SchemaScope.cc:312] [CTSFlow][FINISHED] Run CTS synthesis flow: status=finished, elapsed_time=10.333 s
I0606 15:56:41.158218 2120796 SchemaScope.cc:227] 
I0606 15:56:41.158227 2120796 SchemaScope.cc:228] [Optimization][START] Optimize synthesized CTS buffers with CTS fast STA
I0606 15:56:41.170956 2120796 Schema.cc:492] 
I0606 15:56:41.170965 2120796 Schema.cc:493] ======================== CTS Optimization Setup ========================
+------------------------+--------------------------+
| Field                  | Value                    |
+------------------------+--------------------------+
| timing_source          | cts_fast_sta_incremental |
| target_skew            | 0.0800 ns                |
| candidate_master_count | 4                        |
+------------------------+--------------------------+
I0606 15:56:41.170991 2120796 Schema.cc:492] 
I0606 15:56:41.170995 2120796 Schema.cc:493] =================== CTS Optimization Global Profile ====================
+-------------------------+----------+
| Field                   | Value    |
+-------------------------+----------+
| build_route_tree_cache  | 0.0127 s |
| cached_route_tree_count | 2997     |
+-------------------------+----------+
I0606 15:56:41.171554 2120796 FastSta.cc:178] FastSTA: start build clock context for clock "core_clock".
I0606 15:56:41.180058 2120796 FastStaBuilder.cc:63] FastStaBuilder: build clock route geometry graph for clock "core_clock" finished in 0.0084974 s, nodes=14744, nets=2997, liberty_cells=0.
I0606 15:56:41.180073 2120796 FastStaBuilder.cc:63] FastStaBuilder: apply bound environment for clock "core_clock" finished in 4e-08 s, nodes=14744, nets=2997, liberty_cells=0.
I0606 15:56:41.188778 2120796 FastStaBuilder.cc:63] FastStaBuilder: apply route geometry parasitics for clock "core_clock" finished in 0.00870181 s, nodes=14744, nets=2997, liberty_cells=0.
I0606 15:56:41.195722 2120796 FastStaBuilder.cc:63] FastStaBuilder: collect sink pin caps for clock "core_clock" finished in 0.00693517 s, nodes=14744, nets=2997, liberty_cells=0.
W0606 15:56:41.195732 2120796 WrapperLiberty.cc:191] Characterization query [output pin cap table-axis max] for liberty cell "DFFQX1H7L" failed: no buffer timing arcs are available; return 0.0.
W0606 15:56:41.195737 2120796 WrapperLiberty.cc:191] Characterization query [input pin slew table-axis max] for liberty cell "DFFQX1H7L" failed: no buffer timing arcs are available; return 0.0.
I0606 15:56:41.196602 2120796 FastStaBuilder.cc:63] FastStaBuilder: collect Liberty and clock timing records for clock "core_clock" finished in 0.000871726 s, nodes=14744, nets=2997, liberty_cells=3.
I0606 15:56:41.196609 2120796 FastStaBuilder.cc:196] FastStaBuilder: build clock context for clock "core_clock" finished in 0.0250497 s.
I0606 15:56:41.196612 2120796 FastSta.cc:180] FastSTA: clock context build finished in 0.0250593 s.
I0606 15:56:41.196616 2120796 FastSta.cc:58] FastSTA route geometry context: clock="core_clock", nodes=14744, nets=2997, liberty_cells=3.
I0606 15:56:41.196620 2120796 FastSta.cc:187] FastSTA: start initial timing update for clock "core_clock".
I0606 15:56:41.227240 2120796 FastSta.cc:189] FastSTA: initial timing update for clock "core_clock" finished in 0.0306227 s.
I0606 15:56:41.227252 2120796 FastSta.cc:193] FastSTA: start initial power update for clock "core_clock".
I0606 15:56:41.255522 2120796 FastSta.cc:195] FastSTA: initial power update for clock "core_clock" finished in 0.0282727 s.
I0606 15:56:41.255533 2120796 FastSta.cc:197] FastSTA: build clock context for clock "core_clock" finished in 0.0839802 s.
I0606 15:56:41.255551 2120796 OptimizationPreparation.cc:277] Optimization: start route-tree injection for clock "core_clock", dag_nets=2997, cached_route_trees=2997.
I0606 15:56:41.255566 2120796 OptimizationPreparation.cc:290] Optimization: route-tree injection start net 1/2997 "clk_i", loads=1, route_nodes=2, route_edges=1.
I0606 15:56:41.255582 2120796 OptimizationPreparation.cc:305] Optimization: route-tree injection finish net 1/2997 "clk_i" in 3.467e-06 s.
I0606 15:56:41.255587 2120796 OptimizationPreparation.cc:290] Optimization: route-tree injection start net 2/2997 "cts_flow_clk_0_core_clock_regular_downstream_net", loads=2, route_nodes=3, route_edges=2.
I0606 15:56:41.255594 2120796 OptimizationPreparation.cc:305] Optimization: route-tree injection finish net 2/2997 "cts_flow_clk_0_core_clock_regular_downstream_net" in 2.635e-06 s.
I0606 15:56:41.255597 2120796 OptimizationPreparation.cc:290] Optimization: route-tree injection start net 3/2997 "cts_flow_clk_0_core_clock_regular_cluster_sink_net_0", loads=4, route_nodes=7, route_edges=6.
I0606 15:56:41.255604 2120796 OptimizationPreparation.cc:305] Optimization: route-tree injection finish net 3/2997 "cts_flow_clk_0_core_clock_regular_cluster_sink_net_0" in 4.007e-06 s.
I0606 15:56:41.255609 2120796 OptimizationPreparation.cc:290] Optimization: route-tree injection start net 4/2997 "cts_flow_clk_0_core_clock_regular_cluster_sink_net_1", loads=4, route_nodes=7, route_edges=6.
I0606 15:56:41.255615 2120796 OptimizationPreparation.cc:305] Optimization: route-tree injection finish net 4/2997 "cts_flow_clk_0_core_clock_regular_cluster_sink_net_1" in 3.306e-06 s.
I0606 15:56:41.255620 2120796 OptimizationPreparation.cc:290] Optimization: route-tree injection start net 5/2997 "cts_flow_clk_0_core_clock_regular_cluster_sink_net_2", loads=4, route_nodes=7, route_edges=6.
I0606 15:56:41.255627 2120796 OptimizationPreparation.cc:305] Optimization: route-tree injection finish net 5/2997 "cts_flow_clk_0_core_clock_regular_cluster_sink_net_2" in 4.278e-06 s.
I0606 15:56:41.263394 2120796 OptimizationPreparation.cc:315] Optimization: route-tree injection finished for clock "core_clock" in 0.00784589 s, injected_nets=2997, rc_nodes=20419, rc_edges=17422.
I0606 15:56:41.263499 2120796 OptimizationPreparation.cc:320] Optimization: start post-injection timing update for clock "core_clock".
I0606 15:56:41.293715 2120796 OptimizationPreparation.cc:324] Optimization: post-injection timing update for clock "core_clock" finished in 0.0303102 s.
I0606 15:56:41.293725 2120796 OptimizationPreparation.cc:328] Optimization: start post-injection power update for clock "core_clock".
I0606 15:56:41.321765 2120796 OptimizationPreparation.cc:332] Optimization: post-injection power update for clock "core_clock" finished in 0.0280425 s.
I0606 15:56:41.323170 2120796 Optimization.cc:257] Optimization: clock "core_clock" uses exact full-power batch solver.
I0606 15:56:41.332439 2120796 OptimizationSolver.cc:209] Optimization: solve iteration 1 starts with current_skew=0.0810936 ns, current_area=8533.28 um^2, candidates=423, total_trials=0.
I0606 15:56:41.332449 2120796 OptimizationSolver.cc:221] Optimization: start batch trial 1, candidate=1/423, edit_count=2.
I0606 15:56:41.449927 2120796 OptimizationSolver.cc:253] Optimization: batch trial progress, iteration=1, candidate=1/423, total_trials=1, trial_runtime=0.117441 s, iteration_runtime=0.117484 s, best_skew=0.0809875 ns.
I0606 15:56:41.449944 2120796 OptimizationSolver.cc:221] Optimization: start batch trial 2, candidate=2/423, edit_count=3.
I0606 15:56:41.567070 2120796 OptimizationSolver.cc:253] Optimization: batch trial progress, iteration=1, candidate=2/423, total_trials=2, trial_runtime=0.11709 s, iteration_runtime=0.234625 s, best_skew=0.0809875 ns.
I0606 15:56:41.567085 2120796 OptimizationSolver.cc:221] Optimization: start batch trial 3, candidate=3/423, edit_count=4.
I0606 15:56:41.684176 2120796 OptimizationSolver.cc:243] Optimization: target skew reached by exact batch trial, iteration=1, candidate=3/423, total_trials=3, trial_runtime=0.117056 s, iteration_runtime=0.351732 s, target_skew=0.08 ns, candidate_skew=0.0745563 ns, candidate_area=8537.76 um^2.
I0606 15:56:41.743067 2120796 OptimizationSolver.cc:394] Optimization: accepted batch 1, edit_count=4, skew=0.0745563 ns, area=8537.76 um^2, total_trials=3.
I0606 15:56:41.744334 2120796 Schema.cc:492] 
I0606 15:56:41.744341 2120796 Schema.cc:493] ==================== CTS Optimization Clock Summary ====================
+-------------------------------------+------------------------+
| Field                               | Value                  |
+-------------------------------------+------------------------+
| clock                               | core_clock             |
| runtime                             | 0.5724 s               |
| target_skew                         | 0.0800 ns              |
| initial_skew                        | 0.0811 ns              |
| optimized_skew                      | 0.0746 ns              |
| improvement                         | 0.0065 ns              |
| initial_area                        | 8533.2800 um^2         |
| optimized_area                      | 8537.7600 um^2         |
| area_delta                          | 4.4800 um^2            |
| iteration_count                     | 1                      |
| trial_count                         | 3                      |
| batch_trial_count                   | 3                      |
| accepted_batch_count                | 1                      |
| accepted_edit_count                 | 4                      |
| rejected_candidate_count            | 0                      |
| cap_rejected_count                  | 0                      |
| slew_rejected_count                 | 0                      |
| cap_legal                           | true                   |
| initial_slew_violation_count        | 0                      |
| initial_buffer_slew_violation_count | 0                      |
| initial_sink_slew_violation_count   | 0                      |
| slew_legal                          | true                   |
| slew_violation_count                | 0                      |
| buffer_slew_violation_count         | 0                      |
| sink_slew_violation_count           | 0                      |
| target_met                          | true                   |
| solve_mode                          | exact_full_power_batch |
| stop_reason                         | target_met             |
+-------------------------------------+------------------------+
I0606 15:56:41.744410 2120796 Schema.cc:485] 
I0606 15:56:41.744413 2120796 Schema.cc:486] ================= CTS Optimization Master Transitions ==================
+-----------------------+-------+
| Transition            | Count |
+-----------------------+-------+
| BUFX8H7L -> BUFX12H7L | 4     |
+-----------------------+-------+
I0606 15:56:41.744426 2120796 Schema.cc:492] 
I0606 15:56:41.744428 2120796 Schema.cc:493] ================= CTS Optimization Clock Graph Profile =================
+---------------------------+------------+
| Field                     | Value      |
+---------------------------+------------+
| clock                     | core_clock |
| node_count                | 14744      |
| net_count                 | 2997       |
| sink_count                | 8751       |
| buffer_input_count        | 2996       |
| buffer_output_count       | 2996       |
| optimizable_buffer_count  | 2996       |
| generated_candidate_count | 423        |
+---------------------------+------------+
I0606 15:56:41.744459 2120796 Schema.cc:485] 
I0606 15:56:41.744463 2120796 Schema.cc:486] ================ CTS Optimization Clock Runtime Profile ================
+-----------------------------+-------------+
| Stage                       | Runtime     |
+-----------------------------+-------------+
| build_route_tree_cache      | 0.0127 s    |
| build_fast_sta_context      | 0.0845 s    |
| inject_route_trees          | 0.0662 s    |
| collect_optimizable_buffers | 7.458e-04 s |
| collect_cap_baseline        | 1.246e-04 s |
| collect_slew_baseline       | 5.130e-04 s |
| solve_clock_total           | 0.4202 s    |
| capture_initial_state       | 3.566e-04 s |
| build_topology_index        | 0.0011 s    |
| generate_batch_candidates   | 0.0078 s    |
| batch_trial_eval            | 0.3516 s    |
| apply_accepted_batch        | 0.0588 s    |
| apply_accepted_edits        | 8.119e-04 s |
+-----------------------------+-------------+
I0606 15:56:41.744684 2120796 Schema.cc:492] 
I0606 15:56:41.744689 2120796 Schema.cc:493] ======================= CTS Optimization Summary =======================
+-----------------------+-----------+
| Field                 | Value     |
+-----------------------+-----------+
| runtime               | 0.5864 s  |
| clock_count           | 1         |
| optimized_clock_count | 1         |
| accepted_edit_count   | 4         |
| status                | optimized |
+-----------------------+-----------+
I0606 15:56:41.744706 2120796 Optimization.cc:312] CTS optimization finished with 4 accepted sizing edits across 1 clocks.
I0606 15:56:41.744745 2120796 SchemaScope.cc:312] [Optimization][FINISHED] Optimize synthesized CTS buffers with CTS fast STA: status=finished, accepted_edit_count=4, elapsed_time=0.586 s
I0606 15:56:41.754405 2120796 SchemaScope.cc:227] 
I0606 15:56:41.754417 2120796 SchemaScope.cc:228] [Instantiation][START] Instantiate synthesized CTS topology into iDB
I0606 15:56:41.855156 2120796 Schema.cc:492] 
I0606 15:56:41.855176 2120796 Schema.cc:493] ====================== CTS Instantiation Overview ======================
+----------------+---------------+
| Field          | Value         |
+----------------+---------------+
| semantic_owner | instantiation |
| status         | finished      |
| design_ready   | true          |
| clock_count    | 1             |
+----------------+---------------+
I0606 15:56:41.855235 2120796 SchemaScope.cc:312] [Instantiation][FINISHED] Instantiate synthesized CTS topology into iDB: status=finished, clock_count=1, elapsed_time=0.100 s
I0606 15:56:41.855264 2120796 SchemaScope.cc:227] 
I0606 15:56:41.855269 2120796 SchemaScope.cc:228] [Evaluation][START] Evaluate CTS clock tree
I0606 15:56:41.906270 2120796 Schema.cc:492] 
I0606 15:56:41.906281 2120796 Schema.cc:493] ======================= CTS Evaluation Overview ========================
+---------------------------+---------------------------------------------------+
| Field                     | Value                                             |
+---------------------------+---------------------------------------------------+
| qor_metric_status         | available                                         |
| physical_metric_source    | cts_clock_tree                                    |
| clock_member_buffer_count | 2996                                              |
| path_depth_metric_status  | available                                         |
| clock_path_min_buffer     | 7                                                 |
| clock_path_max_buffer     | 8                                                 |
| max_level_of_clock_tree   | 8                                                 |
| design_units              | 1000 DBU/um                                       |
| statistics_reports        | wirelength.rpt, cell_stats.rpt, lib_cell_dist.rpt |
+---------------------------+---------------------------------------------------+
I0606 15:56:41.906394 2120796 SchemaScope.cc:312] [Evaluation][FINISHED] Evaluate CTS clock tree: status=finished, elapsed_time=0.051 s
I0606 15:56:41.906430 2120796 SchemaScope.cc:275] [CTS][RUNNING] Main CTS flow finished
I0606 15:56:41.906438 2120796 SchemaScope.cc:312] [CTS][FINISHED] Clock tree synthesis API flow: status=finished, elapsed_time=17.816 s
I0606 15:56:41.906455 2120796 Schema.cc:485] 
I0606 15:56:41.906458 2120796 Schema.cc:486] ========================= CTS Runtime Overview =========================
+---------------+----------+------------------+----------------------+
| Stage         | Status   | Elapsed Time (s) | Peak VMem Delta (MB) |
+---------------+----------+------------------+----------------------+
| read_data     | finished | 6.730            | 1469.488             |
| synthesis     | finished | 10.333           | 3442.424             |
| optimization  | finished | 0.586            | 0.000                |
| instantiation | finished | 0.101            | 0.000                |
| evaluation    | finished | 0.051            | 0.000                |
| total         | finished | 17.817           | 4911.912             |
+---------------+----------+------------------+----------------------+
I0606 15:56:41.906495 2120796 Schema.cc:492] 
I0606 15:56:41.906499 2120796 Schema.cc:493] =========================== CTS Key Results ============================
+--------------------------------+---------------+
| Field                          | Value         |
+--------------------------------+---------------+
| status                         | finished      |
| clock_count                    | 1             |
| sink_count                     | 8751          |
| sink_domain_count              | 1             |
| selected_htree_level_count     | 11            |
| selected_htree_depth           | 11            |
| htree_inserted_buffer_count    | 806           |
| final_clock_buffer_count       | 2996          |
| final_buffer_area              | 8537.760 um^2 |
| max_clock_net_wirelength       | 359.608 um    |
| total_clock_network_wirelength | 61790.733 um  |
| elapsed_time                   | 17.817 s      |
| peak_vmem_delta                | 4911.912 MB   |
+--------------------------------+---------------+
I0606 15:56:41.906551 2120796 tcl_cts.cpp:60] iCTS run successfully.
I0606 15:56:41.988833 2120796 verilog_write.cpp:59] start write verilog file ./result/iCTS_result.v
I0606 15:56:42.338011 2120796 verilog_write.cpp:77] finish write verilog file ./result/iCTS_result.v
I0606 15:56:42.415800 2120796 SchemaScope.cc:227] 
I0606 15:56:42.415822 2120796 SchemaScope.cc:228] [Report][START] Emit CTS statistics and visualization reports
I0606 15:56:42.415848 2120796 Schema.cc:492] 
I0606 15:56:42.415850 2120796 Schema.cc:493] =========================== CTS Report Mode ============================
+-------+------------------------+
| Field | Value                  |
+-------+------------------------+
| mode  | reuse_evaluation_state |
+-------+------------------------+
I0606 15:56:42.616101 2120796 Schema.cc:485] 
I0606 15:56:42.616113 2120796 Schema.cc:486] ====================== CTS Visualization Reports =======================
+-----------------+------------------------------------------------+-------------+-----------+-----------+
| Report          | Path                                           | View        | Status    | Detail    |
+-----------------+------------------------------------------------+-------------+-----------+-----------+
| cts_design.svg  | ./result/cts/visualization/svg/cts_design.svg  | svg/design  | generated | generated |
| cts_flyline.svg | ./result/cts/visualization/svg/cts_flyline.svg | svg/flyline | generated | generated |
+-----------------+------------------------------------------------+-------------+-----------+-----------+
I0606 15:56:42.721288 2120796 Schema.cc:485] 
I0606 15:56:42.721302 2120796 Schema.cc:486] =========================== CTS GDS Reports ============================
+-----------------+------------------------------------------------+-------------+-----------+
| Report          | Path                                           | View        | Status    |
+-----------------+------------------------------------------------+-------------+-----------+
| cts_design.gds  | ./result/cts/visualization/gds/cts_design.gds  | gds/design  | generated |
| cts_design.lyp  | ./result/cts/visualization/gds/cts_design.lyp  | lyp/design  | generated |
| cts_flyline.gds | ./result/cts/visualization/gds/cts_flyline.gds | gds/flyline | generated |
| cts_flyline.lyp | ./result/cts/visualization/gds/cts_flyline.lyp | lyp/flyline | generated |
+-----------------+------------------------------------------------+-------------+-----------+
I0606 15:56:42.723812 2120796 SchemaScope.cc:203] 
I0606 15:56:42.723820 2120796 SchemaScope.cc:204] ========================== CTS Report Runtime ==========================
+--------+----------+------------------+----------------------+
| Stage  | Status   | Elapsed Time (s) | Peak VMem Delta (MB) |
+--------+----------+------------------+----------------------+
| report | finished | 0.308            | 0.000                |
+--------+----------+------------------+----------------------+
I0606 15:56:42.723843 2120796 SchemaScope.cc:312] [Report][FINISHED] Emit CTS statistics and visualization reports: status=finished, statistics_status=finished, visualization_status=finished, gds_status=finished, elapsed_time=0.308 s
	Command being timed: "./iEDA -script ./script/iCTS_script/run_iCTS_dev.tcl"
	User time (seconds): 18.54
	System time (seconds): 2.04
	Percent of CPU this job got: 99%
	Elapsed (wall clock) time (h:mm:ss or m:ss): 0:20.62
	Average shared text size (kbytes): 0
	Average unshared data size (kbytes): 0
	Average stack size (kbytes): 0
	Average total size (kbytes): 0
	Maximum resident set size (kbytes): 5274540
	Average resident set size (kbytes): 0
	Major (requiring I/O) page faults: 0
	Minor (reclaiming a frame) page faults: 1407512
	Voluntary context switches: 11
	Involuntary context switches: 1976
	Swaps: 0
	File system inputs: 0
	File system outputs: 68088
	Socket messages sent: 0
	Socket messages received: 0
	Signals delivered: 0
	Page size (bytes): 4096
	Exit status: 0
