WARNING: Logging before InitGoogleLogging() is written to STDERR
I0606 15:50:45.695102 2101225 Setup.cc:85] Generate the report at 2026-06-06T15:50:45
I0606 15:50:45.695250 2101225 Schema.cc:485] 
I0606 15:50:45.695255 2101225 Schema.cc:486] ====================== Runtime Routing / Wire RC =======================
+----------------------+-----------------------+------------------------------------------------------+
| Item                 | Value                 | Detail                                               |
+----------------------+-----------------------+------------------------------------------------------+
| routing_setup_source | Runtime Configuration | routing layer and wire width are reported once there |
| query_length         | 1.0000 um             | single-unit probe length                             |
| unit_resistance      | 914.000 uOhm/um       | derived from Wrapper::queryWireResistance            |
| unit_capacitance     | 1.383e-04 pF/um       | derived from Wrapper::queryWireCapacitance           |
| status               | ok                    | positive finite unit RC                              |
+----------------------+-----------------------+------------------------------------------------------+
I0606 15:50:45.695299 2101225 SchemaScope.cc:227] 
I0606 15:50:45.695307 2101225 SchemaScope.cc:228] [CTS][START] Clock tree synthesis API flow
I0606 15:50:45.695331 2101225 SchemaScope.cc:227] 
I0606 15:50:45.695338 2101225 SchemaScope.cc:228] [CTSReadData][START] Read CTS clock data
I0606 15:50:45.695408 2101225 SdcClockReader.cc:83] SdcClockReader: parsed 1 clock declaration(s) and 0 case-analysis record(s) from /home/liweiguo/project/ecc-tools-dev/scripts/design/ics55_dev/default.sdc
I0606 15:50:45.696205 2101225 LibParserCpp.cc:2702] load liberty file /home/liweiguo/PDK/icsprout55-pdk/IP/STD_cell/ics55_LLSC_H7C_V1p10C100/ics55_LLSC_H7CL/liberty/ics55_LLSC_H7CL_ss_rcworst_1p08_125_nldm.lib
I0606 15:50:50.805457 2101225 LibParserCpp.cc:2726] load liberty file /home/liweiguo/PDK/icsprout55-pdk/IP/STD_cell/ics55_LLSC_H7C_V1p10C100/ics55_LLSC_H7CL/liberty/ics55_LLSC_H7CL_ss_rcworst_1p08_125_nldm.lib success.
I0606 15:50:50.805485 2101225 LibParserCpp.cc:2736] link liberty file /home/liweiguo/PDK/icsprout55-pdk/IP/STD_cell/ics55_LLSC_H7C_V1p10C100/ics55_LLSC_H7CL/liberty/ics55_LLSC_H7CL_ss_rcworst_1p08_125_nldm.lib start.
I0606 15:50:50.805534 2101225 LibParserCpp.cc:1183] unkown attri name: voltage_map in /home/liweiguo/PDK/icsprout55-pdk/IP/STD_cell/ics55_LLSC_H7C_V1p10C100/ics55_LLSC_H7CL/liberty/ics55_LLSC_H7CL_ss_rcworst_1p08_125_nldm.lib line no 28
I0606 15:50:52.653517 2101225 LibParserCpp.cc:2763] link liberty file /home/liweiguo/PDK/icsprout55-pdk/IP/STD_cell/ics55_LLSC_H7C_V1p10C100/ics55_LLSC_H7CL/liberty/ics55_LLSC_H7CL_ss_rcworst_1p08_125_nldm.lib success.
I0606 15:50:52.653692 2101225 LibParserCpp.cc:2702] load liberty file /home/liweiguo/PDK/icsprout55-pdk/IP/STD_cell/ics55_LLSC_H7C_V1p10C100/ics55_LLSC_H7CR/liberty/ics55_LLSC_H7CR_ss_rcworst_1p08_125_nldm.lib
I0606 15:50:57.571270 2101225 LibParserCpp.cc:2726] load liberty file /home/liweiguo/PDK/icsprout55-pdk/IP/STD_cell/ics55_LLSC_H7C_V1p10C100/ics55_LLSC_H7CR/liberty/ics55_LLSC_H7CR_ss_rcworst_1p08_125_nldm.lib success.
I0606 15:50:57.571302 2101225 LibParserCpp.cc:2736] link liberty file /home/liweiguo/PDK/icsprout55-pdk/IP/STD_cell/ics55_LLSC_H7C_V1p10C100/ics55_LLSC_H7CR/liberty/ics55_LLSC_H7CR_ss_rcworst_1p08_125_nldm.lib start.
I0606 15:50:59.413358 2101225 LibParserCpp.cc:2763] link liberty file /home/liweiguo/PDK/icsprout55-pdk/IP/STD_cell/ics55_LLSC_H7C_V1p10C100/ics55_LLSC_H7CR/liberty/ics55_LLSC_H7CR_ss_rcworst_1p08_125_nldm.lib success.
I0606 15:50:59.413561 2101225 WrapperLiberty.cc:451] Wrapper: loaded 2 Liberty file(s) for CTS queries.
I0606 15:50:59.508106 2101225 Schema.cc:485] 
I0606 15:50:59.508127 2101225 Schema.cc:486] ========================= Clock Trace Overview =========================
+------------+---------+--------------+-------+----------+------------------------+---------------+--------------+----------------+------------+------------------------------+
| Clock      | Kind    | Master Clock | Net   | Status   | Dominance              | Target Kind   | Seq CK Sinks | Macro CK Sinks | Trace Path | Reason                       |
+------------+---------+--------------+-------+----------+------------------------+---------------+--------------+----------------+------------+------------------------------+
| core_clock | primary | self         | clk_i | accepted | owned_by_primary_clock | sequential_ck | 8751         | 0              | clk_i      | sdc_reachable_clock_sink_net |
+------------+---------+--------------+-------+----------+------------------------+---------------+--------------+----------------+------------+------------------------------+
I0606 15:50:59.508173 2101225 Schema.cc:485] 
I0606 15:50:59.508177 2101225 Schema.cc:486] ===================== SDC Clock Ownership Overview =====================
+------------+---------+--------------+-----------------+------------+-----------------+--------------+----------------+
| Clock      | Kind    | Master Clock | SDC Target Nets | Owned Nets | CTS Target Nets | Seq CK Sinks | Macro CK Sinks |
+------------+---------+--------------+-----------------+------------+-----------------+--------------+----------------+
| core_clock | primary | self         | clk_i           | clk_i      | clk_i           | 8751         | 0              |
+------------+---------+--------------+-----------------+------------+-----------------+--------------+----------------+
I0606 15:50:59.508190 2101225 Schema.cc:485] 
I0606 15:50:59.508193 2101225 Schema.cc:486] ======================= Unowned Clock-like Nets ========================
+-----+-----------+-------------+--------------+----------------+----------------------------+
| Net | Dominance | Target Kind | Seq CK Sinks | Macro CK Sinks | Reason                     |
+-----+-----------+-------------+--------------+----------------+----------------------------+
| n/a | none      | n/a         | 0            | 0              | no_unowned_clock_like_nets |
+-----+-----------+-------------+--------------+----------------+----------------------------+
I0606 15:50:59.508209 2101225 ClockTraceResolver.cc:200] ClockTraceResolver: accepted 1 CTS clock target net(s) from 1 SDC clock declaration(s); reported 0 unowned clock-like net(s).
I0606 15:50:59.549774 2101225 Schema.cc:485] 
I0606 15:50:59.549786 2101225 Schema.cc:486] =================== CTS Inst Classification Summary ====================
+-----------------+------------------------------+-------+
| Role            | Reason                       | Count |
+-----------------+------------------------------+-------+
| sequential_sink | liberty_sequential_clock_pin | 8751  |
+-----------------+------------------------------+-------+
I0606 15:50:59.549831 2101225 Schema.cc:485] 
I0606 15:50:59.549842 2101225 Schema.cc:486] ===================== Clock Distribution Overview ======================
+------------+------+-------------+----------------+-------------+---------------+
| Clock      | Nets | Total Sinks | FlipFlop Sinks | Macro Sinks | No-Inst Sinks |
+------------+------+-------------+----------------+-------------+---------------+
| core_clock | 1    | 8751        | 8751           | 0           | 0             |
| TOTAL      | 1    | 8751        | 8751           | 0           | 0             |
+------------+------+-------------+----------------+-------------+---------------+
I0606 15:50:59.549857 2101225 Schema.cc:492] 
I0606 15:50:59.549860 2101225 Schema.cc:493] ========================== ReadData Overview ===========================
+---------------------+----------+
| Field               | Value    |
+---------------------+----------+
| clock_source        | sdc      |
| status              | finished |
| sdc_declared_clocks | 1        |
| added_clock_nets    | 1        |
| total_clock_nets    | 1        |
+---------------------+----------+
I0606 15:50:59.549932 2101225 SchemaScope.cc:312] [CTSReadData][FINISHED] Read CTS clock data: status=finished, elapsed_time=13.854 s
I0606 15:50:59.549959 2101225 SchemaScope.cc:227] 
I0606 15:50:59.549968 2101225 SchemaScope.cc:228] [CTSFlow][START] Run CTS synthesis flow
I0606 15:50:59.610074 2101225 SchemaScope.cc:227] 
I0606 15:50:59.610082 2101225 SchemaScope.cc:228] [Topology][START] Prepare sink loads
I0606 15:50:59.613819 2101225 FastClustering.cc:152] Fast clustering collect entries: input_loads=8751, valid_entries=8751, elapsed_time=0.000 s
I0606 15:50:59.623000 2101225 FastClustering.cc:162] Fast clustering recursive partition: entries=8751, drafts=2189, avg_fanout=3.998, fanout_histogram=3=5,4=2184, elapsed_time=0.009 s
I0606 15:50:59.627018 2101225 FastClusteringPolish.cc:114] Fast clustering merge polish round 0: active_before=2189, active_after=2189, attempted_clusters=0, merges=0, changed=false, elapsed_time=0.004 s
I0606 15:50:59.632251 2101225 FastClusteringBoundaryPolish.cc:148] Fast clustering boundary polish round 0: active_sources=2189, selected_sources=698, considered_sources=698, moved_loads=2, min_moves_for_next_round=16, changed=true, order_elapsed_time=0.003 s, search_elapsed_time=0.002 s, elapsed_time=0.005 s
I0606 15:50:59.632287 2101225 FastClusteringPolish.cc:127] Fast clustering boundary polish: active_before=2189, active_after=2189, elapsed_time=0.005 s
I0606 15:50:59.632295 2101225 FastClusteringPolish.cc:133] Fast clustering polish done: active_clusters=2189, merge_attempted_clusters=0, total_merges=0, merge_elapsed_time=0.004 s, boundary_elapsed_time=0.005 s, total_elapsed_time=0.009 s
I0606 15:50:59.632301 2101225 FastClustering.cc:170] Fast clustering polish: drafts=2189, avg_fanout=3.998, fanout_histogram=3=5,4=2184, elapsed_time=0.009 s
I0606 15:51:00.934834 2101225 FastClustering.cc:184] Fast clustering finalize: clusters=2189, assigned_loads=8751, avg_fanout=3.998, fanout_histogram=3=5,4=2184, elapsed_time=1.303 s
I0606 15:51:00.934867 2101225 FastClustering.cc:188] Fast clustering done: loads=8751, clusters=2189, avg_fanout=3.998, total_elapsed_time=1.321 s, strategy=recursive_spatial_bisect
I0606 15:51:00.936575 2101225 SchemaScope.cc:312] [Topology][FINISHED] Prepare sink loads: status=finished, htree_sinks=2189, cluster_buffers=2189, elapsed_time=1.326 s
I0606 15:51:00.937142 2101225 SchemaScope.cc:227] 
I0606 15:51:00.937148 2101225 SchemaScope.cc:228] [Topology][START] Build downstream HTree
I0606 15:51:00.937162 2101225 SchemaScope.cc:227] 
I0606 15:51:00.937165 2101225 SchemaScope.cc:228] [HTree][START] build
I0606 15:51:00.937180 2101225 SchemaScope.cc:227] 
I0606 15:51:00.937184 2101225 SchemaScope.cc:228] [TopologyGen][START] Build H-tree topology for 2189 loads
I0606 15:51:00.937216 2101225 Schema.cc:492] 
I0606 15:51:00.937220 2101225 Schema.cc:493] ================ TopologyGen Load Distribution Summary =================
+---------------------------+------------------------+
| Field                     | Value                  |
+---------------------------+------------------------+
| load_count (local buffer) | 2189                   |
| bbox_min                  | (11400, 15050)         |
| bbox_max                  | (504450, 506450)       |
| span_width_height         | 493.050 x 491.400 um   |
| area                      | 242284.770 um^2        |
| sqrt_area                 | 492.224 um             |
| half_perimeter            | 492.225 um             |
| center                    | (282939.77, 289751.80) |
| median                    | (295500, 302751)       |
+---------------------------+------------------------+
I0606 15:51:00.937256 2101225 SchemaScope.cc:275] [TopologyGen][RUNNING] Embed coordinates and balance topology
I0606 15:51:00.961661 2101225 Schema.cc:492] 
I0606 15:51:00.961670 2101225 Schema.cc:493] ================ TopologyGen Root-To-Leaf Path Summary =================
+--------------------+------------+
| Field              | Value      |
+--------------------+------------+
| min_path_length    | 512.027 um |
| max_path_length    | 604.792 um |
| avg_path_length    | 562.445 um |
| valid_leaf_paths   | 2048       |
| invalid_leaf_paths | 0          |
+--------------------+------------+
I0606 15:51:00.961701 2101225 Schema.cc:492] 
I0606 15:51:00.961705 2101225 Schema.cc:493] =================== TopologyGen HTree Shape Summary ====================
+-------------+--------+
| Field       | Value  |
+-------------+--------+
| nodes       | 4095   |
| depth       | 11     |
| leaf_count  | 2048   |
| root_policy | median |
+-------------+--------+
I0606 15:51:00.961722 2101225 SchemaScope.cc:312] [TopologyGen][FINISHED] Build H-tree topology for 2189 loads: status=finished, nodes=4095, depth=11, leaf_count=2048, clock_name=core_clock, clock_net_name=clk_i, sink_domain=regular, stage=downstream_htree, root_policy=median, elapsed_time=0.024 s
I0606 15:51:00.961760 2101225 SchemaScope.cc:275] [HTree][RUNNING] characterization
I0606 15:51:00.961830 2101225 Schema.cc:485] 
I0606 15:51:00.961834 2101225 Schema.cc:486] =================== HTree Characterization Grid Plan ===================
+------------------------------+-----------------------------------+----------------------------------------------------------------------------------------------------+
| Item                         | Value                             | Detail                                                                                             |
+------------------------------+-----------------------------------+----------------------------------------------------------------------------------------------------+
| source                       | auto_derived                      | auto-derived from topology level lengths                                                           |
| resolved_wirelength_unit     | 23.5178 um                        | effective unit for the adapted characterization grid                                               |
| requested_level_lengths      | 12                                | average parent-child segment length per topology level plus caller-supplied source-to-root lengths |
| required_covering_iterations | 12                                | cover all topology level lengths under the resolved CharBuilder unit                               |
| direct_characterization_bins | 3                                 | direct-char bins after runtime cap                                                                 |
| distinct_level_bins          | 5                                 | aligned-length bins under resolved setup                                                           |
| decision_flags               | missing_config+direct_bins_capped | auto-derivation/adaptation trigger flags                                                           |
+------------------------------+-----------------------------------+----------------------------------------------------------------------------------------------------+
I0606 15:51:00.961871 2101225 SchemaScope.cc:227] 
I0606 15:51:00.961874 2101225 SchemaScope.cc:228] [CharBuilder][START] initialization
I0606 15:51:00.961895 2101225 Schema.cc:485] 
I0606 15:51:00.961899 2101225 Schema.cc:486] ========================== CharBuilder Setup ===========================
+-------------------+---------------------------+----------------------------------+
| Parameter         | Value                     | Source                           |
+-------------------+---------------------------+----------------------------------+
| wirelength_points | 3                         | HTree Characterization Grid Plan |
| routing_rc        | Runtime Routing / Wire RC | CharBuilderInput                 |
| buffer_count      | 4                         | resolved_buffers                 |
+-------------------+---------------------------+----------------------------------+
I0606 15:51:00.961931 2101225 Schema.cc:485] 
I0606 15:51:00.961935 2101225 Schema.cc:486] ====================== CharBuilder Sorted Buffers ======================
+-------+-------------+-----------+-----------+
| Index | Cell Master | Max Cap   | Input Cap |
+-------+-------------+-----------+-----------+
| 0     | BUFX8H7L    | 0.1922 pF | 0.0018 pF |
| 1     | BUFX12H7L   | 0.2909 pF | 0.0027 pF |
| 2     | BUFX16H7L   | 0.3848 pF | 0.0030 pF |
| 3     | BUFX20H7L   | 0.4817 pF | 0.0040 pF |
+-------+-------------+-----------+-----------+
I0606 15:51:00.961956 2101225 SchemaScope.cc:312] [CharBuilder][FINISHED] initialization: status=finished, buffers=4, wirelengths=3, slews=10, loads=10, elapsed_time=0.000 s
I0606 15:51:00.961975 2101225 SchemaScope.cc:227] 
I0606 15:51:00.961978 2101225 SchemaScope.cc:228] [CharBuilder][START] build
I0606 15:51:00.961985 2101225 SchemaScope.cc:275] [CharBuilder][RUNNING] wirelength=23.5178 um
I0606 15:51:00.962684 2101225 CharBuildOrchestrator.cc:156] CharBuilder: [RUNNING] wirelength=23.5178 um, generated_chars=470, generated_patterns=5, feasible_patterns=5, skipped_patterns=0, executed_sta_samples=490, skipped_sta_samples=10, output_slew_overflow_samples=20, driven_cap_overflow_samples=10, driven_cap_overflow_load_points=1
I0606 15:51:00.962692 2101225 SchemaScope.cc:275] [CharBuilder][RUNNING] wirelength=47.0357 um
I0606 15:51:00.965890 2101225 CharBuildOrchestrator.cc:156] CharBuilder: [RUNNING] wirelength=47.0357 um, generated_chars=1770, generated_patterns=19, feasible_patterns=19, skipped_patterns=0, executed_sta_samples=1890, skipped_sta_samples=10, output_slew_overflow_samples=120, driven_cap_overflow_samples=10, driven_cap_overflow_load_points=1
I0606 15:51:00.965900 2101225 SchemaScope.cc:275] [CharBuilder][RUNNING] wirelength=70.5535 um
I0606 15:51:00.971421 2101225 CharStaSampler.cc:85] CharBuilder: wirelength=70.5535 um progress 32/63 patterns (feasible=32, skipped=0, executed_sta_samples=3190, skipped_sta_samples=10)
I0606 15:51:00.978643 2101225 CharBuildOrchestrator.cc:156] CharBuilder: [RUNNING] wirelength=70.5535 um, generated_chars=5790, generated_patterns=63, feasible_patterns=63, skipped_patterns=0, executed_sta_samples=6290, skipped_sta_samples=10, output_slew_overflow_samples=500, driven_cap_overflow_samples=10, driven_cap_overflow_load_points=1
I0606 15:51:00.978709 2101225 Schema.cc:502] CharBuilder: output slew overflow occurred during characterization; samples were capped to the configured slew lattice.
I0606 15:51:00.978745 2101225 SchemaScope.cc:312] [CharBuilder][FINISHED] build: status=finished, segment_chars=8030, patterns=87, elapsed_time=0.016 s
I0606 15:51:00.978857 2101225 SchemaScope.cc:227] 
I0606 15:51:00.978863 2101225 SchemaScope.cc:228] [HTree][START] Synthesize segment frontiers
I0606 15:51:01.200971 2101225 SchemaScope.cc:312] [HTree][FINISHED] Synthesize segment frontiers: status=finished, length_sets=5, frontier_entries=21607, elapsed_time=0.221 s
I0606 15:51:01.201521 2101225 SchemaScope.cc:227] 
I0606 15:51:01.201562 2101225 SchemaScope.cc:228] [HTree][START] Search topology depth candidates
I0606 15:51:01.201839 2101225 SchemaScope.cc:227] 
I0606 15:51:01.201845 2101225 SchemaScope.cc:228] [HTreeDepth][START] Build pattern frontier
I0606 15:51:01.693634 2101225 SchemaScope.cc:227] 
I0606 15:51:01.693718 2101225 SchemaScope.cc:228] [HTreeDepth][START] Apply root-driver compensation
E0606 15:51:01.693794 2101225 Lib.cc:292] Warning: val outside table ranges:  val = 0; min_val = 0.0121961; max_val = 0.795659
E0606 15:51:01.693827 2101225 Lib.cc:292] Warning: val outside table ranges:  val = 0; min_val = 0.0121961; max_val = 0.795659
E0606 15:51:01.693836 2101225 Lib.cc:292] Warning: val outside table ranges:  val = 0; min_val = 0.0121961; max_val = 0.795659
E0606 15:51:01.693843 2101225 Lib.cc:292] Warning: val outside table ranges:  val = 0; min_val = 0.0121961; max_val = 0.795659
E0606 15:51:01.693850 2101225 Lib.cc:292] Warning: val outside table ranges:  val = 0; min_val = 0.0121961; max_val = 0.795659
E0606 15:51:01.693856 2101225 Lib.cc:292] Warning: val outside table ranges:  val = 0; min_val = 0.0121961; max_val = 0.795659
E0606 15:51:01.693862 2101225 Lib.cc:292] Warning: val outside table ranges:  val = 0; min_val = 0.0121961; max_val = 0.795659
E0606 15:51:01.693867 2101225 Lib.cc:292] Warning: val outside table ranges:  val = 0; min_val = 0.0121961; max_val = 0.795659
E0606 15:51:01.693885 2101225 Lib.cc:292] Warning: val outside table ranges:  val = 0; min_val = 0.0121961; max_val = 0.795659
E0606 15:51:01.693903 2101225 Lib.cc:292] Warning: val outside table ranges:  val = 0; min_val = 0.0121961; max_val = 0.795659
I0606 15:51:01.738004 2101225 SchemaScope.cc:312] [HTreeDepth][FINISHED] Apply root-driver compensation: status=finished, compensated_candidates=96693, strict_boundary_closure=true, strict_slew_boundary_closure=true, boundary_input_candidates=108025, boundary_closed_candidates=96693, boundary_rejected_candidates=11332, cap_bucket_mismatches=0, slew_bucket_mismatches=11332, invalid_compensations=0, unique_direct_lookups=28, direct_cache_hits=107997, load_resolutions=1320, load_resolution_cache_hits=106705, flute_route_estimates=1320, hpwl_route_estimates=0, elapsed_time=0.044 s
I0606 15:51:01.749620 2101225 SchemaScope.cc:312] [HTreeDepth][FINISHED] Build pattern frontier: status=finished, frontier_entries=76261, topology_patterns=120393, elapsed_time=0.547 s
I0606 15:51:01.750155 2101225 SchemaScope.cc:227] 
I0606 15:51:01.750164 2101225 SchemaScope.cc:228] [HTreeDepth][START] Filter sink-load region
I0606 15:51:01.799343 2101225 SchemaScope.cc:312] [HTreeDepth][FINISHED] Filter sink-load region: status=finished, feasible_frontier_entries=52140, elapsed_time=0.049 s
I0606 15:51:01.813026 2101225 SchemaScope.cc:227] 
I0606 15:51:01.813035 2101225 SchemaScope.cc:228] [HTreeDepth][START] Build pattern frontier
I0606 15:51:02.186780 2101225 SchemaScope.cc:227] 
I0606 15:51:02.186849 2101225 SchemaScope.cc:228] [HTreeDepth][START] Apply root-driver compensation
I0606 15:51:02.220887 2101225 SchemaScope.cc:312] [HTreeDepth][FINISHED] Apply root-driver compensation: status=finished, compensated_candidates=94465, strict_boundary_closure=true, strict_slew_boundary_closure=true, boundary_input_candidates=103960, boundary_closed_candidates=94465, boundary_rejected_candidates=9495, cap_bucket_mismatches=0, slew_bucket_mismatches=9495, invalid_compensations=0, unique_direct_lookups=0, direct_cache_hits=103960, load_resolutions=0, load_resolution_cache_hits=103960, flute_route_estimates=0, hpwl_route_estimates=0, elapsed_time=0.034 s
I0606 15:51:02.232055 2101225 SchemaScope.cc:312] [HTreeDepth][FINISHED] Build pattern frontier: status=finished, frontier_entries=75585, topology_patterns=113731, elapsed_time=0.418 s
I0606 15:51:02.232654 2101225 SchemaScope.cc:227] 
I0606 15:51:02.232663 2101225 SchemaScope.cc:228] [HTreeDepth][START] Filter sink-load region
I0606 15:51:02.261452 2101225 SchemaScope.cc:312] [HTreeDepth][FINISHED] Filter sink-load region: status=finished, feasible_frontier_entries=0, elapsed_time=0.028 s
I0606 15:51:02.261606 2101225 SchemaScope.cc:227] 
I0606 15:51:02.261612 2101225 SchemaScope.cc:228] [HTreeDepth][START] Build pattern frontier
I0606 15:51:02.597273 2101225 SchemaScope.cc:227] 
I0606 15:51:02.597328 2101225 SchemaScope.cc:228] [HTreeDepth][START] Apply root-driver compensation
I0606 15:51:02.622597 2101225 SchemaScope.cc:312] [HTreeDepth][FINISHED] Apply root-driver compensation: status=finished, compensated_candidates=70918, strict_boundary_closure=true, strict_slew_boundary_closure=true, boundary_input_candidates=79235, boundary_closed_candidates=70918, boundary_rejected_candidates=8317, cap_bucket_mismatches=0, slew_bucket_mismatches=8317, invalid_compensations=0, unique_direct_lookups=0, direct_cache_hits=79235, load_resolutions=0, load_resolution_cache_hits=79235, flute_route_estimates=0, hpwl_route_estimates=0, elapsed_time=0.025 s
I0606 15:51:02.631032 2101225 SchemaScope.cc:312] [HTreeDepth][FINISHED] Build pattern frontier: status=finished, frontier_entries=56874, topology_patterns=87855, elapsed_time=0.369 s
I0606 15:51:02.631291 2101225 SchemaScope.cc:227] 
I0606 15:51:02.631297 2101225 SchemaScope.cc:228] [HTreeDepth][START] Filter sink-load region
I0606 15:51:02.652667 2101225 SchemaScope.cc:312] [HTreeDepth][FINISHED] Filter sink-load region: status=finished, feasible_frontier_entries=0, elapsed_time=0.021 s
I0606 15:51:02.652820 2101225 SchemaScope.cc:227] 
I0606 15:51:02.652825 2101225 SchemaScope.cc:228] [HTreeDepth][START] Build pattern frontier
I0606 15:51:02.903299 2101225 SchemaScope.cc:227] 
I0606 15:51:02.903352 2101225 SchemaScope.cc:228] [HTreeDepth][START] Apply root-driver compensation
I0606 15:51:02.926093 2101225 SchemaScope.cc:312] [HTreeDepth][FINISHED] Apply root-driver compensation: status=finished, compensated_candidates=67328, strict_boundary_closure=true, strict_slew_boundary_closure=true, boundary_input_candidates=74140, boundary_closed_candidates=67328, boundary_rejected_candidates=6812, cap_bucket_mismatches=0, slew_bucket_mismatches=6812, invalid_compensations=0, unique_direct_lookups=0, direct_cache_hits=74140, load_resolutions=0, load_resolution_cache_hits=74140, flute_route_estimates=0, hpwl_route_estimates=0, elapsed_time=0.022 s
I0606 15:51:02.934195 2101225 SchemaScope.cc:312] [HTreeDepth][FINISHED] Build pattern frontier: status=finished, frontier_entries=54768, topology_patterns=80778, elapsed_time=0.281 s
I0606 15:51:02.934445 2101225 SchemaScope.cc:227] 
I0606 15:51:02.934453 2101225 SchemaScope.cc:228] [HTreeDepth][START] Filter sink-load region
I0606 15:51:02.954824 2101225 SchemaScope.cc:312] [HTreeDepth][FINISHED] Filter sink-load region: status=finished, feasible_frontier_entries=0, elapsed_time=0.020 s
I0606 15:51:02.955108 2101225 SchemaScope.cc:312] [HTree][FINISHED] Search topology depth candidates: status=finished, evaluated_depths=4, global_feasible_refs=391, global_candidate_refs=0, compensated_candidates=329404, elapsed_time=1.754 s
I0606 15:51:02.955199 2101225 SchemaScope.cc:227] 
I0606 15:51:02.955206 2101225 SchemaScope.cc:228] [HTree][START] Filter global sink-load coverage
I0606 15:51:02.955273 2101225 SchemaScope.cc:312] [HTree][FINISHED] Filter global sink-load coverage: status=finished, covered_feasible_refs=391, covered_candidate_refs=0, first_feasible_failure=none, first_candidate_failure=none, elapsed_time=0.000 s
I0606 15:51:02.955286 2101225 SchemaScope.cc:227] 
I0606 15:51:02.955291 2101225 SchemaScope.cc:228] [HTree][START] Select global topology
I0606 15:51:02.955355 2101225 SchemaScope.cc:312] [HTree][FINISHED] Select global topology: status=finished, feasible_pareto_refs=391, candidate_pareto_refs=0, selected_from=strict_feasible, elapsed_time=0.000 s
I0606 15:51:02.955405 2101225 SchemaScope.cc:227] 
I0606 15:51:02.955410 2101225 SchemaScope.cc:228] [HTree][START] Resolve selected sink-load legality
I0606 15:51:02.955421 2101225 SchemaScope.cc:312] [HTree][FINISHED] Resolve selected sink-load legality: status=finished, legal=true, required_leaf_load_cap_idx=1, failure_reason=none, elapsed_time=0.000 s
I0606 15:51:02.955433 2101225 SchemaScope.cc:227] 
I0606 15:51:02.955437 2101225 SchemaScope.cc:228] [HTree][START] Resolve selected root-driver compensation
I0606 15:51:02.955507 2101225 SchemaScope.cc:312] [HTree][FINISHED] Resolve selected root-driver compensation: status=finished, valid=true, cell_master=BUFX20H7L, load_cap_pf=0.044491, elapsed_time=0.000 s
I0606 15:51:02.955554 2101225 SchemaScope.cc:227] 
I0606 15:51:02.955557 2101225 SchemaScope.cc:228] [HTree][START] Build selected embedding
I0606 15:51:02.978597 2101225 SchemaScope.cc:312] [HTree][FINISHED] Build selected embedding: status=finished, inserted_insts=806, inserted_nets=806, pruned_leaf_single_load_buffers=1924, elapsed_time=0.022 s
I0606 15:51:02.978616 2101225 SchemaScope.cc:227] 
I0606 15:51:02.978621 2101225 SchemaScope.cc:228] [HTree][START] Emit synthesis summary
I0606 15:51:02.978868 2101225 SchemaScope.cc:312] [HTree][FINISHED] Emit synthesis summary: status=finished, elapsed_time=0.000 s
I0606 15:51:02.978878 2101225 SchemaScope.cc:312] [HTree][FINISHED] build: status=finished, selection_engine=discrete, elapsed_time=2.041 s
I0606 15:51:02.981498 2101225 SchemaScope.cc:312] [Topology][FINISHED] Build downstream HTree: status=finished, selected_depth=11, inserted_insts=806, inserted_nets=806, elapsed_time=2.044 s
I0606 15:51:02.981539 2101225 SchemaScope.cc:227] 
I0606 15:51:02.981544 2101225 SchemaScope.cc:228] [Topology][START] Emit cluster leaf distance report
I0606 15:51:02.981674 2101225 SchemaScope.cc:312] [Topology][FINISHED] Emit cluster leaf distance report: status=finished, cluster_leaf_pairs=2189, mean_distance_um=9.708263, elapsed_time=0.000 s
I0606 15:51:02.981695 2101225 SchemaScope.cc:227] 
I0606 15:51:02.981698 2101225 SchemaScope.cc:228] [Topology][START] Commit sink domain layout
I0606 15:51:03.009066 2101225 SchemaScope.cc:312] [Topology][FINISHED] Commit sink domain layout: status=finished, elapsed_time=0.027 s
I0606 15:51:03.010398 2101225 SchemaScope.cc:227] 
I0606 15:51:03.010406 2101225 SchemaScope.cc:228] [Topology][START] Build source trunk
I0606 15:51:03.023036 2101225 SchemaScope.cc:227] 
I0606 15:51:03.023042 2101225 SchemaScope.cc:228] [SourceTrunk][START] Dispatch source trunk synthesis
W0606 15:51:03.023083 2101225 WrapperLiberty.cc:291] Clock-source drive-cap query uses configured max_cap=0.15 pF as the hard source boundary for clk_i because source-specific Liberty cap limit is unavailable.
I0606 15:51:03.023092 2101225 SchemaScope.cc:227] 
I0606 15:51:03.023095 2101225 SchemaScope.cc:228] [SourceTrunkSegment][START] Ensure characterization
I0606 15:51:03.023108 2101225 SchemaScope.cc:312] [SourceTrunkSegment][FINISHED] Ensure characterization: status=finished, elapsed_time=0.000 s
I0606 15:51:03.023118 2101225 SchemaScope.cc:227] 
I0606 15:51:03.023120 2101225 SchemaScope.cc:228] [SourceTrunkSegment][START] Synthesize segment frontier
I0606 15:51:09.690979 2101225 SchemaScope.cc:312] [SourceTrunkSegment][FINISHED] Synthesize segment frontier: status=finished, length_sets=5, frontier_entries=16830, elapsed_time=6.666 s
I0606 15:51:09.691892 2101225 SchemaScope.cc:227] 
I0606 15:51:09.692605 2101225 SchemaScope.cc:228] [SourceTrunkSegment][START] Select segment candidate
I0606 15:51:09.694046 2101225 SchemaScope.cc:312] [SourceTrunkSegment][FINISHED] Select segment candidate: status=finished, strict_candidates=16830, relaxed_candidates=0, used_boundary_relaxation=false, selected_pattern_id=8733997, elapsed_time=0.003 s
I0606 15:51:09.694070 2101225 SchemaScope.cc:227] 
I0606 15:51:09.694074 2101225 SchemaScope.cc:228] [SourceTrunkSegment][START] Build segment objects
I0606 15:51:09.694087 2101225 SchemaScope.cc:312] [SourceTrunkSegment][FINISHED] Build segment objects: status=finished, inserted_insts=0, inserted_nets=0, elapsed_time=0.000 s
I0606 15:51:09.700724 2101225 SchemaScope.cc:312] [SourceTrunk][FINISHED] Dispatch source trunk synthesis: status=finished, stage=top_segment, inserted_insts=0, inserted_nets=0, used_boundary_relaxation=false, elapsed_time=6.677 s
I0606 15:51:09.700752 2101225 SchemaScope.cc:312] [Topology][FINISHED] Build source trunk: status=finished, stage=top_segment, inserted_insts=0, inserted_nets=0, used_boundary_relaxation=false, elapsed_time=6.690 s
I0606 15:51:09.700765 2101225 SchemaScope.cc:227] 
I0606 15:51:09.700769 2101225 SchemaScope.cc:228] [Topology][START] Commit source trunk layout
I0606 15:51:09.700830 2101225 SchemaScope.cc:312] [Topology][FINISHED] Commit source trunk layout: status=finished, elapsed_time=0.000 s
I0606 15:51:09.703331 2101225 Synthesis.cc:398] CTS clock-tree synthesis finished with 1 successful, 0 skipped, 0 failed clocks.
I0606 15:51:09.703351 2101225 Schema.cc:492] 
I0606 15:51:09.703353 2101225 Schema.cc:493] ================== CTS Clock Tree Synthesis Overview ===================
+--------------------+----------+
| Field              | Value    |
+--------------------+----------+
| status             | finished |
| total_clocks       | 1        |
| finished_clocks    | 1        |
| skipped_clocks     | 0        |
| failed_clocks      | 0        |
| total_sink_domains | 1        |
| hard_macro_sinks   | 0        |
| regular_sinks      | 8751     |
+--------------------+----------+
I0606 15:51:09.703373 2101225 Schema.cc:485] 
I0606 15:51:09.703377 2101225 Schema.cc:486] ===================== CTS Clock Tree Sink Domains ======================
+------------+-------+----------+----------------+-------------+--------------+-------------+
| Clock      | Net   | Status   | Sink Domain    | Valid Sinks | Domain Sinks | Detail      |
+------------+-------+----------+----------------+-------------+--------------+-------------+
| core_clock | clk_i | finished | regular        | 8751        | 8751         | synthesis   |
| core_clock | clk_i | finished | source_to_root | 8751        | 1            | top_segment |
+------------+-------+----------+----------------+-------------+--------------+-------------+
I0606 15:51:09.703440 2101225 SchemaScope.cc:312] [CTSFlow][FINISHED] Run CTS synthesis flow: status=finished, elapsed_time=10.153 s
I0606 15:51:09.708551 2101225 SchemaScope.cc:227] 
I0606 15:51:09.708560 2101225 SchemaScope.cc:228] [Optimization][START] Optimize synthesized CTS buffers with CTS fast STA
I0606 15:51:09.721117 2101225 Schema.cc:492] 
I0606 15:51:09.721127 2101225 Schema.cc:493] ======================== CTS Optimization Setup ========================
+------------------------+--------------------------+
| Field                  | Value                    |
+------------------------+--------------------------+
| timing_source          | cts_fast_sta_incremental |
| target_skew            | 0.0800 ns                |
| candidate_master_count | 4                        |
+------------------------+--------------------------+
I0606 15:51:09.721155 2101225 Schema.cc:492] 
I0606 15:51:09.721160 2101225 Schema.cc:493] =================== CTS Optimization Global Profile ====================
+-------------------------+----------+
| Field                   | Value    |
+-------------------------+----------+
| build_route_tree_cache  | 0.0125 s |
| cached_route_tree_count | 2997     |
+-------------------------+----------+
I0606 15:51:09.721709 2101225 FastSta.cc:178] FastSTA: start build clock context for clock "core_clock".
I0606 15:51:09.729820 2101225 FastStaBuilder.cc:63] FastStaBuilder: build clock route geometry graph for clock "core_clock" finished in 0.00810531 s, nodes=14744, nets=2997, liberty_cells=0.
I0606 15:51:09.729831 2101225 FastStaBuilder.cc:63] FastStaBuilder: apply bound environment for clock "core_clock" finished in 1.2e-07 s, nodes=14744, nets=2997, liberty_cells=0.
I0606 15:51:09.737706 2101225 FastStaBuilder.cc:63] FastStaBuilder: apply route geometry parasitics for clock "core_clock" finished in 0.00787076 s, nodes=14744, nets=2997, liberty_cells=0.
I0606 15:51:09.744984 2101225 FastStaBuilder.cc:63] FastStaBuilder: collect sink pin caps for clock "core_clock" finished in 0.00726939 s, nodes=14744, nets=2997, liberty_cells=0.
W0606 15:51:09.744994 2101225 WrapperLiberty.cc:191] Characterization query [output pin cap table-axis max] for liberty cell "DFFQX1H7L" failed: no buffer timing arcs are available; return 0.0.
W0606 15:51:09.744999 2101225 WrapperLiberty.cc:191] Characterization query [input pin slew table-axis max] for liberty cell "DFFQX1H7L" failed: no buffer timing arcs are available; return 0.0.
I0606 15:51:09.745832 2101225 FastStaBuilder.cc:63] FastStaBuilder: collect Liberty and clock timing records for clock "core_clock" finished in 0.000840096 s, nodes=14744, nets=2997, liberty_cells=3.
I0606 15:51:09.745841 2101225 FastStaBuilder.cc:196] FastStaBuilder: build clock context for clock "core_clock" finished in 0.0241281 s.
I0606 15:51:09.745844 2101225 FastSta.cc:180] FastSTA: clock context build finished in 0.0241379 s.
I0606 15:51:09.745848 2101225 FastSta.cc:58] FastSTA route geometry context: clock="core_clock", nodes=14744, nets=2997, liberty_cells=3.
I0606 15:51:09.745852 2101225 FastSta.cc:187] FastSTA: start initial timing update for clock "core_clock".
I0606 15:51:09.776382 2101225 FastSta.cc:189] FastSTA: initial timing update for clock "core_clock" finished in 0.0305323 s.
I0606 15:51:09.776391 2101225 FastSta.cc:193] FastSTA: start initial power update for clock "core_clock".
I0606 15:51:09.803498 2101225 FastSta.cc:195] FastSTA: initial power update for clock "core_clock" finished in 0.0271083 s.
I0606 15:51:09.803505 2101225 FastSta.cc:197] FastSTA: build clock context for clock "core_clock" finished in 0.081799 s.
I0606 15:51:09.803524 2101225 OptimizationPreparation.cc:277] Optimization: start route-tree injection for clock "core_clock", dag_nets=2997, cached_route_trees=2997.
I0606 15:51:09.803539 2101225 OptimizationPreparation.cc:290] Optimization: route-tree injection start net 1/2997 "clk_i", loads=1, route_nodes=2, route_edges=1.
I0606 15:51:09.803553 2101225 OptimizationPreparation.cc:305] Optimization: route-tree injection finish net 1/2997 "clk_i" in 2.986e-06 s.
I0606 15:51:09.803558 2101225 OptimizationPreparation.cc:290] Optimization: route-tree injection start net 2/2997 "cts_flow_clk_0_core_clock_regular_downstream_net", loads=2, route_nodes=3, route_edges=2.
I0606 15:51:09.803565 2101225 OptimizationPreparation.cc:305] Optimization: route-tree injection finish net 2/2997 "cts_flow_clk_0_core_clock_regular_downstream_net" in 2.464e-06 s.
I0606 15:51:09.803568 2101225 OptimizationPreparation.cc:290] Optimization: route-tree injection start net 3/2997 "cts_flow_clk_0_core_clock_regular_cluster_sink_net_0", loads=4, route_nodes=7, route_edges=6.
I0606 15:51:09.803576 2101225 OptimizationPreparation.cc:305] Optimization: route-tree injection finish net 3/2997 "cts_flow_clk_0_core_clock_regular_cluster_sink_net_0" in 4.198e-06 s.
I0606 15:51:09.803579 2101225 OptimizationPreparation.cc:290] Optimization: route-tree injection start net 4/2997 "cts_flow_clk_0_core_clock_regular_cluster_sink_net_1", loads=4, route_nodes=7, route_edges=6.
I0606 15:51:09.803586 2101225 OptimizationPreparation.cc:305] Optimization: route-tree injection finish net 4/2997 "cts_flow_clk_0_core_clock_regular_cluster_sink_net_1" in 2.955e-06 s.
I0606 15:51:09.803591 2101225 OptimizationPreparation.cc:290] Optimization: route-tree injection start net 5/2997 "cts_flow_clk_0_core_clock_regular_cluster_sink_net_2", loads=4, route_nodes=7, route_edges=6.
I0606 15:51:09.803596 2101225 OptimizationPreparation.cc:305] Optimization: route-tree injection finish net 5/2997 "cts_flow_clk_0_core_clock_regular_cluster_sink_net_2" in 2.925e-06 s.
I0606 15:51:09.811406 2101225 OptimizationPreparation.cc:315] Optimization: route-tree injection finished for clock "core_clock" in 0.00788508 s, injected_nets=2997, rc_nodes=20419, rc_edges=17422.
I0606 15:51:09.811566 2101225 OptimizationPreparation.cc:320] Optimization: start post-injection timing update for clock "core_clock".
I0606 15:51:09.842036 2101225 OptimizationPreparation.cc:324] Optimization: post-injection timing update for clock "core_clock" finished in 0.0306234 s.
I0606 15:51:09.842044 2101225 OptimizationPreparation.cc:328] Optimization: start post-injection power update for clock "core_clock".
I0606 15:51:09.870005 2101225 OptimizationPreparation.cc:332] Optimization: post-injection power update for clock "core_clock" finished in 0.0279626 s.
I0606 15:51:09.871399 2101225 Optimization.cc:257] Optimization: clock "core_clock" uses exact full-power batch solver.
I0606 15:51:09.879745 2101225 OptimizationSolver.cc:209] Optimization: solve iteration 1 starts with current_skew=0.0810936 ns, current_area=8533.28 um^2, candidates=423, total_trials=0.
I0606 15:51:09.879755 2101225 OptimizationSolver.cc:221] Optimization: start batch trial 1, candidate=1/423, edit_count=2.
I0606 15:51:09.997670 2101225 OptimizationSolver.cc:253] Optimization: batch trial progress, iteration=1, candidate=1/423, total_trials=1, trial_runtime=0.117881 s, iteration_runtime=0.117919 s, best_skew=0.0809875 ns.
I0606 15:51:09.997682 2101225 OptimizationSolver.cc:221] Optimization: start batch trial 2, candidate=2/423, edit_count=3.
I0606 15:51:10.117202 2101225 OptimizationSolver.cc:253] Optimization: batch trial progress, iteration=1, candidate=2/423, total_trials=2, trial_runtime=0.119472 s, iteration_runtime=0.237453 s, best_skew=0.0809875 ns.
I0606 15:51:10.117221 2101225 OptimizationSolver.cc:221] Optimization: start batch trial 3, candidate=3/423, edit_count=4.
I0606 15:51:10.237800 2101225 OptimizationSolver.cc:243] Optimization: target skew reached by exact batch trial, iteration=1, candidate=3/423, total_trials=3, trial_runtime=0.120542 s, iteration_runtime=0.35805 s, target_skew=0.08 ns, candidate_skew=0.0745563 ns, candidate_area=8537.76 um^2.
I0606 15:51:10.297904 2101225 OptimizationSolver.cc:394] Optimization: accepted batch 1, edit_count=4, skew=0.0745563 ns, area=8537.76 um^2, total_trials=3.
I0606 15:51:10.299676 2101225 Schema.cc:492] 
I0606 15:51:10.299686 2101225 Schema.cc:493] ==================== CTS Optimization Clock Summary ====================
+-------------------------------------+------------------------+
| Field                               | Value                  |
+-------------------------------------+------------------------+
| clock                               | core_clock             |
| runtime                             | 0.5773 s               |
| target_skew                         | 0.0800 ns              |
| initial_skew                        | 0.0811 ns              |
| optimized_skew                      | 0.0746 ns              |
| improvement                         | 0.0065 ns              |
| initial_area                        | 8533.2800 um^2         |
| optimized_area                      | 8537.7600 um^2         |
| area_delta                          | 4.4800 um^2            |
| iteration_count                     | 1                      |
| trial_count                         | 3                      |
| batch_trial_count                   | 3                      |
| accepted_batch_count                | 1                      |
| accepted_edit_count                 | 4                      |
| rejected_candidate_count            | 0                      |
| cap_rejected_count                  | 0                      |
| slew_rejected_count                 | 0                      |
| cap_legal                           | true                   |
| initial_slew_violation_count        | 0                      |
| initial_buffer_slew_violation_count | 0                      |
| initial_sink_slew_violation_count   | 0                      |
| slew_legal                          | true                   |
| slew_violation_count                | 0                      |
| buffer_slew_violation_count         | 0                      |
| sink_slew_violation_count           | 0                      |
| target_met                          | true                   |
| solve_mode                          | exact_full_power_batch |
| stop_reason                         | target_met             |
+-------------------------------------+------------------------+
I0606 15:51:10.299755 2101225 Schema.cc:485] 
I0606 15:51:10.299759 2101225 Schema.cc:486] ================= CTS Optimization Master Transitions ==================
+-----------------------+-------+
| Transition            | Count |
+-----------------------+-------+
| BUFX8H7L -> BUFX12H7L | 4     |
+-----------------------+-------+
I0606 15:51:10.299772 2101225 Schema.cc:492] 
I0606 15:51:10.299774 2101225 Schema.cc:493] ================= CTS Optimization Clock Graph Profile =================
+---------------------------+------------+
| Field                     | Value      |
+---------------------------+------------+
| clock                     | core_clock |
| node_count                | 14744      |
| net_count                 | 2997       |
| sink_count                | 8751       |
| buffer_input_count        | 2996       |
| buffer_output_count       | 2996       |
| optimizable_buffer_count  | 2996       |
| generated_candidate_count | 423        |
+---------------------------+------------+
I0606 15:51:10.299806 2101225 Schema.cc:485] 
I0606 15:51:10.299809 2101225 Schema.cc:486] ================ CTS Optimization Clock Runtime Profile ================
+-----------------------------+-------------+
| Stage                       | Runtime     |
+-----------------------------+-------------+
| build_route_tree_cache      | 0.0125 s    |
| build_fast_sta_context      | 0.0823 s    |
| inject_route_trees          | 0.0665 s    |
| collect_optimizable_buffers | 7.580e-04 s |
| collect_cap_baseline        | 1.196e-04 s |
| collect_slew_baseline       | 4.958e-04 s |
| solve_clock_total           | 0.4271 s    |
| capture_initial_state       | 4.299e-04 s |
| build_topology_index        | 0.0012 s    |
| generate_batch_candidates   | 0.0067 s    |
| batch_trial_eval            | 0.3579 s    |
| apply_accepted_batch        | 0.0600 s    |
| apply_accepted_edits        | 0.0010 s    |
+-----------------------------+-------------+
I0606 15:51:10.300063 2101225 Schema.cc:492] 
I0606 15:51:10.300071 2101225 Schema.cc:493] ======================= CTS Optimization Summary =======================
+-----------------------+-----------+
| Field                 | Value     |
+-----------------------+-----------+
| runtime               | 0.5915 s  |
| clock_count           | 1         |
| optimized_clock_count | 1         |
| accepted_edit_count   | 4         |
| status                | optimized |
+-----------------------+-----------+
I0606 15:51:10.300087 2101225 Optimization.cc:312] CTS optimization finished with 4 accepted sizing edits across 1 clocks.
I0606 15:51:10.300124 2101225 SchemaScope.cc:312] [Optimization][FINISHED] Optimize synthesized CTS buffers with CTS fast STA: status=finished, accepted_edit_count=4, elapsed_time=0.591 s
I0606 15:51:10.311017 2101225 SchemaScope.cc:227] 
I0606 15:51:10.311028 2101225 SchemaScope.cc:228] [Instantiation][START] Instantiate synthesized CTS topology into iDB
I0606 15:51:10.408066 2101225 Schema.cc:492] 
I0606 15:51:10.408087 2101225 Schema.cc:493] ====================== CTS Instantiation Overview ======================
+----------------+---------------+
| Field          | Value         |
+----------------+---------------+
| semantic_owner | instantiation |
| status         | finished      |
| design_ready   | true          |
| clock_count    | 1             |
+----------------+---------------+
I0606 15:51:10.408150 2101225 SchemaScope.cc:312] [Instantiation][FINISHED] Instantiate synthesized CTS topology into iDB: status=finished, clock_count=1, elapsed_time=0.097 s
I0606 15:51:10.408178 2101225 SchemaScope.cc:227] 
I0606 15:51:10.408183 2101225 SchemaScope.cc:228] [Evaluation][START] Evaluate CTS clock tree
I0606 15:51:10.459167 2101225 Schema.cc:492] 
I0606 15:51:10.459178 2101225 Schema.cc:493] ======================= CTS Evaluation Overview ========================
+---------------------------+---------------------------------------------------+
| Field                     | Value                                             |
+---------------------------+---------------------------------------------------+
| qor_metric_status         | available                                         |
| physical_metric_source    | cts_clock_tree                                    |
| clock_member_buffer_count | 2996                                              |
| path_depth_metric_status  | available                                         |
| clock_path_min_buffer     | 7                                                 |
| clock_path_max_buffer     | 8                                                 |
| max_level_of_clock_tree   | 8                                                 |
| design_units              | 1000 DBU/um                                       |
| statistics_reports        | wirelength.rpt, cell_stats.rpt, lib_cell_dist.rpt |
+---------------------------+---------------------------------------------------+
I0606 15:51:10.459290 2101225 SchemaScope.cc:312] [Evaluation][FINISHED] Evaluate CTS clock tree: status=finished, elapsed_time=0.051 s
I0606 15:51:10.459317 2101225 SchemaScope.cc:275] [CTS][RUNNING] Main CTS flow finished
I0606 15:51:10.459326 2101225 SchemaScope.cc:312] [CTS][FINISHED] Clock tree synthesis API flow: status=finished, elapsed_time=24.764 s
I0606 15:51:10.459342 2101225 Schema.cc:485] 
I0606 15:51:10.459345 2101225 Schema.cc:486] ========================= CTS Runtime Overview =========================
+---------------+----------+------------------+----------------------+
| Stage         | Status   | Elapsed Time (s) | Peak VMem Delta (MB) |
+---------------+----------+------------------+----------------------+
| read_data     | finished | 13.855           | 990.264              |
| synthesis     | finished | 10.153           | 3093.672             |
| optimization  | finished | 0.592            | 0.000                |
| instantiation | finished | 0.097            | 0.000                |
| evaluation    | finished | 0.051            | 0.000                |
| total         | finished | 24.764           | 4083.936             |
+---------------+----------+------------------+----------------------+
I0606 15:51:10.459381 2101225 Schema.cc:492] 
I0606 15:51:10.459385 2101225 Schema.cc:493] =========================== CTS Key Results ============================
+--------------------------------+---------------+
| Field                          | Value         |
+--------------------------------+---------------+
| status                         | finished      |
| clock_count                    | 1             |
| sink_count                     | 8751          |
| sink_domain_count              | 1             |
| selected_htree_level_count     | 11            |
| selected_htree_depth           | 11            |
| htree_inserted_buffer_count    | 806           |
| final_clock_buffer_count       | 2996          |
| final_buffer_area              | 8537.760 um^2 |
| max_clock_net_wirelength       | 359.608 um    |
| total_clock_network_wirelength | 61790.733 um  |
| elapsed_time                   | 24.764 s      |
| peak_vmem_delta                | 4083.936 MB   |
+--------------------------------+---------------+
I0606 15:51:10.459435 2101225 tcl_cts.cpp:60] iCTS run successfully.
I0606 15:51:10.542986 2101225 verilog_write.cpp:59] start write verilog file ./result/iCTS_result.v
I0606 15:51:10.892953 2101225 verilog_write.cpp:77] finish write verilog file ./result/iCTS_result.v
I0606 15:51:10.969442 2101225 SchemaScope.cc:227] 
I0606 15:51:10.969457 2101225 SchemaScope.cc:228] [Report][START] Emit CTS statistics and visualization reports
I0606 15:51:10.969481 2101225 Schema.cc:492] 
I0606 15:51:10.969485 2101225 Schema.cc:493] =========================== CTS Report Mode ============================
+-------+------------------------+
| Field | Value                  |
+-------+------------------------+
| mode  | reuse_evaluation_state |
+-------+------------------------+
I0606 15:51:11.162575 2101225 Schema.cc:485] 
I0606 15:51:11.162587 2101225 Schema.cc:486] ====================== CTS Visualization Reports =======================
+-----------------+------------------------------------------------+-------------+-----------+-----------+
| Report          | Path                                           | View        | Status    | Detail    |
+-----------------+------------------------------------------------+-------------+-----------+-----------+
| cts_design.svg  | ./result/cts/visualization/svg/cts_design.svg  | svg/design  | generated | generated |
| cts_flyline.svg | ./result/cts/visualization/svg/cts_flyline.svg | svg/flyline | generated | generated |
+-----------------+------------------------------------------------+-------------+-----------+-----------+
I0606 15:51:11.267987 2101225 Schema.cc:485] 
I0606 15:51:11.268002 2101225 Schema.cc:486] =========================== CTS GDS Reports ============================
+-----------------+------------------------------------------------+-------------+-----------+
| Report          | Path                                           | View        | Status    |
+-----------------+------------------------------------------------+-------------+-----------+
| cts_design.gds  | ./result/cts/visualization/gds/cts_design.gds  | gds/design  | generated |
| cts_design.lyp  | ./result/cts/visualization/gds/cts_design.lyp  | lyp/design  | generated |
| cts_flyline.gds | ./result/cts/visualization/gds/cts_flyline.gds | gds/flyline | generated |
| cts_flyline.lyp | ./result/cts/visualization/gds/cts_flyline.lyp | lyp/flyline | generated |
+-----------------+------------------------------------------------+-------------+-----------+
I0606 15:51:11.270645 2101225 SchemaScope.cc:203] 
I0606 15:51:11.270656 2101225 SchemaScope.cc:204] ========================== CTS Report Runtime ==========================
+--------+----------+------------------+----------------------+
| Stage  | Status   | Elapsed Time (s) | Peak VMem Delta (MB) |
+--------+----------+------------------+----------------------+
| report | finished | 0.301            | 0.000                |
+--------+----------+------------------+----------------------+
I0606 15:51:11.270682 2101225 SchemaScope.cc:312] [Report][FINISHED] Emit CTS statistics and visualization reports: status=finished, statistics_status=finished, visualization_status=finished, gds_status=finished, elapsed_time=0.301 s
	Command being timed: "./iEDA -script ./script/iCTS_script/run_iCTS_dev.tcl"
	User time (seconds): 25.79
	System time (seconds): 1.71
	Percent of CPU this job got: 99%
	Elapsed (wall clock) time (h:mm:ss or m:ss): 0:27.54
	Average shared text size (kbytes): 0
	Average unshared data size (kbytes): 0
	Average stack size (kbytes): 0
	Average total size (kbytes): 0
	Maximum resident set size (kbytes): 4449404
	Average resident set size (kbytes): 0
	Major (requiring I/O) page faults: 0
	Minor (reclaiming a frame) page faults: 1197564
	Voluntary context switches: 11
	Involuntary context switches: 2642
	Swaps: 0
	File system inputs: 0
	File system outputs: 68088
	Socket messages sent: 0
	Socket messages received: 0
	Signals delivered: 0
	Page size (bytes): 4096
	Exit status: 0
