WARNING: Logging before InitGoogleLogging() is written to STDERR
I0606 15:55:03.073184 2116062 Setup.cc:85] Generate the report at 2026-06-06T15:55:03
I0606 15:55:03.073338 2116062 Schema.cc:485] 
I0606 15:55:03.073343 2116062 Schema.cc:486] ====================== Runtime Routing / Wire RC =======================
+----------------------+-----------------------+------------------------------------------------------+
| Item                 | Value                 | Detail                                               |
+----------------------+-----------------------+------------------------------------------------------+
| routing_setup_source | Runtime Configuration | routing layer and wire width are reported once there |
| query_length         | 1.0000 um             | single-unit probe length                             |
| unit_resistance      | 914.000 uOhm/um       | derived from Wrapper::queryWireResistance            |
| unit_capacitance     | 1.383e-04 pF/um       | derived from Wrapper::queryWireCapacitance           |
| status               | ok                    | positive finite unit RC                              |
+----------------------+-----------------------+------------------------------------------------------+
I0606 15:55:03.073386 2116062 SchemaScope.cc:227] 
I0606 15:55:03.073392 2116062 SchemaScope.cc:228] [CTS][START] Clock tree synthesis API flow
I0606 15:55:03.073418 2116062 SchemaScope.cc:227] 
I0606 15:55:03.073423 2116062 SchemaScope.cc:228] [CTSReadData][START] Read CTS clock data
I0606 15:55:03.073493 2116062 SdcClockReader.cc:83] SdcClockReader: parsed 1 clock declaration(s) and 0 case-analysis record(s) from /home/liweiguo/project/ecc-tools-dev/scripts/design/ics55_dev/default.sdc
I0606 15:55:03.074332 2116062 LibParserCpp.cc:2702] load liberty file /home/liweiguo/PDK/icsprout55-pdk/IP/STD_cell/ics55_LLSC_H7C_V1p10C100/ics55_LLSC_H7CL/liberty/ics55_LLSC_H7CL_ss_rcworst_1p08_125_nldm.lib
I0606 15:55:07.650233 2116062 LibParserCpp.cc:2720] load liberty file /home/liweiguo/PDK/icsprout55-pdk/IP/STD_cell/ics55_LLSC_H7C_V1p10C100/ics55_LLSC_H7CL/liberty/ics55_LLSC_H7CL_ss_rcworst_1p08_125_nldm.lib success.
I0606 15:55:07.650252 2116062 LibParserCpp.cc:2730] link liberty file /home/liweiguo/PDK/icsprout55-pdk/IP/STD_cell/ics55_LLSC_H7C_V1p10C100/ics55_LLSC_H7CL/liberty/ics55_LLSC_H7CL_ss_rcworst_1p08_125_nldm.lib start.
I0606 15:55:07.650373 2116062 LibParserCpp.cc:1034] unkown attri name: voltage_map in /home/liweiguo/PDK/icsprout55-pdk/IP/STD_cell/ics55_LLSC_H7C_V1p10C100/ics55_LLSC_H7CL/liberty/ics55_LLSC_H7CL_ss_rcworst_1p08_125_nldm.lib line no 28
I0606 15:55:09.212560 2116062 LibParserCpp.cc:2757] link liberty file /home/liweiguo/PDK/icsprout55-pdk/IP/STD_cell/ics55_LLSC_H7C_V1p10C100/ics55_LLSC_H7CL/liberty/ics55_LLSC_H7CL_ss_rcworst_1p08_125_nldm.lib success.
I0606 15:55:09.212723 2116062 LibParserCpp.cc:2702] load liberty file /home/liweiguo/PDK/icsprout55-pdk/IP/STD_cell/ics55_LLSC_H7C_V1p10C100/ics55_LLSC_H7CR/liberty/ics55_LLSC_H7CR_ss_rcworst_1p08_125_nldm.lib
I0606 15:55:13.771687 2116062 LibParserCpp.cc:2720] load liberty file /home/liweiguo/PDK/icsprout55-pdk/IP/STD_cell/ics55_LLSC_H7C_V1p10C100/ics55_LLSC_H7CR/liberty/ics55_LLSC_H7CR_ss_rcworst_1p08_125_nldm.lib success.
I0606 15:55:13.771706 2116062 LibParserCpp.cc:2730] link liberty file /home/liweiguo/PDK/icsprout55-pdk/IP/STD_cell/ics55_LLSC_H7C_V1p10C100/ics55_LLSC_H7CR/liberty/ics55_LLSC_H7CR_ss_rcworst_1p08_125_nldm.lib start.
I0606 15:55:15.333976 2116062 LibParserCpp.cc:2757] link liberty file /home/liweiguo/PDK/icsprout55-pdk/IP/STD_cell/ics55_LLSC_H7C_V1p10C100/ics55_LLSC_H7CR/liberty/ics55_LLSC_H7CR_ss_rcworst_1p08_125_nldm.lib success.
I0606 15:55:15.334175 2116062 WrapperLiberty.cc:451] Wrapper: loaded 2 Liberty file(s) for CTS queries.
I0606 15:55:15.426954 2116062 Schema.cc:485] 
I0606 15:55:15.426975 2116062 Schema.cc:486] ========================= Clock Trace Overview =========================
+------------+---------+--------------+-------+----------+------------------------+---------------+--------------+----------------+------------+------------------------------+
| Clock      | Kind    | Master Clock | Net   | Status   | Dominance              | Target Kind   | Seq CK Sinks | Macro CK Sinks | Trace Path | Reason                       |
+------------+---------+--------------+-------+----------+------------------------+---------------+--------------+----------------+------------+------------------------------+
| core_clock | primary | self         | clk_i | accepted | owned_by_primary_clock | sequential_ck | 8751         | 0              | clk_i      | sdc_reachable_clock_sink_net |
+------------+---------+--------------+-------+----------+------------------------+---------------+--------------+----------------+------------+------------------------------+
I0606 15:55:15.427018 2116062 Schema.cc:485] 
I0606 15:55:15.427021 2116062 Schema.cc:486] ===================== SDC Clock Ownership Overview =====================
+------------+---------+--------------+-----------------+------------+-----------------+--------------+----------------+
| Clock      | Kind    | Master Clock | SDC Target Nets | Owned Nets | CTS Target Nets | Seq CK Sinks | Macro CK Sinks |
+------------+---------+--------------+-----------------+------------+-----------------+--------------+----------------+
| core_clock | primary | self         | clk_i           | clk_i      | clk_i           | 8751         | 0              |
+------------+---------+--------------+-----------------+------------+-----------------+--------------+----------------+
I0606 15:55:15.427035 2116062 Schema.cc:485] 
I0606 15:55:15.427038 2116062 Schema.cc:486] ======================= Unowned Clock-like Nets ========================
+-----+-----------+-------------+--------------+----------------+----------------------------+
| Net | Dominance | Target Kind | Seq CK Sinks | Macro CK Sinks | Reason                     |
+-----+-----------+-------------+--------------+----------------+----------------------------+
| n/a | none      | n/a         | 0            | 0              | no_unowned_clock_like_nets |
+-----+-----------+-------------+--------------+----------------+----------------------------+
I0606 15:55:15.427053 2116062 ClockTraceResolver.cc:200] ClockTraceResolver: accepted 1 CTS clock target net(s) from 1 SDC clock declaration(s); reported 0 unowned clock-like net(s).
I0606 15:55:15.472524 2116062 Schema.cc:485] 
I0606 15:55:15.472536 2116062 Schema.cc:486] =================== CTS Inst Classification Summary ====================
+-----------------+------------------------------+-------+
| Role            | Reason                       | Count |
+-----------------+------------------------------+-------+
| sequential_sink | liberty_sequential_clock_pin | 8751  |
+-----------------+------------------------------+-------+
I0606 15:55:15.472584 2116062 Schema.cc:485] 
I0606 15:55:15.472589 2116062 Schema.cc:486] ===================== Clock Distribution Overview ======================
+------------+------+-------------+----------------+-------------+---------------+
| Clock      | Nets | Total Sinks | FlipFlop Sinks | Macro Sinks | No-Inst Sinks |
+------------+------+-------------+----------------+-------------+---------------+
| core_clock | 1    | 8751        | 8751           | 0           | 0             |
| TOTAL      | 1    | 8751        | 8751           | 0           | 0             |
+------------+------+-------------+----------------+-------------+---------------+
I0606 15:55:15.472604 2116062 Schema.cc:492] 
I0606 15:55:15.472607 2116062 Schema.cc:493] ========================== ReadData Overview ===========================
+---------------------+----------+
| Field               | Value    |
+---------------------+----------+
| clock_source        | sdc      |
| status              | finished |
| sdc_declared_clocks | 1        |
| added_clock_nets    | 1        |
| total_clock_nets    | 1        |
+---------------------+----------+
I0606 15:55:15.472680 2116062 SchemaScope.cc:312] [CTSReadData][FINISHED] Read CTS clock data: status=finished, elapsed_time=12.399 s
I0606 15:55:15.472712 2116062 SchemaScope.cc:227] 
I0606 15:55:15.472723 2116062 SchemaScope.cc:228] [CTSFlow][START] Run CTS synthesis flow
I0606 15:55:15.524228 2116062 SchemaScope.cc:227] 
I0606 15:55:15.524238 2116062 SchemaScope.cc:228] [Topology][START] Prepare sink loads
I0606 15:55:15.527868 2116062 FastClustering.cc:152] Fast clustering collect entries: input_loads=8751, valid_entries=8751, elapsed_time=0.000 s
I0606 15:55:15.537016 2116062 FastClustering.cc:162] Fast clustering recursive partition: entries=8751, drafts=2189, avg_fanout=3.998, fanout_histogram=3=5,4=2184, elapsed_time=0.009 s
I0606 15:55:15.541049 2116062 FastClusteringPolish.cc:114] Fast clustering merge polish round 0: active_before=2189, active_after=2189, attempted_clusters=0, merges=0, changed=false, elapsed_time=0.004 s
I0606 15:55:15.546330 2116062 FastClusteringBoundaryPolish.cc:148] Fast clustering boundary polish round 0: active_sources=2189, selected_sources=698, considered_sources=698, moved_loads=2, min_moves_for_next_round=16, changed=true, order_elapsed_time=0.003 s, search_elapsed_time=0.002 s, elapsed_time=0.005 s
I0606 15:55:15.546370 2116062 FastClusteringPolish.cc:127] Fast clustering boundary polish: active_before=2189, active_after=2189, elapsed_time=0.005 s
I0606 15:55:15.546377 2116062 FastClusteringPolish.cc:133] Fast clustering polish done: active_clusters=2189, merge_attempted_clusters=0, total_merges=0, merge_elapsed_time=0.004 s, boundary_elapsed_time=0.005 s, total_elapsed_time=0.009 s
I0606 15:55:15.546384 2116062 FastClustering.cc:170] Fast clustering polish: drafts=2189, avg_fanout=3.998, fanout_histogram=3=5,4=2184, elapsed_time=0.009 s
I0606 15:55:16.853447 2116062 FastClustering.cc:184] Fast clustering finalize: clusters=2189, assigned_loads=8751, avg_fanout=3.998, fanout_histogram=3=5,4=2184, elapsed_time=1.307 s
I0606 15:55:16.853480 2116062 FastClustering.cc:188] Fast clustering done: loads=8751, clusters=2189, avg_fanout=3.998, total_elapsed_time=1.326 s, strategy=recursive_spatial_bisect
I0606 15:55:16.855609 2116062 SchemaScope.cc:312] [Topology][FINISHED] Prepare sink loads: status=finished, htree_sinks=2189, cluster_buffers=2189, elapsed_time=1.331 s
I0606 15:55:16.856683 2116062 SchemaScope.cc:227] 
I0606 15:55:16.856688 2116062 SchemaScope.cc:228] [Topology][START] Build downstream HTree
I0606 15:55:16.856704 2116062 SchemaScope.cc:227] 
I0606 15:55:16.856709 2116062 SchemaScope.cc:228] [HTree][START] build
I0606 15:55:16.856719 2116062 SchemaScope.cc:227] 
I0606 15:55:16.856722 2116062 SchemaScope.cc:228] [TopologyGen][START] Build H-tree topology for 2189 loads
I0606 15:55:16.856760 2116062 Schema.cc:492] 
I0606 15:55:16.856763 2116062 Schema.cc:493] ================ TopologyGen Load Distribution Summary =================
+---------------------------+------------------------+
| Field                     | Value                  |
+---------------------------+------------------------+
| load_count (local buffer) | 2189                   |
| bbox_min                  | (11400, 15050)         |
| bbox_max                  | (504450, 506450)       |
| span_width_height         | 493.050 x 491.400 um   |
| area                      | 242284.770 um^2        |
| sqrt_area                 | 492.224 um             |
| half_perimeter            | 492.225 um             |
| center                    | (282939.77, 289751.80) |
| median                    | (295500, 302751)       |
+---------------------------+------------------------+
I0606 15:55:16.856802 2116062 SchemaScope.cc:275] [TopologyGen][RUNNING] Embed coordinates and balance topology
I0606 15:55:16.881526 2116062 Schema.cc:492] 
I0606 15:55:16.881534 2116062 Schema.cc:493] ================ TopologyGen Root-To-Leaf Path Summary =================
+--------------------+------------+
| Field              | Value      |
+--------------------+------------+
| min_path_length    | 512.027 um |
| max_path_length    | 604.792 um |
| avg_path_length    | 562.445 um |
| valid_leaf_paths   | 2048       |
| invalid_leaf_paths | 0          |
+--------------------+------------+
I0606 15:55:16.881563 2116062 Schema.cc:492] 
I0606 15:55:16.881567 2116062 Schema.cc:493] =================== TopologyGen HTree Shape Summary ====================
+-------------+--------+
| Field       | Value  |
+-------------+--------+
| nodes       | 4095   |
| depth       | 11     |
| leaf_count  | 2048   |
| root_policy | median |
+-------------+--------+
I0606 15:55:16.881584 2116062 SchemaScope.cc:312] [TopologyGen][FINISHED] Build H-tree topology for 2189 loads: status=finished, nodes=4095, depth=11, leaf_count=2048, clock_name=core_clock, clock_net_name=clk_i, sink_domain=regular, stage=downstream_htree, root_policy=median, elapsed_time=0.024 s
I0606 15:55:16.881624 2116062 SchemaScope.cc:275] [HTree][RUNNING] characterization
I0606 15:55:16.881699 2116062 Schema.cc:485] 
I0606 15:55:16.881703 2116062 Schema.cc:486] =================== HTree Characterization Grid Plan ===================
+------------------------------+-----------------------------------+----------------------------------------------------------------------------------------------------+
| Item                         | Value                             | Detail                                                                                             |
+------------------------------+-----------------------------------+----------------------------------------------------------------------------------------------------+
| source                       | auto_derived                      | auto-derived from topology level lengths                                                           |
| resolved_wirelength_unit     | 23.5178 um                        | effective unit for the adapted characterization grid                                               |
| requested_level_lengths      | 12                                | average parent-child segment length per topology level plus caller-supplied source-to-root lengths |
| required_covering_iterations | 12                                | cover all topology level lengths under the resolved CharBuilder unit                               |
| direct_characterization_bins | 3                                 | direct-char bins after runtime cap                                                                 |
| distinct_level_bins          | 5                                 | aligned-length bins under resolved setup                                                           |
| decision_flags               | missing_config+direct_bins_capped | auto-derivation/adaptation trigger flags                                                           |
+------------------------------+-----------------------------------+----------------------------------------------------------------------------------------------------+
I0606 15:55:16.881739 2116062 SchemaScope.cc:227] 
I0606 15:55:16.881743 2116062 SchemaScope.cc:228] [CharBuilder][START] initialization
I0606 15:55:16.881764 2116062 Schema.cc:485] 
I0606 15:55:16.881768 2116062 Schema.cc:486] ========================== CharBuilder Setup ===========================
+-------------------+---------------------------+----------------------------------+
| Parameter         | Value                     | Source                           |
+-------------------+---------------------------+----------------------------------+
| wirelength_points | 3                         | HTree Characterization Grid Plan |
| routing_rc        | Runtime Routing / Wire RC | CharBuilderInput                 |
| buffer_count      | 4                         | resolved_buffers                 |
+-------------------+---------------------------+----------------------------------+
I0606 15:55:16.881800 2116062 Schema.cc:485] 
I0606 15:55:16.881803 2116062 Schema.cc:486] ====================== CharBuilder Sorted Buffers ======================
+-------+-------------+-----------+-----------+
| Index | Cell Master | Max Cap   | Input Cap |
+-------+-------------+-----------+-----------+
| 0     | BUFX8H7L    | 0.1922 pF | 0.0018 pF |
| 1     | BUFX12H7L   | 0.2909 pF | 0.0027 pF |
| 2     | BUFX16H7L   | 0.3848 pF | 0.0030 pF |
| 3     | BUFX20H7L   | 0.4817 pF | 0.0040 pF |
+-------+-------------+-----------+-----------+
I0606 15:55:16.881824 2116062 SchemaScope.cc:312] [CharBuilder][FINISHED] initialization: status=finished, buffers=4, wirelengths=3, slews=10, loads=10, elapsed_time=0.000 s
I0606 15:55:16.881843 2116062 SchemaScope.cc:227] 
I0606 15:55:16.881847 2116062 SchemaScope.cc:228] [CharBuilder][START] build
I0606 15:55:16.881853 2116062 SchemaScope.cc:275] [CharBuilder][RUNNING] wirelength=23.5178 um
I0606 15:55:16.882771 2116062 CharBuildOrchestrator.cc:156] CharBuilder: [RUNNING] wirelength=23.5178 um, generated_chars=470, generated_patterns=5, feasible_patterns=5, skipped_patterns=0, executed_sta_samples=490, skipped_sta_samples=10, output_slew_overflow_samples=20, driven_cap_overflow_samples=10, driven_cap_overflow_load_points=1
I0606 15:55:16.882781 2116062 SchemaScope.cc:275] [CharBuilder][RUNNING] wirelength=47.0357 um
I0606 15:55:16.886971 2116062 CharBuildOrchestrator.cc:156] CharBuilder: [RUNNING] wirelength=47.0357 um, generated_chars=1770, generated_patterns=19, feasible_patterns=19, skipped_patterns=0, executed_sta_samples=1890, skipped_sta_samples=10, output_slew_overflow_samples=120, driven_cap_overflow_samples=10, driven_cap_overflow_load_points=1
I0606 15:55:16.886981 2116062 SchemaScope.cc:275] [CharBuilder][RUNNING] wirelength=70.5535 um
I0606 15:55:16.894304 2116062 CharStaSampler.cc:85] CharBuilder: wirelength=70.5535 um progress 32/63 patterns (feasible=32, skipped=0, executed_sta_samples=3190, skipped_sta_samples=10)
I0606 15:55:16.903759 2116062 CharBuildOrchestrator.cc:156] CharBuilder: [RUNNING] wirelength=70.5535 um, generated_chars=5790, generated_patterns=63, feasible_patterns=63, skipped_patterns=0, executed_sta_samples=6290, skipped_sta_samples=10, output_slew_overflow_samples=500, driven_cap_overflow_samples=10, driven_cap_overflow_load_points=1
I0606 15:55:16.903825 2116062 Schema.cc:502] CharBuilder: output slew overflow occurred during characterization; samples were capped to the configured slew lattice.
I0606 15:55:16.903862 2116062 SchemaScope.cc:312] [CharBuilder][FINISHED] build: status=finished, segment_chars=8030, patterns=87, elapsed_time=0.022 s
I0606 15:55:16.903977 2116062 SchemaScope.cc:227] 
I0606 15:55:16.903982 2116062 SchemaScope.cc:228] [HTree][START] Synthesize segment frontiers
I0606 15:55:17.176349 2116062 SchemaScope.cc:312] [HTree][FINISHED] Synthesize segment frontiers: status=finished, length_sets=5, frontier_entries=21607, elapsed_time=0.271 s
I0606 15:55:17.176801 2116062 SchemaScope.cc:227] 
I0606 15:55:17.176940 2116062 SchemaScope.cc:228] [HTree][START] Search topology depth candidates
I0606 15:55:17.177091 2116062 SchemaScope.cc:227] 
I0606 15:55:17.177098 2116062 SchemaScope.cc:228] [HTreeDepth][START] Build pattern frontier
I0606 15:55:17.677260 2116062 SchemaScope.cc:227] 
I0606 15:55:17.677357 2116062 SchemaScope.cc:228] [HTreeDepth][START] Apply root-driver compensation
E0606 15:55:17.677428 2116062 Lib.cc:292] Warning: val outside table ranges:  val = 0; min_val = 0.0121961; max_val = 0.795659
E0606 15:55:17.677456 2116062 Lib.cc:292] Warning: val outside table ranges:  val = 0; min_val = 0.0121961; max_val = 0.795659
E0606 15:55:17.677464 2116062 Lib.cc:292] Warning: val outside table ranges:  val = 0; min_val = 0.0121961; max_val = 0.795659
E0606 15:55:17.677471 2116062 Lib.cc:292] Warning: val outside table ranges:  val = 0; min_val = 0.0121961; max_val = 0.795659
E0606 15:55:17.677479 2116062 Lib.cc:292] Warning: val outside table ranges:  val = 0; min_val = 0.0121961; max_val = 0.795659
E0606 15:55:17.677485 2116062 Lib.cc:292] Warning: val outside table ranges:  val = 0; min_val = 0.0121961; max_val = 0.795659
E0606 15:55:17.677491 2116062 Lib.cc:292] Warning: val outside table ranges:  val = 0; min_val = 0.0121961; max_val = 0.795659
E0606 15:55:17.677496 2116062 Lib.cc:292] Warning: val outside table ranges:  val = 0; min_val = 0.0121961; max_val = 0.795659
E0606 15:55:17.677515 2116062 Lib.cc:292] Warning: val outside table ranges:  val = 0; min_val = 0.0121961; max_val = 0.795659
E0606 15:55:17.677531 2116062 Lib.cc:292] Warning: val outside table ranges:  val = 0; min_val = 0.0121961; max_val = 0.795659
I0606 15:55:17.721499 2116062 SchemaScope.cc:312] [HTreeDepth][FINISHED] Apply root-driver compensation: status=finished, compensated_candidates=96693, strict_boundary_closure=true, strict_slew_boundary_closure=true, boundary_input_candidates=108025, boundary_closed_candidates=96693, boundary_rejected_candidates=11332, cap_bucket_mismatches=0, slew_bucket_mismatches=11332, invalid_compensations=0, unique_direct_lookups=28, direct_cache_hits=107997, load_resolutions=1320, load_resolution_cache_hits=106705, flute_route_estimates=1320, hpwl_route_estimates=0, elapsed_time=0.044 s
I0606 15:55:17.733075 2116062 SchemaScope.cc:312] [HTreeDepth][FINISHED] Build pattern frontier: status=finished, frontier_entries=76261, topology_patterns=120393, elapsed_time=0.555 s
I0606 15:55:17.733600 2116062 SchemaScope.cc:227] 
I0606 15:55:17.733609 2116062 SchemaScope.cc:228] [HTreeDepth][START] Filter sink-load region
I0606 15:55:17.783365 2116062 SchemaScope.cc:312] [HTreeDepth][FINISHED] Filter sink-load region: status=finished, feasible_frontier_entries=52140, elapsed_time=0.049 s
I0606 15:55:17.796931 2116062 SchemaScope.cc:227] 
I0606 15:55:17.796939 2116062 SchemaScope.cc:228] [HTreeDepth][START] Build pattern frontier
I0606 15:55:18.166848 2116062 SchemaScope.cc:227] 
I0606 15:55:18.166927 2116062 SchemaScope.cc:228] [HTreeDepth][START] Apply root-driver compensation
I0606 15:55:18.200749 2116062 SchemaScope.cc:312] [HTreeDepth][FINISHED] Apply root-driver compensation: status=finished, compensated_candidates=94465, strict_boundary_closure=true, strict_slew_boundary_closure=true, boundary_input_candidates=103960, boundary_closed_candidates=94465, boundary_rejected_candidates=9495, cap_bucket_mismatches=0, slew_bucket_mismatches=9495, invalid_compensations=0, unique_direct_lookups=0, direct_cache_hits=103960, load_resolutions=0, load_resolution_cache_hits=103960, flute_route_estimates=0, hpwl_route_estimates=0, elapsed_time=0.034 s
I0606 15:55:18.211892 2116062 SchemaScope.cc:312] [HTreeDepth][FINISHED] Build pattern frontier: status=finished, frontier_entries=75585, topology_patterns=113731, elapsed_time=0.414 s
I0606 15:55:18.212236 2116062 SchemaScope.cc:227] 
I0606 15:55:18.212242 2116062 SchemaScope.cc:228] [HTreeDepth][START] Filter sink-load region
I0606 15:55:18.240643 2116062 SchemaScope.cc:312] [HTreeDepth][FINISHED] Filter sink-load region: status=finished, feasible_frontier_entries=0, elapsed_time=0.028 s
I0606 15:55:18.240805 2116062 SchemaScope.cc:227] 
I0606 15:55:18.240810 2116062 SchemaScope.cc:228] [HTreeDepth][START] Build pattern frontier
I0606 15:55:18.575140 2116062 SchemaScope.cc:227] 
I0606 15:55:18.575209 2116062 SchemaScope.cc:228] [HTreeDepth][START] Apply root-driver compensation
I0606 15:55:18.599886 2116062 SchemaScope.cc:312] [HTreeDepth][FINISHED] Apply root-driver compensation: status=finished, compensated_candidates=70918, strict_boundary_closure=true, strict_slew_boundary_closure=true, boundary_input_candidates=79235, boundary_closed_candidates=70918, boundary_rejected_candidates=8317, cap_bucket_mismatches=0, slew_bucket_mismatches=8317, invalid_compensations=0, unique_direct_lookups=0, direct_cache_hits=79235, load_resolutions=0, load_resolution_cache_hits=79235, flute_route_estimates=0, hpwl_route_estimates=0, elapsed_time=0.024 s
I0606 15:55:18.608274 2116062 SchemaScope.cc:312] [HTreeDepth][FINISHED] Build pattern frontier: status=finished, frontier_entries=56874, topology_patterns=87855, elapsed_time=0.367 s
I0606 15:55:18.608562 2116062 SchemaScope.cc:227] 
I0606 15:55:18.608568 2116062 SchemaScope.cc:228] [HTreeDepth][START] Filter sink-load region
I0606 15:55:18.629657 2116062 SchemaScope.cc:312] [HTreeDepth][FINISHED] Filter sink-load region: status=finished, feasible_frontier_entries=0, elapsed_time=0.021 s
I0606 15:55:18.629817 2116062 SchemaScope.cc:227] 
I0606 15:55:18.629822 2116062 SchemaScope.cc:228] [HTreeDepth][START] Build pattern frontier
I0606 15:55:18.879266 2116062 SchemaScope.cc:227] 
I0606 15:55:18.879328 2116062 SchemaScope.cc:228] [HTreeDepth][START] Apply root-driver compensation
I0606 15:55:18.901836 2116062 SchemaScope.cc:312] [HTreeDepth][FINISHED] Apply root-driver compensation: status=finished, compensated_candidates=67328, strict_boundary_closure=true, strict_slew_boundary_closure=true, boundary_input_candidates=74140, boundary_closed_candidates=67328, boundary_rejected_candidates=6812, cap_bucket_mismatches=0, slew_bucket_mismatches=6812, invalid_compensations=0, unique_direct_lookups=0, direct_cache_hits=74140, load_resolutions=0, load_resolution_cache_hits=74140, flute_route_estimates=0, hpwl_route_estimates=0, elapsed_time=0.022 s
I0606 15:55:18.909865 2116062 SchemaScope.cc:312] [HTreeDepth][FINISHED] Build pattern frontier: status=finished, frontier_entries=54768, topology_patterns=80778, elapsed_time=0.280 s
I0606 15:55:18.910259 2116062 SchemaScope.cc:227] 
I0606 15:55:18.910264 2116062 SchemaScope.cc:228] [HTreeDepth][START] Filter sink-load region
I0606 15:55:18.930385 2116062 SchemaScope.cc:312] [HTreeDepth][FINISHED] Filter sink-load region: status=finished, feasible_frontier_entries=0, elapsed_time=0.020 s
I0606 15:55:18.930784 2116062 SchemaScope.cc:312] [HTree][FINISHED] Search topology depth candidates: status=finished, evaluated_depths=4, global_feasible_refs=391, global_candidate_refs=0, compensated_candidates=329404, elapsed_time=1.754 s
I0606 15:55:18.930800 2116062 SchemaScope.cc:227] 
I0606 15:55:18.930804 2116062 SchemaScope.cc:228] [HTree][START] Filter global sink-load coverage
I0606 15:55:18.930873 2116062 SchemaScope.cc:312] [HTree][FINISHED] Filter global sink-load coverage: status=finished, covered_feasible_refs=391, covered_candidate_refs=0, first_feasible_failure=none, first_candidate_failure=none, elapsed_time=0.000 s
I0606 15:55:18.930886 2116062 SchemaScope.cc:227] 
I0606 15:55:18.930889 2116062 SchemaScope.cc:228] [HTree][START] Select global topology
I0606 15:55:18.930954 2116062 SchemaScope.cc:312] [HTree][FINISHED] Select global topology: status=finished, feasible_pareto_refs=391, candidate_pareto_refs=0, selected_from=strict_feasible, elapsed_time=0.000 s
I0606 15:55:18.931005 2116062 SchemaScope.cc:227] 
I0606 15:55:18.931008 2116062 SchemaScope.cc:228] [HTree][START] Resolve selected sink-load legality
I0606 15:55:18.931020 2116062 SchemaScope.cc:312] [HTree][FINISHED] Resolve selected sink-load legality: status=finished, legal=true, required_leaf_load_cap_idx=1, failure_reason=none, elapsed_time=0.000 s
I0606 15:55:18.931032 2116062 SchemaScope.cc:227] 
I0606 15:55:18.931036 2116062 SchemaScope.cc:228] [HTree][START] Resolve selected root-driver compensation
I0606 15:55:18.931113 2116062 SchemaScope.cc:312] [HTree][FINISHED] Resolve selected root-driver compensation: status=finished, valid=true, cell_master=BUFX20H7L, load_cap_pf=0.044491, elapsed_time=0.000 s
I0606 15:55:18.931162 2116062 SchemaScope.cc:227] 
I0606 15:55:18.931166 2116062 SchemaScope.cc:228] [HTree][START] Build selected embedding
I0606 15:55:18.953997 2116062 SchemaScope.cc:312] [HTree][FINISHED] Build selected embedding: status=finished, inserted_insts=806, inserted_nets=806, pruned_leaf_single_load_buffers=1924, elapsed_time=0.022 s
I0606 15:55:18.954015 2116062 SchemaScope.cc:227] 
I0606 15:55:18.954020 2116062 SchemaScope.cc:228] [HTree][START] Emit synthesis summary
I0606 15:55:18.954257 2116062 SchemaScope.cc:312] [HTree][FINISHED] Emit synthesis summary: status=finished, elapsed_time=0.000 s
I0606 15:55:18.954267 2116062 SchemaScope.cc:312] [HTree][FINISHED] build: status=finished, selection_engine=discrete, elapsed_time=2.097 s
I0606 15:55:18.956456 2116062 SchemaScope.cc:312] [Topology][FINISHED] Build downstream HTree: status=finished, selected_depth=11, inserted_insts=806, inserted_nets=806, elapsed_time=2.099 s
I0606 15:55:18.956496 2116062 SchemaScope.cc:227] 
I0606 15:55:18.956499 2116062 SchemaScope.cc:228] [Topology][START] Emit cluster leaf distance report
I0606 15:55:18.956625 2116062 SchemaScope.cc:312] [Topology][FINISHED] Emit cluster leaf distance report: status=finished, cluster_leaf_pairs=2189, mean_distance_um=9.708263, elapsed_time=0.000 s
I0606 15:55:18.956648 2116062 SchemaScope.cc:227] 
I0606 15:55:18.956652 2116062 SchemaScope.cc:228] [Topology][START] Commit sink domain layout
I0606 15:55:18.984335 2116062 SchemaScope.cc:312] [Topology][FINISHED] Commit sink domain layout: status=finished, elapsed_time=0.027 s
I0606 15:55:18.985652 2116062 SchemaScope.cc:227] 
I0606 15:55:18.985659 2116062 SchemaScope.cc:228] [Topology][START] Build source trunk
I0606 15:55:18.993770 2116062 SchemaScope.cc:227] 
I0606 15:55:18.993777 2116062 SchemaScope.cc:228] [SourceTrunk][START] Dispatch source trunk synthesis
W0606 15:55:18.993818 2116062 WrapperLiberty.cc:291] Clock-source drive-cap query uses configured max_cap=0.15 pF as the hard source boundary for clk_i because source-specific Liberty cap limit is unavailable.
I0606 15:55:18.993826 2116062 SchemaScope.cc:227] 
I0606 15:55:18.993829 2116062 SchemaScope.cc:228] [SourceTrunkSegment][START] Ensure characterization
I0606 15:55:18.993841 2116062 SchemaScope.cc:312] [SourceTrunkSegment][FINISHED] Ensure characterization: status=finished, elapsed_time=0.000 s
I0606 15:55:18.993851 2116062 SchemaScope.cc:227] 
I0606 15:55:18.993854 2116062 SchemaScope.cc:228] [SourceTrunkSegment][START] Synthesize segment frontier
I0606 15:55:25.724406 2116062 SchemaScope.cc:312] [SourceTrunkSegment][FINISHED] Synthesize segment frontier: status=finished, length_sets=5, frontier_entries=16830, elapsed_time=6.729 s
I0606 15:55:25.725330 2116062 SchemaScope.cc:227] 
I0606 15:55:25.726046 2116062 SchemaScope.cc:228] [SourceTrunkSegment][START] Select segment candidate
I0606 15:55:25.727499 2116062 SchemaScope.cc:312] [SourceTrunkSegment][FINISHED] Select segment candidate: status=finished, strict_candidates=16830, relaxed_candidates=0, used_boundary_relaxation=false, selected_pattern_id=8733997, elapsed_time=0.003 s
I0606 15:55:25.727522 2116062 SchemaScope.cc:227] 
I0606 15:55:25.727525 2116062 SchemaScope.cc:228] [SourceTrunkSegment][START] Build segment objects
I0606 15:55:25.727538 2116062 SchemaScope.cc:312] [SourceTrunkSegment][FINISHED] Build segment objects: status=finished, inserted_insts=0, inserted_nets=0, elapsed_time=0.000 s
I0606 15:55:25.734845 2116062 SchemaScope.cc:312] [SourceTrunk][FINISHED] Dispatch source trunk synthesis: status=finished, stage=top_segment, inserted_insts=0, inserted_nets=0, used_boundary_relaxation=false, elapsed_time=6.741 s
I0606 15:55:25.734872 2116062 SchemaScope.cc:312] [Topology][FINISHED] Build source trunk: status=finished, stage=top_segment, inserted_insts=0, inserted_nets=0, used_boundary_relaxation=false, elapsed_time=6.749 s
I0606 15:55:25.734886 2116062 SchemaScope.cc:227] 
I0606 15:55:25.734889 2116062 SchemaScope.cc:228] [Topology][START] Commit source trunk layout
I0606 15:55:25.734951 2116062 SchemaScope.cc:312] [Topology][FINISHED] Commit source trunk layout: status=finished, elapsed_time=0.000 s
I0606 15:55:25.737522 2116062 Synthesis.cc:398] CTS clock-tree synthesis finished with 1 successful, 0 skipped, 0 failed clocks.
I0606 15:55:25.737543 2116062 Schema.cc:492] 
I0606 15:55:25.737547 2116062 Schema.cc:493] ================== CTS Clock Tree Synthesis Overview ===================
+--------------------+----------+
| Field              | Value    |
+--------------------+----------+
| status             | finished |
| total_clocks       | 1        |
| finished_clocks    | 1        |
| skipped_clocks     | 0        |
| failed_clocks      | 0        |
| total_sink_domains | 1        |
| hard_macro_sinks   | 0        |
| regular_sinks      | 8751     |
+--------------------+----------+
I0606 15:55:25.737567 2116062 Schema.cc:485] 
I0606 15:55:25.737571 2116062 Schema.cc:486] ===================== CTS Clock Tree Sink Domains ======================
+------------+-------+----------+----------------+-------------+--------------+-------------+
| Clock      | Net   | Status   | Sink Domain    | Valid Sinks | Domain Sinks | Detail      |
+------------+-------+----------+----------------+-------------+--------------+-------------+
| core_clock | clk_i | finished | regular        | 8751        | 8751         | synthesis   |
| core_clock | clk_i | finished | source_to_root | 8751        | 1            | top_segment |
+------------+-------+----------+----------------+-------------+--------------+-------------+
I0606 15:55:25.737633 2116062 SchemaScope.cc:312] [CTSFlow][FINISHED] Run CTS synthesis flow: status=finished, elapsed_time=10.264 s
I0606 15:55:25.742846 2116062 SchemaScope.cc:227] 
I0606 15:55:25.742854 2116062 SchemaScope.cc:228] [Optimization][START] Optimize synthesized CTS buffers with CTS fast STA
I0606 15:55:25.755829 2116062 Schema.cc:492] 
I0606 15:55:25.755838 2116062 Schema.cc:493] ======================== CTS Optimization Setup ========================
+------------------------+--------------------------+
| Field                  | Value                    |
+------------------------+--------------------------+
| timing_source          | cts_fast_sta_incremental |
| target_skew            | 0.0800 ns                |
| candidate_master_count | 4                        |
+------------------------+--------------------------+
I0606 15:55:25.755862 2116062 Schema.cc:492] 
I0606 15:55:25.755867 2116062 Schema.cc:493] =================== CTS Optimization Global Profile ====================
+-------------------------+----------+
| Field                   | Value    |
+-------------------------+----------+
| build_route_tree_cache  | 0.0129 s |
| cached_route_tree_count | 2997     |
+-------------------------+----------+
I0606 15:55:25.756410 2116062 FastSta.cc:178] FastSTA: start build clock context for clock "core_clock".
I0606 15:55:25.764890 2116062 FastStaBuilder.cc:63] FastStaBuilder: build clock route geometry graph for clock "core_clock" finished in 0.0084729 s, nodes=14744, nets=2997, liberty_cells=0.
I0606 15:55:25.764904 2116062 FastStaBuilder.cc:63] FastStaBuilder: apply bound environment for clock "core_clock" finished in 1e-07 s, nodes=14744, nets=2997, liberty_cells=0.
I0606 15:55:25.773506 2116062 FastStaBuilder.cc:63] FastStaBuilder: apply route geometry parasitics for clock "core_clock" finished in 0.00859771 s, nodes=14744, nets=2997, liberty_cells=0.
I0606 15:55:25.780599 2116062 FastStaBuilder.cc:63] FastStaBuilder: collect sink pin caps for clock "core_clock" finished in 0.00708466 s, nodes=14744, nets=2997, liberty_cells=0.
W0606 15:55:25.780609 2116062 WrapperLiberty.cc:191] Characterization query [output pin cap table-axis max] for liberty cell "DFFQX1H7L" failed: no buffer timing arcs are available; return 0.0.
W0606 15:55:25.780614 2116062 WrapperLiberty.cc:191] Characterization query [input pin slew table-axis max] for liberty cell "DFFQX1H7L" failed: no buffer timing arcs are available; return 0.0.
I0606 15:55:25.781687 2116062 FastStaBuilder.cc:63] FastStaBuilder: collect Liberty and clock timing records for clock "core_clock" finished in 0.00107938 s, nodes=14744, nets=2997, liberty_cells=3.
I0606 15:55:25.781693 2116062 FastStaBuilder.cc:196] FastStaBuilder: build clock context for clock "core_clock" finished in 0.0252788 s.
I0606 15:55:25.781697 2116062 FastSta.cc:180] FastSTA: clock context build finished in 0.0252884 s.
I0606 15:55:25.781701 2116062 FastSta.cc:58] FastSTA route geometry context: clock="core_clock", nodes=14744, nets=2997, liberty_cells=3.
I0606 15:55:25.781705 2116062 FastSta.cc:187] FastSTA: start initial timing update for clock "core_clock".
I0606 15:55:25.812770 2116062 FastSta.cc:189] FastSTA: initial timing update for clock "core_clock" finished in 0.0310684 s.
I0606 15:55:25.812781 2116062 FastSta.cc:193] FastSTA: start initial power update for clock "core_clock".
I0606 15:55:25.840294 2116062 FastSta.cc:195] FastSTA: initial power update for clock "core_clock" finished in 0.0275154 s.
I0606 15:55:25.840302 2116062 FastSta.cc:197] FastSTA: build clock context for clock "core_clock" finished in 0.0838937 s.
I0606 15:55:25.840320 2116062 OptimizationPreparation.cc:277] Optimization: start route-tree injection for clock "core_clock", dag_nets=2997, cached_route_trees=2997.
I0606 15:55:25.840335 2116062 OptimizationPreparation.cc:290] Optimization: route-tree injection start net 1/2997 "clk_i", loads=1, route_nodes=2, route_edges=1.
I0606 15:55:25.840350 2116062 OptimizationPreparation.cc:305] Optimization: route-tree injection finish net 1/2997 "clk_i" in 3.817e-06 s.
I0606 15:55:25.840354 2116062 OptimizationPreparation.cc:290] Optimization: route-tree injection start net 2/2997 "cts_flow_clk_0_core_clock_regular_downstream_net", loads=2, route_nodes=3, route_edges=2.
I0606 15:55:25.840361 2116062 OptimizationPreparation.cc:305] Optimization: route-tree injection finish net 2/2997 "cts_flow_clk_0_core_clock_regular_downstream_net" in 2.695e-06 s.
I0606 15:55:25.840365 2116062 OptimizationPreparation.cc:290] Optimization: route-tree injection start net 3/2997 "cts_flow_clk_0_core_clock_regular_cluster_sink_net_0", loads=4, route_nodes=7, route_edges=6.
I0606 15:55:25.840372 2116062 OptimizationPreparation.cc:305] Optimization: route-tree injection finish net 3/2997 "cts_flow_clk_0_core_clock_regular_cluster_sink_net_0" in 4.018e-06 s.
I0606 15:55:25.840376 2116062 OptimizationPreparation.cc:290] Optimization: route-tree injection start net 4/2997 "cts_flow_clk_0_core_clock_regular_cluster_sink_net_1", loads=4, route_nodes=7, route_edges=6.
I0606 15:55:25.840384 2116062 OptimizationPreparation.cc:305] Optimization: route-tree injection finish net 4/2997 "cts_flow_clk_0_core_clock_regular_cluster_sink_net_1" in 3.446e-06 s.
I0606 15:55:25.840387 2116062 OptimizationPreparation.cc:290] Optimization: route-tree injection start net 5/2997 "cts_flow_clk_0_core_clock_regular_cluster_sink_net_2", loads=4, route_nodes=7, route_edges=6.
I0606 15:55:25.840397 2116062 OptimizationPreparation.cc:305] Optimization: route-tree injection finish net 5/2997 "cts_flow_clk_0_core_clock_regular_cluster_sink_net_2" in 6.453e-06 s.
I0606 15:55:25.848587 2116062 OptimizationPreparation.cc:315] Optimization: route-tree injection finished for clock "core_clock" in 0.00826975 s, injected_nets=2997, rc_nodes=20419, rc_edges=17422.
I0606 15:55:25.848692 2116062 OptimizationPreparation.cc:320] Optimization: start post-injection timing update for clock "core_clock".
I0606 15:55:25.879752 2116062 OptimizationPreparation.cc:324] Optimization: post-injection timing update for clock "core_clock" finished in 0.0311559 s.
I0606 15:55:25.879762 2116062 OptimizationPreparation.cc:328] Optimization: start post-injection power update for clock "core_clock".
I0606 15:55:25.908000 2116062 OptimizationPreparation.cc:332] Optimization: post-injection power update for clock "core_clock" finished in 0.0282395 s.
I0606 15:55:25.909570 2116062 Optimization.cc:257] Optimization: clock "core_clock" uses exact full-power batch solver.
I0606 15:55:25.917673 2116062 OptimizationSolver.cc:209] Optimization: solve iteration 1 starts with current_skew=0.0810936 ns, current_area=8533.28 um^2, candidates=423, total_trials=0.
I0606 15:55:25.917683 2116062 OptimizationSolver.cc:221] Optimization: start batch trial 1, candidate=1/423, edit_count=2.
I0606 15:55:26.036584 2116062 OptimizationSolver.cc:253] Optimization: batch trial progress, iteration=1, candidate=1/423, total_trials=1, trial_runtime=0.118867 s, iteration_runtime=0.118906 s, best_skew=0.0809875 ns.
I0606 15:55:26.036597 2116062 OptimizationSolver.cc:221] Optimization: start batch trial 2, candidate=2/423, edit_count=3.
I0606 15:55:26.156909 2116062 OptimizationSolver.cc:253] Optimization: batch trial progress, iteration=1, candidate=2/423, total_trials=2, trial_runtime=0.120274 s, iteration_runtime=0.239234 s, best_skew=0.0809875 ns.
I0606 15:55:26.156931 2116062 OptimizationSolver.cc:221] Optimization: start batch trial 3, candidate=3/423, edit_count=4.
I0606 15:55:26.275579 2116062 OptimizationSolver.cc:243] Optimization: target skew reached by exact batch trial, iteration=1, candidate=3/423, total_trials=3, trial_runtime=0.118613 s, iteration_runtime=0.357903 s, target_skew=0.08 ns, candidate_skew=0.0745563 ns, candidate_area=8537.76 um^2.
I0606 15:55:26.335637 2116062 OptimizationSolver.cc:394] Optimization: accepted batch 1, edit_count=4, skew=0.0745563 ns, area=8537.76 um^2, total_trials=3.
I0606 15:55:26.337116 2116062 Schema.cc:492] 
I0606 15:55:26.337122 2116062 Schema.cc:493] ==================== CTS Optimization Clock Summary ====================
+-------------------------------------+------------------------+
| Field                               | Value                  |
+-------------------------------------+------------------------+
| clock                               | core_clock             |
| runtime                             | 0.5802 s               |
| target_skew                         | 0.0800 ns              |
| initial_skew                        | 0.0811 ns              |
| optimized_skew                      | 0.0746 ns              |
| improvement                         | 0.0065 ns              |
| initial_area                        | 8533.2800 um^2         |
| optimized_area                      | 8537.7600 um^2         |
| area_delta                          | 4.4800 um^2            |
| iteration_count                     | 1                      |
| trial_count                         | 3                      |
| batch_trial_count                   | 3                      |
| accepted_batch_count                | 1                      |
| accepted_edit_count                 | 4                      |
| rejected_candidate_count            | 0                      |
| cap_rejected_count                  | 0                      |
| slew_rejected_count                 | 0                      |
| cap_legal                           | true                   |
| initial_slew_violation_count        | 0                      |
| initial_buffer_slew_violation_count | 0                      |
| initial_sink_slew_violation_count   | 0                      |
| slew_legal                          | true                   |
| slew_violation_count                | 0                      |
| buffer_slew_violation_count         | 0                      |
| sink_slew_violation_count           | 0                      |
| target_met                          | true                   |
| solve_mode                          | exact_full_power_batch |
| stop_reason                         | target_met             |
+-------------------------------------+------------------------+
I0606 15:55:26.337208 2116062 Schema.cc:485] 
I0606 15:55:26.337211 2116062 Schema.cc:486] ================= CTS Optimization Master Transitions ==================
+-----------------------+-------+
| Transition            | Count |
+-----------------------+-------+
| BUFX8H7L -> BUFX12H7L | 4     |
+-----------------------+-------+
I0606 15:55:26.337224 2116062 Schema.cc:492] 
I0606 15:55:26.337227 2116062 Schema.cc:493] ================= CTS Optimization Clock Graph Profile =================
+---------------------------+------------+
| Field                     | Value      |
+---------------------------+------------+
| clock                     | core_clock |
| node_count                | 14744      |
| net_count                 | 2997       |
| sink_count                | 8751       |
| buffer_input_count        | 2996       |
| buffer_output_count       | 2996       |
| optimizable_buffer_count  | 2996       |
| generated_candidate_count | 423        |
+---------------------------+------------+
I0606 15:55:26.337258 2116062 Schema.cc:485] 
I0606 15:55:26.337262 2116062 Schema.cc:486] ================ CTS Optimization Clock Runtime Profile ================
+-----------------------------+-------------+
| Stage                       | Runtime     |
+-----------------------------+-------------+
| build_route_tree_cache      | 0.0129 s    |
| build_fast_sta_context      | 0.0844 s    |
| inject_route_trees          | 0.0677 s    |
| collect_optimizable_buffers | 7.965e-04 s |
| collect_cap_baseline        | 1.251e-04 s |
| collect_slew_baseline       | 6.287e-04 s |
| solve_clock_total           | 0.4266 s    |
| capture_initial_state       | 3.686e-04 s |
| build_topology_index        | 0.0011 s    |
| generate_batch_candidates   | 0.0066 s    |
| batch_trial_eval            | 0.3578 s    |
| apply_accepted_batch        | 0.0600 s    |
| apply_accepted_edits        | 8.650e-04 s |
+-----------------------------+-------------+
I0606 15:55:26.337484 2116062 Schema.cc:492] 
I0606 15:55:26.337489 2116062 Schema.cc:493] ======================= CTS Optimization Summary =======================
+-----------------------+-----------+
| Field                 | Value     |
+-----------------------+-----------+
| runtime               | 0.5946 s  |
| clock_count           | 1         |
| optimized_clock_count | 1         |
| accepted_edit_count   | 4         |
| status                | optimized |
+-----------------------+-----------+
I0606 15:55:26.337507 2116062 Optimization.cc:312] CTS optimization finished with 4 accepted sizing edits across 1 clocks.
I0606 15:55:26.337541 2116062 SchemaScope.cc:312] [Optimization][FINISHED] Optimize synthesized CTS buffers with CTS fast STA: status=finished, accepted_edit_count=4, elapsed_time=0.594 s
I0606 15:55:26.347285 2116062 SchemaScope.cc:227] 
I0606 15:55:26.347295 2116062 SchemaScope.cc:228] [Instantiation][START] Instantiate synthesized CTS topology into iDB
I0606 15:55:26.448693 2116062 Schema.cc:492] 
I0606 15:55:26.448714 2116062 Schema.cc:493] ====================== CTS Instantiation Overview ======================
+----------------+---------------+
| Field          | Value         |
+----------------+---------------+
| semantic_owner | instantiation |
| status         | finished      |
| design_ready   | true          |
| clock_count    | 1             |
+----------------+---------------+
I0606 15:55:26.448774 2116062 SchemaScope.cc:312] [Instantiation][FINISHED] Instantiate synthesized CTS topology into iDB: status=finished, clock_count=1, elapsed_time=0.101 s
I0606 15:55:26.448802 2116062 SchemaScope.cc:227] 
I0606 15:55:26.448807 2116062 SchemaScope.cc:228] [Evaluation][START] Evaluate CTS clock tree
I0606 15:55:26.500375 2116062 Schema.cc:492] 
I0606 15:55:26.500386 2116062 Schema.cc:493] ======================= CTS Evaluation Overview ========================
+---------------------------+---------------------------------------------------+
| Field                     | Value                                             |
+---------------------------+---------------------------------------------------+
| qor_metric_status         | available                                         |
| physical_metric_source    | cts_clock_tree                                    |
| clock_member_buffer_count | 2996                                              |
| path_depth_metric_status  | available                                         |
| clock_path_min_buffer     | 7                                                 |
| clock_path_max_buffer     | 8                                                 |
| max_level_of_clock_tree   | 8                                                 |
| design_units              | 1000 DBU/um                                       |
| statistics_reports        | wirelength.rpt, cell_stats.rpt, lib_cell_dist.rpt |
+---------------------------+---------------------------------------------------+
I0606 15:55:26.500500 2116062 SchemaScope.cc:312] [Evaluation][FINISHED] Evaluate CTS clock tree: status=finished, elapsed_time=0.051 s
I0606 15:55:26.500528 2116062 SchemaScope.cc:275] [CTS][RUNNING] Main CTS flow finished
I0606 15:55:26.500536 2116062 SchemaScope.cc:312] [CTS][FINISHED] Clock tree synthesis API flow: status=finished, elapsed_time=23.427 s
I0606 15:55:26.500553 2116062 Schema.cc:485] 
I0606 15:55:26.500556 2116062 Schema.cc:486] ========================= CTS Runtime Overview =========================
+---------------+----------+------------------+----------------------+
| Stage         | Status   | Elapsed Time (s) | Peak VMem Delta (MB) |
+---------------+----------+------------------+----------------------+
| read_data     | finished | 12.399           | 1469.488             |
| synthesis     | finished | 10.265           | 3442.400             |
| optimization  | finished | 0.595            | 0.000                |
| instantiation | finished | 0.101            | 0.000                |
| evaluation    | finished | 0.052            | 0.000                |
| total         | finished | 23.427           | 4911.888             |
+---------------+----------+------------------+----------------------+
I0606 15:55:26.500594 2116062 Schema.cc:492] 
I0606 15:55:26.500597 2116062 Schema.cc:493] =========================== CTS Key Results ============================
+--------------------------------+---------------+
| Field                          | Value         |
+--------------------------------+---------------+
| status                         | finished      |
| clock_count                    | 1             |
| sink_count                     | 8751          |
| sink_domain_count              | 1             |
| selected_htree_level_count     | 11            |
| selected_htree_depth           | 11            |
| htree_inserted_buffer_count    | 806           |
| final_clock_buffer_count       | 2996          |
| final_buffer_area              | 8537.760 um^2 |
| max_clock_net_wirelength       | 359.608 um    |
| total_clock_network_wirelength | 61790.733 um  |
| elapsed_time                   | 23.427 s      |
| peak_vmem_delta                | 4911.888 MB   |
+--------------------------------+---------------+
I0606 15:55:26.500648 2116062 tcl_cts.cpp:60] iCTS run successfully.
I0606 15:55:26.587245 2116062 verilog_write.cpp:59] start write verilog file ./result/iCTS_result.v
I0606 15:55:26.935159 2116062 verilog_write.cpp:77] finish write verilog file ./result/iCTS_result.v
I0606 15:55:27.013852 2116062 SchemaScope.cc:227] 
I0606 15:55:27.013867 2116062 SchemaScope.cc:228] [Report][START] Emit CTS statistics and visualization reports
I0606 15:55:27.013891 2116062 Schema.cc:492] 
I0606 15:55:27.013895 2116062 Schema.cc:493] =========================== CTS Report Mode ============================
+-------+------------------------+
| Field | Value                  |
+-------+------------------------+
| mode  | reuse_evaluation_state |
+-------+------------------------+
I0606 15:55:27.209744 2116062 Schema.cc:485] 
I0606 15:55:27.209757 2116062 Schema.cc:486] ====================== CTS Visualization Reports =======================
+-----------------+------------------------------------------------+-------------+-----------+-----------+
| Report          | Path                                           | View        | Status    | Detail    |
+-----------------+------------------------------------------------+-------------+-----------+-----------+
| cts_design.svg  | ./result/cts/visualization/svg/cts_design.svg  | svg/design  | generated | generated |
| cts_flyline.svg | ./result/cts/visualization/svg/cts_flyline.svg | svg/flyline | generated | generated |
+-----------------+------------------------------------------------+-------------+-----------+-----------+
I0606 15:55:27.317540 2116062 Schema.cc:485] 
I0606 15:55:27.317553 2116062 Schema.cc:486] =========================== CTS GDS Reports ============================
+-----------------+------------------------------------------------+-------------+-----------+
| Report          | Path                                           | View        | Status    |
+-----------------+------------------------------------------------+-------------+-----------+
| cts_design.gds  | ./result/cts/visualization/gds/cts_design.gds  | gds/design  | generated |
| cts_design.lyp  | ./result/cts/visualization/gds/cts_design.lyp  | lyp/design  | generated |
| cts_flyline.gds | ./result/cts/visualization/gds/cts_flyline.gds | gds/flyline | generated |
| cts_flyline.lyp | ./result/cts/visualization/gds/cts_flyline.lyp | lyp/flyline | generated |
+-----------------+------------------------------------------------+-------------+-----------+
I0606 15:55:27.320204 2116062 SchemaScope.cc:203] 
I0606 15:55:27.320214 2116062 SchemaScope.cc:204] ========================== CTS Report Runtime ==========================
+--------+----------+------------------+----------------------+
| Stage  | Status   | Elapsed Time (s) | Peak VMem Delta (MB) |
+--------+----------+------------------+----------------------+
| report | finished | 0.306            | 0.000                |
+--------+----------+------------------+----------------------+
I0606 15:55:27.320236 2116062 SchemaScope.cc:312] [Report][FINISHED] Emit CTS statistics and visualization reports: status=finished, statistics_status=finished, visualization_status=finished, gds_status=finished, elapsed_time=0.306 s
	Command being timed: "./iEDA -script ./script/iCTS_script/run_iCTS_dev.tcl"
	User time (seconds): 24.13
	System time (seconds): 2.10
	Percent of CPU this job got: 99%
	Elapsed (wall clock) time (h:mm:ss or m:ss): 0:26.26
	Average shared text size (kbytes): 0
	Average unshared data size (kbytes): 0
	Average stack size (kbytes): 0
	Average total size (kbytes): 0
	Maximum resident set size (kbytes): 5275192
	Average resident set size (kbytes): 0
	Major (requiring I/O) page faults: 0
	Minor (reclaiming a frame) page faults: 1440064
	Voluntary context switches: 10
	Involuntary context switches: 2505
	Swaps: 0
	File system inputs: 0
	File system outputs: 68088
	Socket messages sent: 0
	Socket messages received: 0
	Signals delivered: 0
	Page size (bytes): 4096
	Exit status: 0
