WARNING: Kernel address maps (/proc/{kallsyms,modules}) are restricted,
check /proc/sys/kernel/kptr_restrict and /proc/sys/kernel/perf_event_paranoid.

Samples in kernel functions may not be resolved if a suitable vmlinux
file is not found in the buildid cache or in the vmlinux path.

Samples in kernel modules won't be resolved at all.

If some relocation was applied (e.g. kexec) symbols may be misresolved
even with a suitable vmlinux or kallsyms file.

Couldn't record kernel reference relocation symbol
Symbol resolution may be skewed if relocation was used (e.g. kexec).
Check /proc/kallsyms permission or run as root.
WARNING: Logging before InitGoogleLogging() is written to STDERR
I0606 14:22:27.633229 1883369 Setup.cc:85] Generate the report at 2026-06-06T14:22:27
I0606 14:22:27.633378 1883369 Schema.cc:485] 
I0606 14:22:27.633383 1883369 Schema.cc:486] ====================== Runtime Routing / Wire RC =======================
+----------------------+-----------------------+------------------------------------------------------+
| Item                 | Value                 | Detail                                               |
+----------------------+-----------------------+------------------------------------------------------+
| routing_setup_source | Runtime Configuration | routing layer and wire width are reported once there |
| query_length         | 1.0000 um             | single-unit probe length                             |
| unit_resistance      | 914.000 uOhm/um       | derived from Wrapper::queryWireResistance            |
| unit_capacitance     | 1.383e-04 pF/um       | derived from Wrapper::queryWireCapacitance           |
| status               | ok                    | positive finite unit RC                              |
+----------------------+-----------------------+------------------------------------------------------+
I0606 14:22:27.633424 1883369 SchemaScope.cc:227] 
I0606 14:22:27.633428 1883369 SchemaScope.cc:228] [CTS][START] Clock tree synthesis API flow
I0606 14:22:27.633452 1883369 SchemaScope.cc:227] 
I0606 14:22:27.633456 1883369 SchemaScope.cc:228] [CTSReadData][START] Read CTS clock data
I0606 14:22:27.633524 1883369 SdcClockReader.cc:83] SdcClockReader: parsed 1 clock declaration(s) and 0 case-analysis record(s) from /home/liweiguo/project/ecc-tools-dev/scripts/design/ics55_dev/default.sdc
I0606 14:22:27.634305 1883369 LibParserCpp.cc:1265] load liberty file /home/liweiguo/PDK/icsprout55-pdk/IP/STD_cell/ics55_LLSC_H7C_V1p10C100/ics55_LLSC_H7CL/liberty/ics55_LLSC_H7CL_ss_rcworst_1p08_125_nldm.lib
I0606 14:22:30.452018 1883369 LibParserCpp.cc:1274] load liberty file /home/liweiguo/PDK/icsprout55-pdk/IP/STD_cell/ics55_LLSC_H7C_V1p10C100/ics55_LLSC_H7CL/liberty/ics55_LLSC_H7CL_ss_rcworst_1p08_125_nldm.lib success.
I0606 14:22:30.452032 1883369 LibParserCpp.cc:1284] link liberty file /home/liweiguo/PDK/icsprout55-pdk/IP/STD_cell/ics55_LLSC_H7C_V1p10C100/ics55_LLSC_H7CL/liberty/ics55_LLSC_H7CL_ss_rcworst_1p08_125_nldm.lib start.
I0606 14:22:30.452183 1883369 LibParserCpp.cc:637] unkown attri name: voltage_map in /home/liweiguo/PDK/icsprout55-pdk/IP/STD_cell/ics55_LLSC_H7C_V1p10C100/ics55_LLSC_H7CL/liberty/ics55_LLSC_H7CL_ss_rcworst_1p08_125_nldm.lib line no 28
I0606 14:22:32.812160 1883369 LibParserCpp.cc:1290] link liberty file /home/liweiguo/PDK/icsprout55-pdk/IP/STD_cell/ics55_LLSC_H7C_V1p10C100/ics55_LLSC_H7CL/liberty/ics55_LLSC_H7CL_ss_rcworst_1p08_125_nldm.lib success.
I0606 14:22:32.812357 1883369 LibParserCpp.cc:1265] load liberty file /home/liweiguo/PDK/icsprout55-pdk/IP/STD_cell/ics55_LLSC_H7C_V1p10C100/ics55_LLSC_H7CR/liberty/ics55_LLSC_H7CR_ss_rcworst_1p08_125_nldm.lib
I0606 14:22:35.617460 1883369 LibParserCpp.cc:1274] load liberty file /home/liweiguo/PDK/icsprout55-pdk/IP/STD_cell/ics55_LLSC_H7C_V1p10C100/ics55_LLSC_H7CR/liberty/ics55_LLSC_H7CR_ss_rcworst_1p08_125_nldm.lib success.
I0606 14:22:35.617475 1883369 LibParserCpp.cc:1284] link liberty file /home/liweiguo/PDK/icsprout55-pdk/IP/STD_cell/ics55_LLSC_H7C_V1p10C100/ics55_LLSC_H7CR/liberty/ics55_LLSC_H7CR_ss_rcworst_1p08_125_nldm.lib start.
I0606 14:22:37.980813 1883369 LibParserCpp.cc:1290] link liberty file /home/liweiguo/PDK/icsprout55-pdk/IP/STD_cell/ics55_LLSC_H7C_V1p10C100/ics55_LLSC_H7CR/liberty/ics55_LLSC_H7CR_ss_rcworst_1p08_125_nldm.lib success.
I0606 14:22:37.981045 1883369 WrapperLiberty.cc:451] Wrapper: loaded 2 Liberty file(s) for CTS queries.
I0606 14:22:38.074579 1883369 Schema.cc:485] 
I0606 14:22:38.074595 1883369 Schema.cc:486] ========================= Clock Trace Overview =========================
+------------+---------+--------------+-------+----------+------------------------+---------------+--------------+----------------+------------+------------------------------+
| Clock      | Kind    | Master Clock | Net   | Status   | Dominance              | Target Kind   | Seq CK Sinks | Macro CK Sinks | Trace Path | Reason                       |
+------------+---------+--------------+-------+----------+------------------------+---------------+--------------+----------------+------------+------------------------------+
| core_clock | primary | self         | clk_i | accepted | owned_by_primary_clock | sequential_ck | 8751         | 0              | clk_i      | sdc_reachable_clock_sink_net |
+------------+---------+--------------+-------+----------+------------------------+---------------+--------------+----------------+------------+------------------------------+
I0606 14:22:38.074636 1883369 Schema.cc:485] 
I0606 14:22:38.074640 1883369 Schema.cc:486] ===================== SDC Clock Ownership Overview =====================
+------------+---------+--------------+-----------------+------------+-----------------+--------------+----------------+
| Clock      | Kind    | Master Clock | SDC Target Nets | Owned Nets | CTS Target Nets | Seq CK Sinks | Macro CK Sinks |
+------------+---------+--------------+-----------------+------------+-----------------+--------------+----------------+
| core_clock | primary | self         | clk_i           | clk_i      | clk_i           | 8751         | 0              |
+------------+---------+--------------+-----------------+------------+-----------------+--------------+----------------+
I0606 14:22:38.074653 1883369 Schema.cc:485] 
I0606 14:22:38.074656 1883369 Schema.cc:486] ======================= Unowned Clock-like Nets ========================
+-----+-----------+-------------+--------------+----------------+----------------------------+
| Net | Dominance | Target Kind | Seq CK Sinks | Macro CK Sinks | Reason                     |
+-----+-----------+-------------+--------------+----------------+----------------------------+
| n/a | none      | n/a         | 0            | 0              | no_unowned_clock_like_nets |
+-----+-----------+-------------+--------------+----------------+----------------------------+
I0606 14:22:38.074676 1883369 ClockTraceResolver.cc:200] ClockTraceResolver: accepted 1 CTS clock target net(s) from 1 SDC clock declaration(s); reported 0 unowned clock-like net(s).
I0606 14:22:38.121513 1883369 Schema.cc:485] 
I0606 14:22:38.121527 1883369 Schema.cc:486] =================== CTS Inst Classification Summary ====================
+-----------------+------------------------------+-------+
| Role            | Reason                       | Count |
+-----------------+------------------------------+-------+
| sequential_sink | liberty_sequential_clock_pin | 8751  |
+-----------------+------------------------------+-------+
I0606 14:22:38.121591 1883369 Schema.cc:485] 
I0606 14:22:38.121595 1883369 Schema.cc:486] ===================== Clock Distribution Overview ======================
+------------+------+-------------+----------------+-------------+---------------+
| Clock      | Nets | Total Sinks | FlipFlop Sinks | Macro Sinks | No-Inst Sinks |
+------------+------+-------------+----------------+-------------+---------------+
| core_clock | 1    | 8751        | 8751           | 0           | 0             |
| TOTAL      | 1    | 8751        | 8751           | 0           | 0             |
+------------+------+-------------+----------------+-------------+---------------+
I0606 14:22:38.121620 1883369 Schema.cc:492] 
I0606 14:22:38.121623 1883369 Schema.cc:493] ========================== ReadData Overview ===========================
+---------------------+----------+
| Field               | Value    |
+---------------------+----------+
| clock_source        | sdc      |
| status              | finished |
| sdc_declared_clocks | 1        |
| added_clock_nets    | 1        |
| total_clock_nets    | 1        |
+---------------------+----------+
I0606 14:22:38.121680 1883369 SchemaScope.cc:312] [CTSReadData][FINISHED] Read CTS clock data: status=finished, elapsed_time=10.488 s
I0606 14:22:38.121717 1883369 SchemaScope.cc:227] 
I0606 14:22:38.121721 1883369 SchemaScope.cc:228] [CTSFlow][START] Run CTS synthesis flow
I0606 14:22:38.176537 1883369 SchemaScope.cc:227] 
I0606 14:22:38.176545 1883369 SchemaScope.cc:228] [Topology][START] Prepare sink loads
I0606 14:22:38.180341 1883369 FastClustering.cc:152] Fast clustering collect entries: input_loads=8751, valid_entries=8751, elapsed_time=0.000 s
I0606 14:22:38.189671 1883369 FastClustering.cc:162] Fast clustering recursive partition: entries=8751, drafts=2189, avg_fanout=3.998, fanout_histogram=3=5,4=2184, elapsed_time=0.009 s
I0606 14:22:38.193941 1883369 FastClusteringPolish.cc:114] Fast clustering merge polish round 0: active_before=2189, active_after=2189, attempted_clusters=0, merges=0, changed=false, elapsed_time=0.004 s
I0606 14:22:38.199350 1883369 FastClusteringBoundaryPolish.cc:148] Fast clustering boundary polish round 0: active_sources=2189, selected_sources=698, considered_sources=698, moved_loads=2, min_moves_for_next_round=16, changed=true, order_elapsed_time=0.003 s, search_elapsed_time=0.002 s, elapsed_time=0.005 s
I0606 14:22:38.199388 1883369 FastClusteringPolish.cc:127] Fast clustering boundary polish: active_before=2189, active_after=2189, elapsed_time=0.005 s
I0606 14:22:38.199394 1883369 FastClusteringPolish.cc:133] Fast clustering polish done: active_clusters=2189, merge_attempted_clusters=0, total_merges=0, merge_elapsed_time=0.004 s, boundary_elapsed_time=0.005 s, total_elapsed_time=0.010 s
I0606 14:22:38.199400 1883369 FastClustering.cc:170] Fast clustering polish: drafts=2189, avg_fanout=3.998, fanout_histogram=3=5,4=2184, elapsed_time=0.010 s
I0606 14:22:39.547540 1883369 FastClustering.cc:184] Fast clustering finalize: clusters=2189, assigned_loads=8751, avg_fanout=3.998, fanout_histogram=3=5,4=2184, elapsed_time=1.348 s
I0606 14:22:39.547573 1883369 FastClustering.cc:188] Fast clustering done: loads=8751, clusters=2189, avg_fanout=3.998, total_elapsed_time=1.367 s, strategy=recursive_spatial_bisect
I0606 14:22:39.549958 1883369 SchemaScope.cc:312] [Topology][FINISHED] Prepare sink loads: status=finished, htree_sinks=2189, cluster_buffers=2189, elapsed_time=1.373 s
I0606 14:22:39.550545 1883369 SchemaScope.cc:227] 
I0606 14:22:39.550549 1883369 SchemaScope.cc:228] [Topology][START] Build downstream HTree
I0606 14:22:39.550567 1883369 SchemaScope.cc:227] 
I0606 14:22:39.550570 1883369 SchemaScope.cc:228] [HTree][START] build
I0606 14:22:39.550580 1883369 SchemaScope.cc:227] 
I0606 14:22:39.550583 1883369 SchemaScope.cc:228] [TopologyGen][START] Build H-tree topology for 2189 loads
I0606 14:22:39.550625 1883369 Schema.cc:492] 
I0606 14:22:39.550629 1883369 Schema.cc:493] ================ TopologyGen Load Distribution Summary =================
+---------------------------+------------------------+
| Field                     | Value                  |
+---------------------------+------------------------+
| load_count (local buffer) | 2189                   |
| bbox_min                  | (11400, 15050)         |
| bbox_max                  | (504450, 506450)       |
| span_width_height         | 493.050 x 491.400 um   |
| area                      | 242284.770 um^2        |
| sqrt_area                 | 492.224 um             |
| half_perimeter            | 492.225 um             |
| center                    | (282939.77, 289751.80) |
| median                    | (295500, 302751)       |
+---------------------------+------------------------+
I0606 14:22:39.550678 1883369 SchemaScope.cc:275] [TopologyGen][RUNNING] Embed coordinates and balance topology
I0606 14:22:39.575937 1883369 Schema.cc:492] 
I0606 14:22:39.575945 1883369 Schema.cc:493] ================ TopologyGen Root-To-Leaf Path Summary =================
+--------------------+------------+
| Field              | Value      |
+--------------------+------------+
| min_path_length    | 512.027 um |
| max_path_length    | 604.792 um |
| avg_path_length    | 562.445 um |
| valid_leaf_paths   | 2048       |
| invalid_leaf_paths | 0          |
+--------------------+------------+
I0606 14:22:39.575965 1883369 Schema.cc:492] 
I0606 14:22:39.575968 1883369 Schema.cc:493] =================== TopologyGen HTree Shape Summary ====================
+-------------+--------+
| Field       | Value  |
+-------------+--------+
| nodes       | 4095   |
| depth       | 11     |
| leaf_count  | 2048   |
| root_policy | median |
+-------------+--------+
I0606 14:22:39.575985 1883369 SchemaScope.cc:312] [TopologyGen][FINISHED] Build H-tree topology for 2189 loads: status=finished, nodes=4095, depth=11, leaf_count=2048, clock_name=core_clock, clock_net_name=clk_i, sink_domain=regular, stage=downstream_htree, root_policy=median, elapsed_time=0.025 s
I0606 14:22:39.576025 1883369 SchemaScope.cc:275] [HTree][RUNNING] characterization
I0606 14:22:39.576097 1883369 Schema.cc:485] 
I0606 14:22:39.576100 1883369 Schema.cc:486] =================== HTree Characterization Grid Plan ===================
+------------------------------+-----------------------------------+----------------------------------------------------------------------------------------------------+
| Item                         | Value                             | Detail                                                                                             |
+------------------------------+-----------------------------------+----------------------------------------------------------------------------------------------------+
| source                       | auto_derived                      | auto-derived from topology level lengths                                                           |
| resolved_wirelength_unit     | 23.5178 um                        | effective unit for the adapted characterization grid                                               |
| requested_level_lengths      | 12                                | average parent-child segment length per topology level plus caller-supplied source-to-root lengths |
| required_covering_iterations | 12                                | cover all topology level lengths under the resolved CharBuilder unit                               |
| direct_characterization_bins | 3                                 | direct-char bins after runtime cap                                                                 |
| distinct_level_bins          | 5                                 | aligned-length bins under resolved setup                                                           |
| decision_flags               | missing_config+direct_bins_capped | auto-derivation/adaptation trigger flags                                                           |
+------------------------------+-----------------------------------+----------------------------------------------------------------------------------------------------+
I0606 14:22:39.576138 1883369 SchemaScope.cc:227] 
I0606 14:22:39.576141 1883369 SchemaScope.cc:228] [CharBuilder][START] initialization
I0606 14:22:39.576162 1883369 Schema.cc:485] 
I0606 14:22:39.576165 1883369 Schema.cc:486] ========================== CharBuilder Setup ===========================
+-------------------+---------------------------+----------------------------------+
| Parameter         | Value                     | Source                           |
+-------------------+---------------------------+----------------------------------+
| wirelength_points | 3                         | HTree Characterization Grid Plan |
| routing_rc        | Runtime Routing / Wire RC | CharBuilderInput                 |
| buffer_count      | 4                         | resolved_buffers                 |
+-------------------+---------------------------+----------------------------------+
I0606 14:22:39.576203 1883369 Schema.cc:485] 
I0606 14:22:39.576206 1883369 Schema.cc:486] ====================== CharBuilder Sorted Buffers ======================
+-------+-------------+-----------+-----------+
| Index | Cell Master | Max Cap   | Input Cap |
+-------+-------------+-----------+-----------+
| 0     | BUFX8H7L    | 0.1922 pF | 0.0018 pF |
| 1     | BUFX12H7L   | 0.2909 pF | 0.0027 pF |
| 2     | BUFX16H7L   | 0.3848 pF | 0.0030 pF |
| 3     | BUFX20H7L   | 0.4817 pF | 0.0040 pF |
+-------+-------------+-----------+-----------+
I0606 14:22:39.576222 1883369 SchemaScope.cc:312] [CharBuilder][FINISHED] initialization: status=finished, buffers=4, wirelengths=3, slews=10, loads=10, elapsed_time=0.000 s
I0606 14:22:39.576241 1883369 SchemaScope.cc:227] 
I0606 14:22:39.576244 1883369 SchemaScope.cc:228] [CharBuilder][START] build
I0606 14:22:39.576249 1883369 SchemaScope.cc:275] [CharBuilder][RUNNING] wirelength=23.5178 um
I0606 14:22:39.577088 1883369 CharBuildOrchestrator.cc:156] CharBuilder: [RUNNING] wirelength=23.5178 um, generated_chars=470, generated_patterns=5, feasible_patterns=5, skipped_patterns=0, executed_sta_samples=490, skipped_sta_samples=10, output_slew_overflow_samples=20, driven_cap_overflow_samples=10, driven_cap_overflow_load_points=1
I0606 14:22:39.577095 1883369 SchemaScope.cc:275] [CharBuilder][RUNNING] wirelength=47.0357 um
I0606 14:22:39.580849 1883369 CharBuildOrchestrator.cc:156] CharBuilder: [RUNNING] wirelength=47.0357 um, generated_chars=1770, generated_patterns=19, feasible_patterns=19, skipped_patterns=0, executed_sta_samples=1890, skipped_sta_samples=10, output_slew_overflow_samples=120, driven_cap_overflow_samples=10, driven_cap_overflow_load_points=1
I0606 14:22:39.580858 1883369 SchemaScope.cc:275] [CharBuilder][RUNNING] wirelength=70.5535 um
I0606 14:22:39.587582 1883369 CharStaSampler.cc:85] CharBuilder: wirelength=70.5535 um progress 32/63 patterns (feasible=32, skipped=0, executed_sta_samples=3190, skipped_sta_samples=10)
I0606 14:22:39.596313 1883369 CharBuildOrchestrator.cc:156] CharBuilder: [RUNNING] wirelength=70.5535 um, generated_chars=5790, generated_patterns=63, feasible_patterns=63, skipped_patterns=0, executed_sta_samples=6290, skipped_sta_samples=10, output_slew_overflow_samples=500, driven_cap_overflow_samples=10, driven_cap_overflow_load_points=1
I0606 14:22:39.596385 1883369 Schema.cc:502] CharBuilder: output slew overflow occurred during characterization; samples were capped to the configured slew lattice.
I0606 14:22:39.596421 1883369 SchemaScope.cc:312] [CharBuilder][FINISHED] build: status=finished, segment_chars=8030, patterns=87, elapsed_time=0.020 s
I0606 14:22:39.596549 1883369 SchemaScope.cc:227] 
I0606 14:22:39.596552 1883369 SchemaScope.cc:228] [HTree][START] Synthesize segment frontiers
I0606 14:22:39.879338 1883369 SchemaScope.cc:312] [HTree][FINISHED] Synthesize segment frontiers: status=finished, length_sets=5, frontier_entries=21607, elapsed_time=0.282 s
I0606 14:22:39.879791 1883369 SchemaScope.cc:227] 
I0606 14:22:39.879923 1883369 SchemaScope.cc:228] [HTree][START] Search topology depth candidates
I0606 14:22:39.880070 1883369 SchemaScope.cc:227] 
I0606 14:22:39.880075 1883369 SchemaScope.cc:228] [HTreeDepth][START] Build pattern frontier
I0606 14:22:40.385370 1883369 SchemaScope.cc:227] 
I0606 14:22:40.385459 1883369 SchemaScope.cc:228] [HTreeDepth][START] Apply root-driver compensation
E0606 14:22:40.385533 1883369 Lib.cc:292] Warning: val outside table ranges:  val = 0; min_val = 0.0121961; max_val = 0.795659
E0606 14:22:40.385556 1883369 Lib.cc:292] Warning: val outside table ranges:  val = 0; min_val = 0.0121961; max_val = 0.795659
E0606 14:22:40.385563 1883369 Lib.cc:292] Warning: val outside table ranges:  val = 0; min_val = 0.0121961; max_val = 0.795659
E0606 14:22:40.385571 1883369 Lib.cc:292] Warning: val outside table ranges:  val = 0; min_val = 0.0121961; max_val = 0.795659
E0606 14:22:40.385586 1883369 Lib.cc:292] Warning: val outside table ranges:  val = 0; min_val = 0.0121961; max_val = 0.795659
E0606 14:22:40.385591 1883369 Lib.cc:292] Warning: val outside table ranges:  val = 0; min_val = 0.0121961; max_val = 0.795659
E0606 14:22:40.385597 1883369 Lib.cc:292] Warning: val outside table ranges:  val = 0; min_val = 0.0121961; max_val = 0.795659
E0606 14:22:40.385602 1883369 Lib.cc:292] Warning: val outside table ranges:  val = 0; min_val = 0.0121961; max_val = 0.795659
E0606 14:22:40.385623 1883369 Lib.cc:292] Warning: val outside table ranges:  val = 0; min_val = 0.0121961; max_val = 0.795659
E0606 14:22:40.385630 1883369 Lib.cc:292] Warning: val outside table ranges:  val = 0; min_val = 0.0121961; max_val = 0.795659
I0606 14:22:40.429597 1883369 SchemaScope.cc:312] [HTreeDepth][FINISHED] Apply root-driver compensation: status=finished, compensated_candidates=96693, strict_boundary_closure=true, strict_slew_boundary_closure=true, boundary_input_candidates=108025, boundary_closed_candidates=96693, boundary_rejected_candidates=11332, cap_bucket_mismatches=0, slew_bucket_mismatches=11332, invalid_compensations=0, unique_direct_lookups=28, direct_cache_hits=107997, load_resolutions=1320, load_resolution_cache_hits=106705, flute_route_estimates=1320, hpwl_route_estimates=0, elapsed_time=0.044 s
I0606 14:22:40.441248 1883369 SchemaScope.cc:312] [HTreeDepth][FINISHED] Build pattern frontier: status=finished, frontier_entries=76261, topology_patterns=120393, elapsed_time=0.561 s
I0606 14:22:40.441793 1883369 SchemaScope.cc:227] 
I0606 14:22:40.441800 1883369 SchemaScope.cc:228] [HTreeDepth][START] Filter sink-load region
I0606 14:22:40.501197 1883369 SchemaScope.cc:312] [HTreeDepth][FINISHED] Filter sink-load region: status=finished, feasible_frontier_entries=52140, elapsed_time=0.059 s
I0606 14:22:40.514990 1883369 SchemaScope.cc:227] 
I0606 14:22:40.514997 1883369 SchemaScope.cc:228] [HTreeDepth][START] Build pattern frontier
I0606 14:22:40.882931 1883369 SchemaScope.cc:227] 
I0606 14:22:40.883002 1883369 SchemaScope.cc:228] [HTreeDepth][START] Apply root-driver compensation
I0606 14:22:40.916339 1883369 SchemaScope.cc:312] [HTreeDepth][FINISHED] Apply root-driver compensation: status=finished, compensated_candidates=94465, strict_boundary_closure=true, strict_slew_boundary_closure=true, boundary_input_candidates=103960, boundary_closed_candidates=94465, boundary_rejected_candidates=9495, cap_bucket_mismatches=0, slew_bucket_mismatches=9495, invalid_compensations=0, unique_direct_lookups=0, direct_cache_hits=103960, load_resolutions=0, load_resolution_cache_hits=103960, flute_route_estimates=0, hpwl_route_estimates=0, elapsed_time=0.033 s
I0606 14:22:40.927430 1883369 SchemaScope.cc:312] [HTreeDepth][FINISHED] Build pattern frontier: status=finished, frontier_entries=75585, topology_patterns=113731, elapsed_time=0.412 s
I0606 14:22:40.927789 1883369 SchemaScope.cc:227] 
I0606 14:22:40.927794 1883369 SchemaScope.cc:228] [HTreeDepth][START] Filter sink-load region
I0606 14:22:40.955565 1883369 SchemaScope.cc:312] [HTreeDepth][FINISHED] Filter sink-load region: status=finished, feasible_frontier_entries=0, elapsed_time=0.027 s
I0606 14:22:40.955714 1883369 SchemaScope.cc:227] 
I0606 14:22:40.955718 1883369 SchemaScope.cc:228] [HTreeDepth][START] Build pattern frontier
I0606 14:22:41.288517 1883369 SchemaScope.cc:227] 
I0606 14:22:41.288579 1883369 SchemaScope.cc:228] [HTreeDepth][START] Apply root-driver compensation
I0606 14:22:41.312780 1883369 SchemaScope.cc:312] [HTreeDepth][FINISHED] Apply root-driver compensation: status=finished, compensated_candidates=70918, strict_boundary_closure=true, strict_slew_boundary_closure=true, boundary_input_candidates=79235, boundary_closed_candidates=70918, boundary_rejected_candidates=8317, cap_bucket_mismatches=0, slew_bucket_mismatches=8317, invalid_compensations=0, unique_direct_lookups=0, direct_cache_hits=79235, load_resolutions=0, load_resolution_cache_hits=79235, flute_route_estimates=0, hpwl_route_estimates=0, elapsed_time=0.024 s
I0606 14:22:41.321187 1883369 SchemaScope.cc:312] [HTreeDepth][FINISHED] Build pattern frontier: status=finished, frontier_entries=56874, topology_patterns=87855, elapsed_time=0.365 s
I0606 14:22:41.321617 1883369 SchemaScope.cc:227] 
I0606 14:22:41.321622 1883369 SchemaScope.cc:228] [HTreeDepth][START] Filter sink-load region
I0606 14:22:41.342463 1883369 SchemaScope.cc:312] [HTreeDepth][FINISHED] Filter sink-load region: status=finished, feasible_frontier_entries=0, elapsed_time=0.020 s
I0606 14:22:41.342619 1883369 SchemaScope.cc:227] 
I0606 14:22:41.342623 1883369 SchemaScope.cc:228] [HTreeDepth][START] Build pattern frontier
I0606 14:22:41.589036 1883369 SchemaScope.cc:227] 
I0606 14:22:41.589088 1883369 SchemaScope.cc:228] [HTreeDepth][START] Apply root-driver compensation
I0606 14:22:41.611057 1883369 SchemaScope.cc:312] [HTreeDepth][FINISHED] Apply root-driver compensation: status=finished, compensated_candidates=67328, strict_boundary_closure=true, strict_slew_boundary_closure=true, boundary_input_candidates=74140, boundary_closed_candidates=67328, boundary_rejected_candidates=6812, cap_bucket_mismatches=0, slew_bucket_mismatches=6812, invalid_compensations=0, unique_direct_lookups=0, direct_cache_hits=74140, load_resolutions=0, load_resolution_cache_hits=74140, flute_route_estimates=0, hpwl_route_estimates=0, elapsed_time=0.022 s
I0606 14:22:41.619089 1883369 SchemaScope.cc:312] [HTreeDepth][FINISHED] Build pattern frontier: status=finished, frontier_entries=54768, topology_patterns=80778, elapsed_time=0.276 s
I0606 14:22:41.619308 1883369 SchemaScope.cc:227] 
I0606 14:22:41.619313 1883369 SchemaScope.cc:228] [HTreeDepth][START] Filter sink-load region
I0606 14:22:41.638859 1883369 SchemaScope.cc:312] [HTreeDepth][FINISHED] Filter sink-load region: status=finished, feasible_frontier_entries=0, elapsed_time=0.019 s
I0606 14:22:41.639204 1883369 SchemaScope.cc:312] [HTree][FINISHED] Search topology depth candidates: status=finished, evaluated_depths=4, global_feasible_refs=391, global_candidate_refs=0, compensated_candidates=329404, elapsed_time=1.759 s
I0606 14:22:41.639221 1883369 SchemaScope.cc:227] 
I0606 14:22:41.639225 1883369 SchemaScope.cc:228] [HTree][START] Filter global sink-load coverage
I0606 14:22:41.639288 1883369 SchemaScope.cc:312] [HTree][FINISHED] Filter global sink-load coverage: status=finished, covered_feasible_refs=391, covered_candidate_refs=0, first_feasible_failure=none, first_candidate_failure=none, elapsed_time=0.000 s
I0606 14:22:41.639302 1883369 SchemaScope.cc:227] 
I0606 14:22:41.639304 1883369 SchemaScope.cc:228] [HTree][START] Select global topology
I0606 14:22:41.639361 1883369 SchemaScope.cc:312] [HTree][FINISHED] Select global topology: status=finished, feasible_pareto_refs=391, candidate_pareto_refs=0, selected_from=strict_feasible, elapsed_time=0.000 s
I0606 14:22:41.639415 1883369 SchemaScope.cc:227] 
I0606 14:22:41.639417 1883369 SchemaScope.cc:228] [HTree][START] Resolve selected sink-load legality
I0606 14:22:41.639429 1883369 SchemaScope.cc:312] [HTree][FINISHED] Resolve selected sink-load legality: status=finished, legal=true, required_leaf_load_cap_idx=1, failure_reason=none, elapsed_time=0.000 s
I0606 14:22:41.639441 1883369 SchemaScope.cc:227] 
I0606 14:22:41.639444 1883369 SchemaScope.cc:228] [HTree][START] Resolve selected root-driver compensation
I0606 14:22:41.639519 1883369 SchemaScope.cc:312] [HTree][FINISHED] Resolve selected root-driver compensation: status=finished, valid=true, cell_master=BUFX20H7L, load_cap_pf=0.044491, elapsed_time=0.000 s
I0606 14:22:41.639570 1883369 SchemaScope.cc:227] 
I0606 14:22:41.639573 1883369 SchemaScope.cc:228] [HTree][START] Build selected embedding
I0606 14:22:41.657727 1883369 SchemaScope.cc:312] [HTree][FINISHED] Build selected embedding: status=finished, inserted_insts=806, inserted_nets=806, pruned_leaf_single_load_buffers=1924, elapsed_time=0.017 s
I0606 14:22:41.657750 1883369 SchemaScope.cc:227] 
I0606 14:22:41.657753 1883369 SchemaScope.cc:228] [HTree][START] Emit synthesis summary
I0606 14:22:41.658000 1883369 SchemaScope.cc:312] [HTree][FINISHED] Emit synthesis summary: status=finished, elapsed_time=0.000 s
I0606 14:22:41.658010 1883369 SchemaScope.cc:312] [HTree][FINISHED] build: status=finished, selection_engine=discrete, elapsed_time=2.107 s
I0606 14:22:41.660142 1883369 SchemaScope.cc:312] [Topology][FINISHED] Build downstream HTree: status=finished, selected_depth=11, inserted_insts=806, inserted_nets=806, elapsed_time=2.109 s
I0606 14:22:41.660192 1883369 SchemaScope.cc:227] 
I0606 14:22:41.660197 1883369 SchemaScope.cc:228] [Topology][START] Emit cluster leaf distance report
I0606 14:22:41.660323 1883369 SchemaScope.cc:312] [Topology][FINISHED] Emit cluster leaf distance report: status=finished, cluster_leaf_pairs=2189, mean_distance_um=9.708263, elapsed_time=0.000 s
I0606 14:22:41.660338 1883369 SchemaScope.cc:227] 
I0606 14:22:41.660341 1883369 SchemaScope.cc:228] [Topology][START] Commit sink domain layout
I0606 14:22:41.688432 1883369 SchemaScope.cc:312] [Topology][FINISHED] Commit sink domain layout: status=finished, elapsed_time=0.028 s
I0606 14:22:41.689735 1883369 SchemaScope.cc:227] 
I0606 14:22:41.689741 1883369 SchemaScope.cc:228] [Topology][START] Build source trunk
I0606 14:22:41.697822 1883369 SchemaScope.cc:227] 
I0606 14:22:41.697829 1883369 SchemaScope.cc:228] [SourceTrunk][START] Dispatch source trunk synthesis
W0606 14:22:41.697872 1883369 WrapperLiberty.cc:291] Clock-source drive-cap query uses configured max_cap=0.15 pF as the hard source boundary for clk_i because source-specific Liberty cap limit is unavailable.
I0606 14:22:41.697880 1883369 SchemaScope.cc:227] 
I0606 14:22:41.697882 1883369 SchemaScope.cc:228] [SourceTrunkSegment][START] Ensure characterization
I0606 14:22:41.697893 1883369 SchemaScope.cc:312] [SourceTrunkSegment][FINISHED] Ensure characterization: status=finished, elapsed_time=0.000 s
I0606 14:22:41.697903 1883369 SchemaScope.cc:227] 
I0606 14:22:41.697906 1883369 SchemaScope.cc:228] [SourceTrunkSegment][START] Synthesize segment frontier
I0606 14:22:48.450315 1883369 SchemaScope.cc:312] [SourceTrunkSegment][FINISHED] Synthesize segment frontier: status=finished, length_sets=5, frontier_entries=16830, elapsed_time=6.751 s
I0606 14:22:48.451232 1883369 SchemaScope.cc:227] 
I0606 14:22:48.451952 1883369 SchemaScope.cc:228] [SourceTrunkSegment][START] Select segment candidate
I0606 14:22:48.453521 1883369 SchemaScope.cc:312] [SourceTrunkSegment][FINISHED] Select segment candidate: status=finished, strict_candidates=16830, relaxed_candidates=0, used_boundary_relaxation=false, selected_pattern_id=8733997, elapsed_time=0.003 s
I0606 14:22:48.453548 1883369 SchemaScope.cc:227] 
I0606 14:22:48.453552 1883369 SchemaScope.cc:228] [SourceTrunkSegment][START] Build segment objects
I0606 14:22:48.453564 1883369 SchemaScope.cc:312] [SourceTrunkSegment][FINISHED] Build segment objects: status=finished, inserted_insts=0, inserted_nets=0, elapsed_time=0.000 s
I0606 14:22:48.460515 1883369 SchemaScope.cc:312] [SourceTrunk][FINISHED] Dispatch source trunk synthesis: status=finished, stage=top_segment, inserted_insts=0, inserted_nets=0, used_boundary_relaxation=false, elapsed_time=6.762 s
I0606 14:22:48.460543 1883369 SchemaScope.cc:312] [Topology][FINISHED] Build source trunk: status=finished, stage=top_segment, inserted_insts=0, inserted_nets=0, used_boundary_relaxation=false, elapsed_time=6.771 s
I0606 14:22:48.460557 1883369 SchemaScope.cc:227] 
I0606 14:22:48.460561 1883369 SchemaScope.cc:228] [Topology][START] Commit source trunk layout
I0606 14:22:48.460621 1883369 SchemaScope.cc:312] [Topology][FINISHED] Commit source trunk layout: status=finished, elapsed_time=0.000 s
I0606 14:22:48.463820 1883369 Synthesis.cc:398] CTS clock-tree synthesis finished with 1 successful, 0 skipped, 0 failed clocks.
I0606 14:22:48.463850 1883369 Schema.cc:492] 
I0606 14:22:48.463853 1883369 Schema.cc:493] ================== CTS Clock Tree Synthesis Overview ===================
+--------------------+----------+
| Field              | Value    |
+--------------------+----------+
| status             | finished |
| total_clocks       | 1        |
| finished_clocks    | 1        |
| skipped_clocks     | 0        |
| failed_clocks      | 0        |
| total_sink_domains | 1        |
| hard_macro_sinks   | 0        |
| regular_sinks      | 8751     |
+--------------------+----------+
I0606 14:22:48.463886 1883369 Schema.cc:485] 
I0606 14:22:48.463888 1883369 Schema.cc:486] ===================== CTS Clock Tree Sink Domains ======================
+------------+-------+----------+----------------+-------------+--------------+-------------+
| Clock      | Net   | Status   | Sink Domain    | Valid Sinks | Domain Sinks | Detail      |
+------------+-------+----------+----------------+-------------+--------------+-------------+
| core_clock | clk_i | finished | regular        | 8751        | 8751         | synthesis   |
| core_clock | clk_i | finished | source_to_root | 8751        | 1            | top_segment |
+------------+-------+----------+----------------+-------------+--------------+-------------+
I0606 14:22:48.463938 1883369 SchemaScope.cc:312] [CTSFlow][FINISHED] Run CTS synthesis flow: status=finished, elapsed_time=10.342 s
I0606 14:22:48.469478 1883369 SchemaScope.cc:227] 
I0606 14:22:48.469485 1883369 SchemaScope.cc:228] [Optimization][START] Optimize synthesized CTS buffers with CTS fast STA
I0606 14:22:48.483639 1883369 Schema.cc:492] 
I0606 14:22:48.483649 1883369 Schema.cc:493] ======================== CTS Optimization Setup ========================
+------------------------+--------------------------+
| Field                  | Value                    |
+------------------------+--------------------------+
| timing_source          | cts_fast_sta_incremental |
| target_skew            | 0.0800 ns                |
| candidate_master_count | 4                        |
+------------------------+--------------------------+
I0606 14:22:48.483678 1883369 Schema.cc:492] 
I0606 14:22:48.483681 1883369 Schema.cc:493] =================== CTS Optimization Global Profile ====================
+-------------------------+----------+
| Field                   | Value    |
+-------------------------+----------+
| build_route_tree_cache  | 0.0141 s |
| cached_route_tree_count | 2997     |
+-------------------------+----------+
I0606 14:22:48.484340 1883369 FastSta.cc:178] FastSTA: start build clock context for clock "core_clock".
I0606 14:22:48.493448 1883369 FastStaBuilder.cc:63] FastStaBuilder: build clock route geometry graph for clock "core_clock" finished in 0.00910116 s, nodes=14744, nets=2997, liberty_cells=0.
I0606 14:22:48.493460 1883369 FastStaBuilder.cc:63] FastStaBuilder: apply bound environment for clock "core_clock" finished in 1.1e-07 s, nodes=14744, nets=2997, liberty_cells=0.
I0606 14:22:48.502014 1883369 FastStaBuilder.cc:63] FastStaBuilder: apply route geometry parasitics for clock "core_clock" finished in 0.00854963 s, nodes=14744, nets=2997, liberty_cells=0.
I0606 14:22:48.509469 1883369 FastStaBuilder.cc:63] FastStaBuilder: collect sink pin caps for clock "core_clock" finished in 0.00744658 s, nodes=14744, nets=2997, liberty_cells=0.
W0606 14:22:48.509479 1883369 WrapperLiberty.cc:191] Characterization query [output pin cap table-axis max] for liberty cell "DFFQX1H7L" failed: no buffer timing arcs are available; return 0.0.
W0606 14:22:48.509483 1883369 WrapperLiberty.cc:191] Characterization query [input pin slew table-axis max] for liberty cell "DFFQX1H7L" failed: no buffer timing arcs are available; return 0.0.
I0606 14:22:48.510473 1883369 FastStaBuilder.cc:63] FastStaBuilder: collect Liberty and clock timing records for clock "core_clock" finished in 0.000995808 s, nodes=14744, nets=2997, liberty_cells=3.
I0606 14:22:48.510478 1883369 FastStaBuilder.cc:196] FastStaBuilder: build clock context for clock "core_clock" finished in 0.0261343 s.
I0606 14:22:48.510480 1883369 FastSta.cc:180] FastSTA: clock context build finished in 0.0261423 s.
I0606 14:22:48.510483 1883369 FastSta.cc:58] FastSTA route geometry context: clock="core_clock", nodes=14744, nets=2997, liberty_cells=3.
I0606 14:22:48.510488 1883369 FastSta.cc:187] FastSTA: start initial timing update for clock "core_clock".
I0606 14:22:48.543680 1883369 FastSta.cc:189] FastSTA: initial timing update for clock "core_clock" finished in 0.0332022 s.
I0606 14:22:48.543704 1883369 FastSta.cc:193] FastSTA: start initial power update for clock "core_clock".
I0606 14:22:48.572822 1883369 FastSta.cc:195] FastSTA: initial power update for clock "core_clock" finished in 0.0291213 s.
I0606 14:22:48.572834 1883369 FastSta.cc:197] FastSTA: build clock context for clock "core_clock" finished in 0.0884944 s.
I0606 14:22:48.572850 1883369 OptimizationPreparation.cc:277] Optimization: start route-tree injection for clock "core_clock", dag_nets=2997, cached_route_trees=2997.
I0606 14:22:48.572854 1883369 OptimizationPreparation.cc:290] Optimization: route-tree injection start net 1/2997 "clk_i", loads=1, route_nodes=2, route_edges=1.
I0606 14:22:48.572872 1883369 OptimizationPreparation.cc:305] Optimization: route-tree injection finish net 1/2997 "clk_i" in 6.613e-06 s.
I0606 14:22:48.572876 1883369 OptimizationPreparation.cc:290] Optimization: route-tree injection start net 2/2997 "cts_flow_clk_0_core_clock_regular_downstream_net", loads=2, route_nodes=3, route_edges=2.
I0606 14:22:48.572885 1883369 OptimizationPreparation.cc:305] Optimization: route-tree injection finish net 2/2997 "cts_flow_clk_0_core_clock_regular_downstream_net" in 4.138e-06 s.
I0606 14:22:48.572887 1883369 OptimizationPreparation.cc:290] Optimization: route-tree injection start net 3/2997 "cts_flow_clk_0_core_clock_regular_cluster_sink_net_0", loads=4, route_nodes=7, route_edges=6.
I0606 14:22:48.572896 1883369 OptimizationPreparation.cc:305] Optimization: route-tree injection finish net 3/2997 "cts_flow_clk_0_core_clock_regular_cluster_sink_net_0" in 5.53e-06 s.
I0606 14:22:48.572899 1883369 OptimizationPreparation.cc:290] Optimization: route-tree injection start net 4/2997 "cts_flow_clk_0_core_clock_regular_cluster_sink_net_1", loads=4, route_nodes=7, route_edges=6.
I0606 14:22:48.572908 1883369 OptimizationPreparation.cc:305] Optimization: route-tree injection finish net 4/2997 "cts_flow_clk_0_core_clock_regular_cluster_sink_net_1" in 5.881e-06 s.
I0606 14:22:48.572912 1883369 OptimizationPreparation.cc:290] Optimization: route-tree injection start net 5/2997 "cts_flow_clk_0_core_clock_regular_cluster_sink_net_2", loads=4, route_nodes=7, route_edges=6.
I0606 14:22:48.572919 1883369 OptimizationPreparation.cc:305] Optimization: route-tree injection finish net 5/2997 "cts_flow_clk_0_core_clock_regular_cluster_sink_net_2" in 4.137e-06 s.
I0606 14:22:48.582952 1883369 OptimizationPreparation.cc:315] Optimization: route-tree injection finished for clock "core_clock" in 0.010104 s, injected_nets=2997, rc_nodes=20419, rc_edges=17422.
I0606 14:22:48.583045 1883369 OptimizationPreparation.cc:320] Optimization: start post-injection timing update for clock "core_clock".
I0606 14:22:48.613374 1883369 OptimizationPreparation.cc:324] Optimization: post-injection timing update for clock "core_clock" finished in 0.0304168 s.
I0606 14:22:48.613381 1883369 OptimizationPreparation.cc:328] Optimization: start post-injection power update for clock "core_clock".
I0606 14:22:48.642802 1883369 OptimizationPreparation.cc:332] Optimization: post-injection power update for clock "core_clock" finished in 0.0294223 s.
I0606 14:22:48.644436 1883369 Optimization.cc:257] Optimization: clock "core_clock" uses exact full-power batch solver.
I0606 14:22:48.652451 1883369 OptimizationSolver.cc:209] Optimization: solve iteration 1 starts with current_skew=0.0810936 ns, current_area=8533.28 um^2, candidates=423, total_trials=0.
I0606 14:22:48.652462 1883369 OptimizationSolver.cc:221] Optimization: start batch trial 1, candidate=1/423, edit_count=2.
I0606 14:22:48.783262 1883369 OptimizationSolver.cc:253] Optimization: batch trial progress, iteration=1, candidate=1/423, total_trials=1, trial_runtime=0.130761 s, iteration_runtime=0.130814 s, best_skew=0.0809875 ns.
I0606 14:22:48.783289 1883369 OptimizationSolver.cc:221] Optimization: start batch trial 2, candidate=2/423, edit_count=3.
I0606 14:22:48.906519 1883369 OptimizationSolver.cc:253] Optimization: batch trial progress, iteration=1, candidate=2/423, total_trials=2, trial_runtime=0.123185 s, iteration_runtime=0.254064 s, best_skew=0.0809875 ns.
I0606 14:22:48.906531 1883369 OptimizationSolver.cc:221] Optimization: start batch trial 3, candidate=3/423, edit_count=4.
I0606 14:22:49.028282 1883369 OptimizationSolver.cc:243] Optimization: target skew reached by exact batch trial, iteration=1, candidate=3/423, total_trials=3, trial_runtime=0.121716 s, iteration_runtime=0.375826 s, target_skew=0.08 ns, candidate_skew=0.0745563 ns, candidate_area=8537.76 um^2.
I0606 14:22:49.090557 1883369 OptimizationSolver.cc:394] Optimization: accepted batch 1, edit_count=4, skew=0.0745563 ns, area=8537.76 um^2, total_trials=3.
I0606 14:22:49.092289 1883369 Schema.cc:492] 
I0606 14:22:49.092294 1883369 Schema.cc:493] ==================== CTS Optimization Clock Summary ====================
+-------------------------------------+------------------------+
| Field                               | Value                  |
+-------------------------------------+------------------------+
| clock                               | core_clock             |
| runtime                             | 0.6075 s               |
| target_skew                         | 0.0800 ns              |
| initial_skew                        | 0.0811 ns              |
| optimized_skew                      | 0.0746 ns              |
| improvement                         | 0.0065 ns              |
| initial_area                        | 8533.2800 um^2         |
| optimized_area                      | 8537.7600 um^2         |
| area_delta                          | 4.4800 um^2            |
| iteration_count                     | 1                      |
| trial_count                         | 3                      |
| batch_trial_count                   | 3                      |
| accepted_batch_count                | 1                      |
| accepted_edit_count                 | 4                      |
| rejected_candidate_count            | 0                      |
| cap_rejected_count                  | 0                      |
| slew_rejected_count                 | 0                      |
| cap_legal                           | true                   |
| initial_slew_violation_count        | 0                      |
| initial_buffer_slew_violation_count | 0                      |
| initial_sink_slew_violation_count   | 0                      |
| slew_legal                          | true                   |
| slew_violation_count                | 0                      |
| buffer_slew_violation_count         | 0                      |
| sink_slew_violation_count           | 0                      |
| target_met                          | true                   |
| solve_mode                          | exact_full_power_batch |
| stop_reason                         | target_met             |
+-------------------------------------+------------------------+
I0606 14:22:49.092367 1883369 Schema.cc:485] 
I0606 14:22:49.092371 1883369 Schema.cc:486] ================= CTS Optimization Master Transitions ==================
+-----------------------+-------+
| Transition            | Count |
+-----------------------+-------+
| BUFX8H7L -> BUFX12H7L | 4     |
+-----------------------+-------+
I0606 14:22:49.092383 1883369 Schema.cc:492] 
I0606 14:22:49.092386 1883369 Schema.cc:493] ================= CTS Optimization Clock Graph Profile =================
+---------------------------+------------+
| Field                     | Value      |
+---------------------------+------------+
| clock                     | core_clock |
| node_count                | 14744      |
| net_count                 | 2997       |
| sink_count                | 8751       |
| buffer_input_count        | 2996       |
| buffer_output_count       | 2996       |
| optimizable_buffer_count  | 2996       |
| generated_candidate_count | 423        |
+---------------------------+------------+
I0606 14:22:49.092427 1883369 Schema.cc:485] 
I0606 14:22:49.092430 1883369 Schema.cc:486] ================ CTS Optimization Clock Runtime Profile ================
+-----------------------------+-------------+
| Stage                       | Runtime     |
+-----------------------------+-------------+
| build_route_tree_cache      | 0.0141 s    |
| build_fast_sta_context      | 0.0891 s    |
| inject_route_trees          | 0.0700 s    |
| collect_optimizable_buffers | 8.060e-04 s |
| collect_cap_baseline        | 1.437e-04 s |
| collect_slew_baseline       | 6.653e-04 s |
| solve_clock_total           | 0.4468 s    |
| capture_initial_state       | 3.659e-04 s |
| build_topology_index        | 0.0012 s    |
| generate_batch_candidates   | 0.0065 s    |
| batch_trial_eval            | 0.3757 s    |
| apply_accepted_batch        | 0.0622 s    |
| apply_accepted_edits        | 9.630e-04 s |
+-----------------------------+-------------+
I0606 14:22:49.092700 1883369 Schema.cc:492] 
I0606 14:22:49.092705 1883369 Schema.cc:493] ======================= CTS Optimization Summary =======================
+-----------------------+-----------+
| Field                 | Value     |
+-----------------------+-----------+
| runtime               | 0.6232 s  |
| clock_count           | 1         |
| optimized_clock_count | 1         |
| accepted_edit_count   | 4         |
| status                | optimized |
+-----------------------+-----------+
I0606 14:22:49.092721 1883369 Optimization.cc:312] CTS optimization finished with 4 accepted sizing edits across 1 clocks.
I0606 14:22:49.092758 1883369 SchemaScope.cc:312] [Optimization][FINISHED] Optimize synthesized CTS buffers with CTS fast STA: status=finished, accepted_edit_count=4, elapsed_time=0.623 s
I0606 14:22:49.103272 1883369 SchemaScope.cc:227] 
I0606 14:22:49.103281 1883369 SchemaScope.cc:228] [Instantiation][START] Instantiate synthesized CTS topology into iDB
I0606 14:22:49.203265 1883369 Schema.cc:492] 
I0606 14:22:49.203289 1883369 Schema.cc:493] ====================== CTS Instantiation Overview ======================
+----------------+---------------+
| Field          | Value         |
+----------------+---------------+
| semantic_owner | instantiation |
| status         | finished      |
| design_ready   | true          |
| clock_count    | 1             |
+----------------+---------------+
I0606 14:22:49.203348 1883369 SchemaScope.cc:312] [Instantiation][FINISHED] Instantiate synthesized CTS topology into iDB: status=finished, clock_count=1, elapsed_time=0.100 s
I0606 14:22:49.203375 1883369 SchemaScope.cc:227] 
I0606 14:22:49.203378 1883369 SchemaScope.cc:228] [Evaluation][START] Evaluate CTS clock tree
I0606 14:22:49.259022 1883369 Schema.cc:492] 
I0606 14:22:49.259032 1883369 Schema.cc:493] ======================= CTS Evaluation Overview ========================
+---------------------------+---------------------------------------------------+
| Field                     | Value                                             |
+---------------------------+---------------------------------------------------+
| qor_metric_status         | available                                         |
| physical_metric_source    | cts_clock_tree                                    |
| clock_member_buffer_count | 2996                                              |
| path_depth_metric_status  | available                                         |
| clock_path_min_buffer     | 7                                                 |
| clock_path_max_buffer     | 8                                                 |
| max_level_of_clock_tree   | 8                                                 |
| design_units              | 1000 DBU/um                                       |
| statistics_reports        | wirelength.rpt, cell_stats.rpt, lib_cell_dist.rpt |
+---------------------------+---------------------------------------------------+
I0606 14:22:49.259140 1883369 SchemaScope.cc:312] [Evaluation][FINISHED] Evaluate CTS clock tree: status=finished, elapsed_time=0.055 s
I0606 14:22:49.259172 1883369 SchemaScope.cc:275] [CTS][RUNNING] Main CTS flow finished
I0606 14:22:49.259186 1883369 SchemaScope.cc:312] [CTS][FINISHED] Clock tree synthesis API flow: status=finished, elapsed_time=21.625 s
I0606 14:22:49.259203 1883369 Schema.cc:485] 
I0606 14:22:49.259207 1883369 Schema.cc:486] ========================= CTS Runtime Overview =========================
+---------------+----------+------------------+----------------------+
| Stage         | Status   | Elapsed Time (s) | Peak VMem Delta (MB) |
+---------------+----------+------------------+----------------------+
| read_data     | finished | 10.488           | 1668.920             |
| synthesis     | finished | 10.342           | 3442.420             |
| optimization  | finished | 0.623            | 0.000                |
| instantiation | finished | 0.100            | 0.000                |
| evaluation    | finished | 0.056            | 0.000                |
| total         | finished | 21.626           | 5111.340             |
+---------------+----------+------------------+----------------------+
I0606 14:22:49.259235 1883369 Schema.cc:492] 
I0606 14:22:49.259238 1883369 Schema.cc:493] =========================== CTS Key Results ============================
+--------------------------------+---------------+
| Field                          | Value         |
+--------------------------------+---------------+
| status                         | finished      |
| clock_count                    | 1             |
| sink_count                     | 8751          |
| sink_domain_count              | 1             |
| selected_htree_level_count     | 11            |
| selected_htree_depth           | 11            |
| htree_inserted_buffer_count    | 806           |
| final_clock_buffer_count       | 2996          |
| final_buffer_area              | 8537.760 um^2 |
| max_clock_net_wirelength       | 359.608 um    |
| total_clock_network_wirelength | 61790.733 um  |
| elapsed_time                   | 21.626 s      |
| peak_vmem_delta                | 5111.340 MB   |
+--------------------------------+---------------+
I0606 14:22:49.259289 1883369 tcl_cts.cpp:60] iCTS run successfully.
I0606 14:22:49.342526 1883369 verilog_write.cpp:59] start write verilog file ./result/iCTS_result.v
I0606 14:22:49.695609 1883369 verilog_write.cpp:77] finish write verilog file ./result/iCTS_result.v
I0606 14:22:49.773514 1883369 SchemaScope.cc:227] 
I0606 14:22:49.773527 1883369 SchemaScope.cc:228] [Report][START] Emit CTS statistics and visualization reports
I0606 14:22:49.773556 1883369 Schema.cc:492] 
I0606 14:22:49.773561 1883369 Schema.cc:493] =========================== CTS Report Mode ============================
+-------+------------------------+
| Field | Value                  |
+-------+------------------------+
| mode  | reuse_evaluation_state |
+-------+------------------------+
I0606 14:22:49.971915 1883369 Schema.cc:485] 
I0606 14:22:49.971926 1883369 Schema.cc:486] ====================== CTS Visualization Reports =======================
+-----------------+------------------------------------------------+-------------+-----------+-----------+
| Report          | Path                                           | View        | Status    | Detail    |
+-----------------+------------------------------------------------+-------------+-----------+-----------+
| cts_design.svg  | ./result/cts/visualization/svg/cts_design.svg  | svg/design  | generated | generated |
| cts_flyline.svg | ./result/cts/visualization/svg/cts_flyline.svg | svg/flyline | generated | generated |
+-----------------+------------------------------------------------+-------------+-----------+-----------+
I0606 14:22:50.078146 1883369 Schema.cc:485] 
I0606 14:22:50.078159 1883369 Schema.cc:486] =========================== CTS GDS Reports ============================
+-----------------+------------------------------------------------+-------------+-----------+
| Report          | Path                                           | View        | Status    |
+-----------------+------------------------------------------------+-------------+-----------+
| cts_design.gds  | ./result/cts/visualization/gds/cts_design.gds  | gds/design  | generated |
| cts_design.lyp  | ./result/cts/visualization/gds/cts_design.lyp  | lyp/design  | generated |
| cts_flyline.gds | ./result/cts/visualization/gds/cts_flyline.gds | gds/flyline | generated |
| cts_flyline.lyp | ./result/cts/visualization/gds/cts_flyline.lyp | lyp/flyline | generated |
+-----------------+------------------------------------------------+-------------+-----------+
I0606 14:22:50.080662 1883369 SchemaScope.cc:203] 
I0606 14:22:50.080668 1883369 SchemaScope.cc:204] ========================== CTS Report Runtime ==========================
+--------+----------+------------------+----------------------+
| Stage  | Status   | Elapsed Time (s) | Peak VMem Delta (MB) |
+--------+----------+------------------+----------------------+
| report | finished | 0.307            | 0.000                |
+--------+----------+------------------+----------------------+
I0606 14:22:50.080687 1883369 SchemaScope.cc:312] [Report][FINISHED] Emit CTS statistics and visualization reports: status=finished, statistics_status=finished, visualization_status=finished, gds_status=finished, elapsed_time=0.307 s
[ perf record: Woken up 1 times to write data ]
[ perf record: Captured and wrote 0.489 MB /home/liweiguo/project/ecc-tools-dev/.trellis/tasks/06-06-profile-read-data-hotspots/artifacts/current_perf/perf.data (2372 samples) ]
	Command being timed: "perf record -F 99 -g --call-graph fp -o /home/liweiguo/project/ecc-tools-dev/.trellis/tasks/06-06-profile-read-data-hotspots/artifacts/current_perf/perf.data -- ./iEDA -script ./script/iCTS_script/run_iCTS_dev.tcl"
	User time (seconds): 22.23
	System time (seconds): 2.43
	Percent of CPU this job got: 98%
	Elapsed (wall clock) time (h:mm:ss or m:ss): 0:25.08
	Average shared text size (kbytes): 0
	Average unshared data size (kbytes): 0
	Average stack size (kbytes): 0
	Average total size (kbytes): 0
	Maximum resident set size (kbytes): 5474528
	Average resident set size (kbytes): 0
	Major (requiring I/O) page faults: 6
	Minor (reclaiming a frame) page faults: 1410255
	Voluntary context switches: 50
	Involuntary context switches: 2451
	Swaps: 0
	File system inputs: 16
	File system outputs: 69144
	Socket messages sent: 0
	Socket messages received: 0
	Signals delivered: 0
	Page size (bytes): 4096
	Exit status: 0
